
                    Nyquest Technology Co., Ltd.

NYASM 2.42

    ADDR  OPCODE/VALUE              LINE   TAG  SOURCE                   STATEMENT    

                                    1-    1     ;--------------------------------------------------------
                                    1-    2     ; File Created by SDCC : free open source ISO C Compiler 
                                    1-    3     ; Version 4.2.2 #0 (MSVC)
                                    1-    4     ;--------------------------------------------------------
                                    1-    5     ; NY8A port
                                    1-    6     ;--------------------------------------------------------
                                    1-    7     	.file	"BSP\key.c"
                                    1-    8     	list	p=NY8A054E,c=on
                                    1-    9     	#include "ny8a054e.inc"
                                    2-    1     #include "common.inc"
                                    3-    1     ;; header file for 8 bit series assembly -*- mode:asm; coding:utf-8; -*-
                                    3-    2     ;; author    Ting
                                    3-    3     ;; date      2020-12-24
                                    3-    4     ;;
                                    3-    5     ;; # constant definition
                                    3-    6     ;;
                                    3-    7     ;; ## instruction result store destination
                                    3-    8     ;;  - W: the result is stored in the ACC.
                                    3-    9     ;;  - F: the result is stored back in register.
                                    3-   10     ;; ## flag name in STATUS register
                                    3-   11     ;;  - C, DC, Z
                                    3-   12     ;;
                                    3-   13     ;; # macro define
                                    3-   14     ;;
                                    3-   15     ;; ## RETURN, used by C compiler, end of function
                                    3-   16     ;; ## PAGESEL, empty macro, maybe used by C compiler (bug?)
                                    3-   17     ;; ## BANKSEL, replace by .banksel pseudo command, empty if disable bank.
                                    3-   18     ;; ## MGOTO, replace by LGOTO (ic<=2K word) or FGOTO (ic>2K word)
                                    3-   19     ;; ## MCALL, same as above
                                    3-   20     ;;
                                    3-   21     W       EQU 0
                                    3-   21     ;W = 0
                                    3-   22     F       EQU 1
                                    3-   22     ;F = 1
                                    3-   23     C		EQU	0
                                    3-   23     ;C = 0
                                    3-   24     DC		EQU	1
                                    3-   24     ;DC = 1
                                    3-   25     Z		EQU	2
                                    3-   25     ;Z = 2
                                    3-   28     ;; common register for all series
                                    3-   29     INDF    EQU 0x00
                                    3-   29     ;INDF = 0
                                    3-   30     PCL     EQU 0x02
                                    3-   30     ;PCL = 2
                                    3-   31     STATUS  EQU 0x03
                                    3-   31     ;STATUS = 3
                                    3-   32     FSR     EQU 0x04
                                    3-   32     ;FSR = 4
                                    3-   33     PCHBUF  EQU 0x0A
                                    3-   33     ;PCHBUF = 10
                                    1-   11     ;--------------------------------------------------------
                                    1-   12     ; external declarations
                                    1-   13     ;--------------------------------------------------------
                                    1-   14     	extern	_usart_send_string
                                    1-   15     	extern	_usart_send_byte
                                    1-   16     	extern	_usart_init
                                    1-   17     	extern	_send_ble_packet
                                    1-   18     	extern	_delay_40us
                                    1-   19     	extern	_delay_us
                                    1-   20     	extern	_delay_250ms
                                    1-   21     	extern	_delay_ms
                                    1-   22     	extern	_clear_ram
                                    1-   23     	extern	_multi_16b
                                    1-   24     	extern	_T0MD
                                    1-   25     	extern	_PCON1
                                    1-   26     	extern	_CMPCR
                                    1-   27     	extern	_BODCON
                                    1-   28     	extern	_PS0CV
                                    1-   29     	extern	_APHCON
                                    1-   30     	extern	_IOSTB
                                    1-   31     	extern	_IOSTA
                                    1-   32     	extern	_PWM5RH
                                    1-   33     	extern	_PWM5DUTY
                                    1-   34     	extern	_P5CR1
                                    1-   35     	extern	_PWM4DUTY
                                    1-   36     	extern	_P4CR1
                                    1-   37     	extern	_PS3CV
                                    1-   38     	extern	_PWM3DUTY
                                    1-   39     	extern	_T3CR2
                                    1-   40     	extern	_T3CR1
                                    1-   41     	extern	_TMR3
                                    1-   42     	extern	_OSCCR
                                    1-   43     	extern	_PWM2DUTY
                                    1-   44     	extern	_P2CR1
                                    1-   45     	extern	_TBHD
                                    1-   46     	extern	_TBHP
                                    1-   47     	extern	_IRCR
                                    1-   48     	extern	_BZ1CR
                                    1-   49     	extern	_PS1CV
                                    1-   50     	extern	_PWM1DUTY
                                    1-   51     	extern	_T1CR2
                                    1-   52     	extern	_T1CR1
                                    1-   53     	extern	_TMR1
                                    1-   54     	extern	_TM34RH
                                    1-   55     	extern	_TMRH
                                    1-   56     	extern	_PCHBUF
                                    1-   57     	extern	_STATUS
                                    1-   58     	extern	_PCL
                                    1-   59     	extern	_TMR0
                                    1-   60     	extern	_INTE2bits
                                    1-   61     	extern	_RFCbits
                                    1-   62     	extern	_INTEDGbits
                                    1-   63     	extern	_AWUCONbits
                                    1-   64     	extern	_INTFbits
                                    1-   65     	extern	_INTEbits
                                    1-   66     	extern	_BPHCONbits
                                    1-   67     	extern	_ABPLCONbits
                                    1-   68     	extern	_BWUCONbits
                                    1-   69     	extern	_PCONbits
                                    1-   70     	extern	_PORTBbits
                                    1-   71     	extern	_PORTAbits
                                    1-   73     	extern PSAVE
                                    1-   74     	extern SSAVE
                                    1-   75     	extern WSAVE
                                    1-   76     	extern STK12
                                    1-   77     	extern ___STK12
                                    1-   78     	extern STK11
                                    1-   79     	extern ___STK11
                                    1-   80     	extern STK10
                                    1-   81     	extern ___STK10
                                    1-   82     	extern STK09
                                    1-   83     	extern ___STK09
                                    1-   84     	extern STK08
                                    1-   85     	extern ___STK08
                                    1-   86     	extern STK07
                                    1-   87     	extern ___STK07
                                    1-   88     	extern STK06
                                    1-   89     	extern ___STK06
                                    1-   90     	extern STK05
                                    1-   91     	extern ___STK05
                                    1-   92     	extern STK04
                                    1-   93     	extern ___STK04
                                    1-   94     	extern STK03
                                    1-   95     	extern ___STK03
                                    1-   96     	extern STK02
                                    1-   97     	extern ___STK02
                                    1-   98     	extern STK01
                                    1-   99     	extern ___STK01
                                    1-  100     	extern STK00
                                    1-  101     	extern ___STK00
                                    1-  102     ;--------------------------------------------------------
                                    1-  103     ; global declarations
                                    1-  104     ;--------------------------------------------------------
                                    1-  105     	extern	_Check_Keydown
                                    1-  106     	extern	_toggle_key
                                    1-  107     	extern	_key_init
                                    1-  108     	extern	_set_PB_low
                                    1-  109     	extern	_set_PA_low
                                    1-  110     	extern	_INTE2
                                    1-  111     	extern	_RFC
                                    1-  112     	extern	_INTEDG
                                    1-  113     	extern	_AWUCON
                                    1-  114     	extern	_INTF
                                    1-  115     	extern	_INTE
                                    1-  116     	extern	_BPHCON
                                    1-  117     	extern	_ABPLCON
                                    1-  118     	extern	_BWUCON
                                    1-  119     	extern	_PCON
                                    1-  120     	extern	_PORTB
                                    1-  121     	extern	_PORTA
                                    1-  123     ;--------------------------------------------------------
                                    1-  124     ; global definitions
                                    1-  125     ;--------------------------------------------------------
                                    1-  126     ;--------------------------------------------------------
                                    1-  127     ; absolute symbol definitions
                                    1-  128     ;--------------------------------------------------------
                                    1-  129     ;--------------------------------------------------------
                                    1-  130     ; compiler-defined variables
                                    1-  131     ;--------------------------------------------------------
                                    1-  132     .segment "uninit"
     0000                           1-  133     r0x1000:
                                    1-  134     	.res	1
                                    1-  135     .segment "uninit"
     0000                           1-  136     r0x1001:
                                    1-  137     	.res	1
                                    1-  138     ;--------------------------------------------------------
                                    1-  139     ; initialized data
                                    1-  140     ;--------------------------------------------------------
                                    1-  142     .segment "idata"
     0000                           1-  143     _Serial_Number:
     0000 0000                      1-  146     	dw	0x00	; 0
                                    1-  148     ;--------------------------------------------------------
                                    1-  149     ; initialized absolute data
                                    1-  150     ;--------------------------------------------------------
                                    1-  151     ;--------------------------------------------------------
                                    1-  152     ; overlayable items in internal ram 
                                    1-  153     ;--------------------------------------------------------
                                    1-  154     ;	udata_ovr
                                    1-  155     ;--------------------------------------------------------
                                    1-  156     ; code
                                    1-  157     ;--------------------------------------------------------
                                    1-  158     ; code_key	code
                                    1-  159     ;***
                                    1-  160     ;  pBlock Stats: dbName = C
                                    1-  161     ;***
                                    1-  162     ;has an exit
                                    1-  163     ;functions called:
                                    1-  164     ;   _delay_ms
                                    1-  165     ;   _toggle_key
                                    1-  166     ;   _delay_ms
                                    1-  167     ;   _toggle_key
                                    1-  168     ;2 compiler assigned registers:
                                    1-  169     ;   r0x1000
                                    1-  170     ;   r0x1001
                                    1-  171     ;; Starting pCode block
                                    1-  172     .segment "code"; module=key, function=_Check_Keydown
                                    1-  174     ;local variable name mapping:
     0000                           1-  177     _Check_Keydown:
                                    1-  178     ; 2 exit points
                                    1-  179     	.line	61, "BSP\key.c"; 	KeyStatus = PORTA;
     0000 01rr                      1-  180     	MOVR	_PORTA,W
                                    1-  181     	BANKSEL	r0x1000
     0001 rrrr                      3-  109 m1      .banksel ram_address
     0002 00rr                      1-  182     	MOVAR	r0x1000
                                    1-  183     	.line	62, "BSP\key.c"; 	KeyStatus = KeyStatus & 0xfc;
     0003 21FC                      1-  184     	MOVIA	0xfc
     0004 10rr                      1-  185     	ANDAR	r0x1000,F
                                    1-  186     	.line	64, "BSP\key.c"; 	if(KeyStatus != 0xfc)
     0005 01rr                      1-  187     	MOVR	r0x1000,W
     0006 24FC                      1-  188     	XORIA	0xfc
     0007 0903                      1-  189     	BTRSS	STATUS,2
                                    1-  190     	MGOTO	_02103_DS_
     0008 3rrr                      3-   62 m1      LGOTO rom_address
                                    1-  191     	MGOTO	_02040_DS_
     0009 3rrr                      3-   62 m1      LGOTO rom_address
     000A                           1-  192     _02103_DS_:
                                    1-  193     	.line	66, "BSP\key.c"; 	delay_ms(4);
     000A 2104                      1-  194     	MOVIA	0x04
                                    1-  195     	MCALL	_delay_ms
     000B 2rrr                      3-   65 m1      LCALL rom_address
                                    1-  196     	.line	67, "BSP\key.c"; 	KeyStatus = PORTA;
     000C 01rr                      1-  197     	MOVR	_PORTA,W
                                    1-  198     	BANKSEL	r0x1000
     000D rrrr                      3-  109 m1      .banksel ram_address
     000E 00rr                      1-  199     	MOVAR	r0x1000
                                    1-  200     	.line	68, "BSP\key.c"; 	KeyStatus = KeyStatus & 0xfc;
     000F 21FC                      1-  201     	MOVIA	0xfc
     0010 10rr                      1-  202     	ANDAR	r0x1000,F
                                    1-  203     	.line	69, "BSP\key.c"; 	if(KeyStatus != 0xfc)
     0011 01rr                      1-  204     	MOVR	r0x1000,W
     0012 24FC                      1-  205     	XORIA	0xfc
     0013 0903                      1-  206     	BTRSS	STATUS,2
                                    1-  207     	MGOTO	_02104_DS_
     0014 3rrr                      3-   62 m1      LGOTO rom_address
                                    1-  208     	MGOTO	_02037_DS_
     0015 3rrr                      3-   62 m1      LGOTO rom_address
     0016                           1-  209     _02104_DS_:
                                    1-  210     	.line	71, "BSP\key.c"; 	if(!PORTAbits.PA7)
     0016 0Frr                      1-  211     	BTRSC	_PORTAbits,7
                                    1-  212     	MGOTO	_02022_DS_
     0017 3rrr                      3-   62 m1      LGOTO rom_address
                                    1-  213     	.line	74, "BSP\key.c"; 	return KeyValue;
     0018 2115                      1-  214     	MOVIA	0x15
                                    1-  215     	MGOTO	_02041_DS_
     0019 3rrr                      3-   62 m1      LGOTO rom_address
     001A                           1-  216     _02022_DS_:
                                    1-  217     	.line	77, "BSP\key.c"; 	KeyStatus = KeyStatus & 0x7c;
     001A 217C                      1-  218     	MOVIA	0x7c
                                    1-  219     	BANKSEL	r0x1000
     001B rrrr                      3-  109 m1      .banksel ram_address
     001C 10rr                      1-  220     	ANDAR	r0x1000,F
                                    1-  221     	.line	87, "BSP\key.c"; 	switch(KeyStatus)
     001D 01rr                      1-  222     	MOVR	r0x1000,W
     001E 243C                      1-  223     	XORIA	0x3c
     001F 0903                      1-  224     	BTRSS	STATUS,2
                                    1-  225     	MGOTO	_02105_DS_
     0020 3rrr                      3-   62 m1      LGOTO rom_address
                                    1-  226     	MGOTO	_02027_DS_
     0021 3rrr                      3-   62 m1      LGOTO rom_address
     0022                           1-  227     _02105_DS_:
                                    1-  228     	BANKSEL	r0x1000
     0022 rrrr                      3-  109 m1      .banksel ram_address
     0023 01rr                      1-  229     	MOVR	r0x1000,W
     0024 245C                      1-  230     	XORIA	0x5c
     0025 0903                      1-  231     	BTRSS	STATUS,2
                                    1-  232     	MGOTO	_02106_DS_
     0026 3rrr                      3-   62 m1      LGOTO rom_address
                                    1-  233     	MGOTO	_02026_DS_
     0027 3rrr                      3-   62 m1      LGOTO rom_address
     0028                           1-  234     _02106_DS_:
                                    1-  235     	BANKSEL	r0x1000
     0028 rrrr                      3-  109 m1      .banksel ram_address
     0029 01rr                      1-  236     	MOVR	r0x1000,W
     002A 246C                      1-  237     	XORIA	0x6c
     002B 0903                      1-  238     	BTRSS	STATUS,2
                                    1-  239     	MGOTO	_02107_DS_
     002C 3rrr                      3-   62 m1      LGOTO rom_address
                                    1-  240     	MGOTO	_02025_DS_
     002D 3rrr                      3-   62 m1      LGOTO rom_address
     002E                           1-  241     _02107_DS_:
                                    1-  242     	BANKSEL	r0x1000
     002E rrrr                      3-  109 m1      .banksel ram_address
     002F 01rr                      1-  243     	MOVR	r0x1000,W
     0030 2474                      1-  244     	XORIA	0x74
     0031 0903                      1-  245     	BTRSS	STATUS,2
                                    1-  246     	MGOTO	_02108_DS_
     0032 3rrr                      3-   62 m1      LGOTO rom_address
                                    1-  247     	MGOTO	_02024_DS_
     0033 3rrr                      3-   62 m1      LGOTO rom_address
     0034                           1-  248     _02108_DS_:
                                    1-  249     	BANKSEL	r0x1000
     0034 rrrr                      3-  109 m1      .banksel ram_address
     0035 01rr                      1-  250     	MOVR	r0x1000,W
     0036 2478                      1-  251     	XORIA	0x78
     0037 0903                      1-  252     	BTRSS	STATUS,2
                                    1-  253     	MGOTO	_02028_DS_
     0038 3rrr                      3-   62 m1      LGOTO rom_address
                                    1-  254     	.line	89, "BSP\key.c"; 	case(0X78): KeyValue = 0x01;break;
     0039 2101                      1-  255     	MOVIA	0x01
     003A 00rr                      1-  256     	MOVAR	r0x1000
                                    1-  257     	MGOTO	_02029_DS_
     003B 3rrr                      3-   62 m1      LGOTO rom_address
     003C                           1-  258     _02024_DS_:
                                    1-  259     	.line	90, "BSP\key.c"; 	case(0X74): KeyValue = 0x02;break;
     003C 2102                      1-  260     	MOVIA	0x02
                                    1-  261     	BANKSEL	r0x1000
     003D rrrr                      3-  109 m1      .banksel ram_address
     003E 00rr                      1-  262     	MOVAR	r0x1000
                                    1-  263     	MGOTO	_02029_DS_
     003F 3rrr                      3-   62 m1      LGOTO rom_address
     0040                           1-  264     _02025_DS_:
                                    1-  265     	.line	91, "BSP\key.c"; 	case(0X6C): KeyValue = 0x03;break;
     0040 2103                      1-  266     	MOVIA	0x03
                                    1-  267     	BANKSEL	r0x1000
     0041 rrrr                      3-  109 m1      .banksel ram_address
     0042 00rr                      1-  268     	MOVAR	r0x1000
                                    1-  269     	MGOTO	_02029_DS_
     0043 3rrr                      3-   62 m1      LGOTO rom_address
     0044                           1-  270     _02026_DS_:
                                    1-  271     	.line	92, "BSP\key.c"; 	case(0X5C): KeyValue = 0x04;break;
     0044 2104                      1-  272     	MOVIA	0x04
                                    1-  273     	BANKSEL	r0x1000
     0045 rrrr                      3-  109 m1      .banksel ram_address
     0046 00rr                      1-  274     	MOVAR	r0x1000
                                    1-  275     	MGOTO	_02029_DS_
     0047 3rrr                      3-   62 m1      LGOTO rom_address
     0048                           1-  276     _02027_DS_:
                                    1-  277     	.line	93, "BSP\key.c"; 	case(0X3C): KeyValue = 0x05;break; // PA6
     0048 2105                      1-  278     	MOVIA	0x05
                                    1-  279     	BANKSEL	r0x1000
     0049 rrrr                      3-  109 m1      .banksel ram_address
     004A 00rr                      1-  280     	MOVAR	r0x1000
                                    1-  281     	MGOTO	_02029_DS_
     004B 3rrr                      3-   62 m1      LGOTO rom_address
     004C                           1-  282     _02028_DS_:
                                    1-  283     	.line	94, "BSP\key.c"; 	default:KeyValue = 0x00;break;
                                    1-  284     	BANKSEL	r0x1000
     004C rrrr                      3-  109 m1      .banksel ram_address
     004D 02rr                      1-  285     	CLRR	r0x1000
     004E                           1-  286     _02029_DS_:
                                    1-  287     	.line	97, "BSP\key.c"; 	toggle_key();
                                    1-  288     	MCALL	_toggle_key
     004E 2rrr                      3-   65 m1      LCALL rom_address
                                    1-  289     	.line	99, "BSP\key.c"; 	KeyStatus = PORTB;
     004F 01rr                      1-  290     	MOVR	_PORTB,W
                                    1-  291     	BANKSEL	r0x1001
     0050 rrrr                      3-  109 m1      .banksel ram_address
     0051 00rr                      1-  292     	MOVAR	r0x1001
                                    1-  293     	.line	100, "BSP\key.c"; 	KeyStatus = KeyStatus & 0x0f;
     0052 210F                      1-  294     	MOVIA	0x0f
     0053 10rr                      1-  295     	ANDAR	r0x1001,F
                                    1-  296     	.line	102, "BSP\key.c"; 	switch(KeyStatus)
     0054 01rr                      1-  297     	MOVR	r0x1001,W
     0055 2407                      1-  298     	XORIA	0x07
     0056 0903                      1-  299     	BTRSS	STATUS,2
                                    1-  300     	MGOTO	_02109_DS_
     0057 3rrr                      3-   62 m1      LGOTO rom_address
                                    1-  301     	MGOTO	_02035_DS_
     0058 3rrr                      3-   62 m1      LGOTO rom_address
     0059                           1-  302     _02109_DS_:
                                    1-  303     	BANKSEL	r0x1001
     0059 rrrr                      3-  109 m1      .banksel ram_address
     005A 01rr                      1-  304     	MOVR	r0x1001,W
     005B 240B                      1-  305     	XORIA	0x0b
     005C 0903                      1-  306     	BTRSS	STATUS,2
                                    1-  307     	MGOTO	_02110_DS_
     005D 3rrr                      3-   62 m1      LGOTO rom_address
                                    1-  308     	MGOTO	_02031_DS_
     005E 3rrr                      3-   62 m1      LGOTO rom_address
     005F                           1-  309     _02110_DS_:
                                    1-  310     	BANKSEL	r0x1001
     005F rrrr                      3-  109 m1      .banksel ram_address
     0060 01rr                      1-  311     	MOVR	r0x1001,W
     0061 240D                      1-  312     	XORIA	0x0d
     0062 0903                      1-  313     	BTRSS	STATUS,2
                                    1-  314     	MGOTO	_02111_DS_
     0063 3rrr                      3-   62 m1      LGOTO rom_address
                                    1-  315     	MGOTO	_02032_DS_
     0064 3rrr                      3-   62 m1      LGOTO rom_address
     0065                           1-  316     _02111_DS_:
                                    1-  317     	BANKSEL	r0x1001
     0065 rrrr                      3-  109 m1      .banksel ram_address
     0066 01rr                      1-  318     	MOVR	r0x1001,W
     0067 240E                      1-  319     	XORIA	0x0e
     0068 0903                      1-  320     	BTRSS	STATUS,2
                                    1-  321     	MGOTO	_02112_DS_
     0069 3rrr                      3-   62 m1      LGOTO rom_address
                                    1-  322     	MGOTO	_02033_DS_
     006A 3rrr                      3-   62 m1      LGOTO rom_address
     006B                           1-  323     _02112_DS_:
                                    1-  324     	MGOTO	_02034_DS_
     006B 3rrr                      3-   62 m1      LGOTO rom_address
     006C                           1-  325     _02031_DS_:
                                    1-  326     	.line	105, "BSP\key.c"; 	case(0x0B): KeyValue = KeyValue+0x05;break;
     006C 2105                      1-  327     	MOVIA	0x05
                                    1-  328     	BANKSEL	r0x1000
     006D rrrr                      3-  109 m1      .banksel ram_address
     006E 03rr                      1-  329     	ADDAR	r0x1000,F
                                    1-  330     	MGOTO	_02035_DS_
     006F 3rrr                      3-   62 m1      LGOTO rom_address
     0070                           1-  331     _02032_DS_:
                                    1-  332     	.line	106, "BSP\key.c"; 	case(0x0D): KeyValue = KeyValue+0x0a;break;
     0070 210A                      1-  333     	MOVIA	0x0a
                                    1-  334     	BANKSEL	r0x1000
     0071 rrrr                      3-  109 m1      .banksel ram_address
     0072 03rr                      1-  335     	ADDAR	r0x1000,F
                                    1-  336     	MGOTO	_02035_DS_
     0073 3rrr                      3-   62 m1      LGOTO rom_address
     0074                           1-  337     _02033_DS_:
                                    1-  338     	.line	107, "BSP\key.c"; 	case(0x0E): KeyValue = KeyValue+0x0f;break;
     0074 210F                      1-  339     	MOVIA	0x0f
                                    1-  340     	BANKSEL	r0x1000
     0075 rrrr                      3-  109 m1      .banksel ram_address
     0076 03rr                      1-  341     	ADDAR	r0x1000,F
                                    1-  342     	MGOTO	_02035_DS_
     0077 3rrr                      3-   62 m1      LGOTO rom_address
     0078                           1-  343     _02034_DS_:
                                    1-  344     	.line	108, "BSP\key.c"; 	default:KeyValue = 0x00;break;
                                    1-  345     	BANKSEL	r0x1000
     0078 rrrr                      3-  109 m1      .banksel ram_address
     0079 02rr                      1-  346     	CLRR	r0x1000
     007A                           1-  347     _02035_DS_:
                                    1-  348     	.line	110, "BSP\key.c"; 	CLRWDT();
     007A 0002                      1-  349     	clrwdt
                                    1-  350     	.line	111, "BSP\key.c"; 	return KeyValue;
                                    1-  351     	BANKSEL	r0x1000
     007B rrrr                      3-  109 m1      .banksel ram_address
     007C 01rr                      1-  352     	MOVR	r0x1000,W
                                    1-  353     	MGOTO	_02041_DS_
     007D 3rrr                      3-   62 m1      LGOTO rom_address
     007E                           1-  354     _02037_DS_:
                                    1-  355     	.line	115, "BSP\key.c"; 	return 0;
     007E 2100                      1-  356     	MOVIA	0x00
                                    1-  357     	MGOTO	_02041_DS_
     007F 3rrr                      3-   62 m1      LGOTO rom_address
     0080                           1-  358     _02040_DS_:
                                    1-  359     	.line	118, "BSP\key.c"; 	return 0;
     0080 2100                      1-  360     	MOVIA	0x00
     0081                           1-  361     _02041_DS_:
                                    1-  362     	.line	119, "BSP\key.c"; 	}
                                    1-  363     	RETURN	
     0081 0010                      3-   39 m1      ret
                                    1-  364     ; exit point of _Check_Keydown
                                    1-  366     ;***
                                    1-  367     ;  pBlock Stats: dbName = C
                                    1-  368     ;***
                                    1-  369     ;has an exit
                                    1-  370     ;functions called:
                                    1-  371     ;   _set_PA_low
                                    1-  372     ;   _set_PA_low
                                    1-  373     ;; Starting pCode block
                                    1-  374     .segment "code"; module=key, function=_toggle_key
     0000                           1-  376     _toggle_key:
                                    1-  377     ; 2 exit points
                                    1-  378     	.line	47, "BSP\key.c"; 	APHCON = 0b01111111; // 2、3、4、6上拉取消
     0000 217F                      1-  379     	MOVIA	0x7f
     0001 000r                      1-  380     	IOST	_APHCON
                                    1-  381     	.line	48, "BSP\key.c"; 	PCON = 0xe8; // 5上拉取消
     0002 21E8                      1-  382     	MOVIA	0xe8
     0003 00rr                      1-  383     	MOVAR	_PCON
                                    1-  384     	.line	49, "BSP\key.c"; 	IOSTA = 0b10000000; // 配置PA2、3、4、5为输出低电平
     0004 2180                      1-  385     	MOVIA	0x80
     0005 000r                      1-  386     	IOST	_IOSTA
                                    1-  387     	.line	50, "BSP\key.c"; 	set_PA_low();
                                    1-  388     	MCALL	_set_PA_low
     0006 2rrr                      3-   65 m1      LCALL rom_address
                                    1-  389     	.line	52, "BSP\key.c"; 	IOSTB = 0b00001111; // 配置PB0、1、2、3为输入
     0007 210F                      1-  390     	MOVIA	0x0f
     0008 000r                      1-  391     	IOST	_IOSTB
                                    1-  392     	.line	53, "BSP\key.c"; 	BPHCON = 0xF0; // 0、1、2、3上拉
     0009 21F0                      1-  393     	MOVIA	0xf0
     000A 00rr                      1-  394     	MOVAR	_BPHCON
                                    1-  395     	.line	54, "BSP\key.c"; 	}
                                    1-  396     	RETURN	
     000B 0010                      3-   39 m1      ret
                                    1-  397     ; exit point of _toggle_key
                                    1-  399     ;***
                                    1-  400     ;  pBlock Stats: dbName = C
                                    1-  401     ;***
                                    1-  402     ;has an exit
                                    1-  403     ;functions called:
                                    1-  404     ;   _delay_ms
                                    1-  405     ;   _set_PB_low
                                    1-  406     ;   _delay_ms
                                    1-  407     ;   _set_PB_low
                                    1-  408     ;; Starting pCode block
                                    1-  409     .segment "code"; module=key, function=_key_init
     0000                           1-  411     _key_init:
                                    1-  412     ; 2 exit points
                                    1-  413     	.line	31, "BSP\key.c"; 	delay_ms(1);
     0000 2101                      1-  414     	MOVIA	0x01
                                    1-  415     	MCALL	_delay_ms
     0001 2rrr                      3-   65 m1      LCALL rom_address
                                    1-  416     	.line	33, "BSP\key.c"; 	IOSTA = C_PA2_Input | C_PA3_Input | C_PA4_Input | C_PA5_Input | C_PA6_Input | C_PA7_Input;  // 配置PA2、3、4、5、6、7为输入
     0002 21FC                      1-  417     	MOVIA	0xfc
     0003 000r                      1-  418     	IOST	_IOSTA
                                    1-  419     	.line	35, "BSP\key.c"; 	APHCON = 0b00100011; // 设置2、3、4、6、7上拉
     0004 2123                      1-  420     	MOVIA	0x23
     0005 000r                      1-  421     	IOST	_APHCON
                                    1-  422     	.line	37, "BSP\key.c"; 	PCON = 0xc8; // 设置5上拉
     0006 21C8                      1-  423     	MOVIA	0xc8
     0007 00rr                      1-  424     	MOVAR	_PCON
                                    1-  425     	.line	40, "BSP\key.c"; 	IOSTB = C_PB0_Output | C_PB1_Output | C_PB2_Output | C_PB3_Output | C_PB4_Output; // 配置PB为输出低电平
     0008 0200                      1-  426     	CLRA	
     0009 000r                      1-  427     	IOST	_IOSTB
                                    1-  428     	.line	41, "BSP\key.c"; 	set_PB_low();
                                    1-  429     	MCALL	_set_PB_low
     000A 2rrr                      3-   65 m1      LCALL rom_address
                                    1-  430     	.line	42, "BSP\key.c"; 	PORTBbits.PB4 = 0;
     000B 1Err                      1-  431     	BCR	_PORTBbits,4
                                    1-  432     	.line	43, "BSP\key.c"; 	}
                                    1-  433     	RETURN	
     000C 0010                      3-   39 m1      ret
                                    1-  434     ; exit point of _key_init
                                    1-  436     ;***
                                    1-  437     ;  pBlock Stats: dbName = C
                                    1-  438     ;***
                                    1-  439     ;has an exit
                                    1-  440     ;; Starting pCode block
                                    1-  441     .segment "code"; module=key, function=_set_PB_low
     0000                           1-  443     _set_PB_low:
                                    1-  444     ; 2 exit points
                                    1-  445     	.line	23, "BSP\key.c"; 	PORTBbits.PB0 = 0;
     0000 1Crr                      1-  446     	BCR	_PORTBbits,0
                                    1-  447     	.line	24, "BSP\key.c"; 	PORTBbits.PB1 = 0;
     0001 1Crr                      1-  448     	BCR	_PORTBbits,1
                                    1-  449     	.line	25, "BSP\key.c"; 	PORTBbits.PB2 = 0;
     0002 1Drr                      1-  450     	BCR	_PORTBbits,2
                                    1-  451     	.line	26, "BSP\key.c"; 	PORTBbits.PB3 = 0;
     0003 1Drr                      1-  452     	BCR	_PORTBbits,3
                                    1-  453     	.line	27, "BSP\key.c"; 	}
                                    1-  454     	RETURN	
     0004 0010                      3-   39 m1      ret
                                    1-  455     ; exit point of _set_PB_low
                                    1-  457     ;***
                                    1-  458     ;  pBlock Stats: dbName = C
                                    1-  459     ;***
                                    1-  460     ;has an exit
                                    1-  461     ;; Starting pCode block
                                    1-  462     .segment "code"; module=key, function=_set_PA_low
     0000                           1-  464     _set_PA_low:
                                    1-  465     ; 2 exit points
                                    1-  466     	.line	14, "BSP\key.c"; 	PORTAbits.PA2 = 0;
     0000 1Drr                      1-  467     	BCR	_PORTAbits,2
                                    1-  468     	.line	15, "BSP\key.c"; 	PORTAbits.PA3 = 0;
     0001 1Drr                      1-  469     	BCR	_PORTAbits,3
                                    1-  470     	.line	16, "BSP\key.c"; 	PORTAbits.PA4 = 0;
     0002 1Err                      1-  471     	BCR	_PORTAbits,4
                                    1-  472     	.line	17, "BSP\key.c"; 	PORTAbits.PA5 = 0;
     0003 1Err                      1-  473     	BCR	_PORTAbits,5
                                    1-  474     	.line	18, "BSP\key.c"; 	PORTAbits.PA6 = 0;
     0004 1Frr                      1-  475     	BCR	_PORTAbits,6
                                    1-  476     	.line	19, "BSP\key.c"; 	}
                                    1-  477     	RETURN	
     0005 0010                      3-   39 m1      ret
                                    1-  478     ; exit point of _set_PA_low
                                    1-  481     ;	code size estimation:
                                    1-  482     ;	  144+   21 =   165 instructions (  372 byte)
                                    1-  484     	end

SYMBOL TABLE            TYPE     VALUE
__pin_count__           Constant 0000000E
__processor__           Constant 00800544
C                       Constant 00000000
DC                      Constant 00000001
ENABLE_RAM_BANK         Constant 00000001
F                       Constant 00000001
FSR                     Constant 00000004
INDF                    Constant 00000000
PCHBUF                  Constant 0000000A
PCL                     Constant 00000002
STATUS                  Constant 00000003
USEFGOTO                Constant 00000000
W                       Constant 00000000
Z                       Constant 00000002


SOURCE FILE TABLE
001 OBJ/BSP\key.s
002 ny8a054e.inc
003 common.inc
004 BSP\key.c

PROCESSOR    = NY8A054E (8 bits)
PROGRAM ROM  = 0x00000000 - 0x000007FF
DATA ROM     = 0x00000000 - 0x000007FF
RESERVED MEM = 0x00000800 - 0x00000810
SRAM / SFR   = 0x00000000 - 0x00000000
