
                    Nyquest Technology Co., Ltd.

NYASM 2.42

    ADDR  OPCODE/VALUE              LINE   TAG  SOURCE                   STATEMENT    

                                    1-    1     ;--------------------------------------------------------
                                    1-    2     ; File Created by SDCC : free open source ISO C Compiler 
                                    1-    3     ; Version 4.2.2 #0 (MSVC)
                                    1-    4     ;--------------------------------------------------------
                                    1-    5     ; NY8A port
                                    1-    6     ;--------------------------------------------------------
                                    1-    7     	.file	"BSP\app_tx.c"
                                    1-    8     	list	p=NY8A054E,c=on
                                    1-    9     	#include "ny8a054e.inc"
                                    2-    1     #include "common.inc"
                                    3-    1     ;; header file for 8 bit series assembly -*- mode:asm; coding:utf-8; -*-
                                    3-    2     ;; author    Ting
                                    3-    3     ;; date      2020-12-24
                                    3-    4     ;;
                                    3-    5     ;; # constant definition
                                    3-    6     ;;
                                    3-    7     ;; ## instruction result store destination
                                    3-    8     ;;  - W: the result is stored in the ACC.
                                    3-    9     ;;  - F: the result is stored back in register.
                                    3-   10     ;; ## flag name in STATUS register
                                    3-   11     ;;  - C, DC, Z
                                    3-   12     ;;
                                    3-   13     ;; # macro define
                                    3-   14     ;;
                                    3-   15     ;; ## RETURN, used by C compiler, end of function
                                    3-   16     ;; ## PAGESEL, empty macro, maybe used by C compiler (bug?)
                                    3-   17     ;; ## BANKSEL, replace by .banksel pseudo command, empty if disable bank.
                                    3-   18     ;; ## MGOTO, replace by LGOTO (ic<=2K word) or FGOTO (ic>2K word)
                                    3-   19     ;; ## MCALL, same as above
                                    3-   20     ;;
                                    3-   21     W       EQU 0
                                    3-   21     ;W = 0
                                    3-   22     F       EQU 1
                                    3-   22     ;F = 1
                                    3-   23     C		EQU	0
                                    3-   23     ;C = 0
                                    3-   24     DC		EQU	1
                                    3-   24     ;DC = 1
                                    3-   25     Z		EQU	2
                                    3-   25     ;Z = 2
                                    3-   28     ;; common register for all series
                                    3-   29     INDF    EQU 0x00
                                    3-   29     ;INDF = 0
                                    3-   30     PCL     EQU 0x02
                                    3-   30     ;PCL = 2
                                    3-   31     STATUS  EQU 0x03
                                    3-   31     ;STATUS = 3
                                    3-   32     FSR     EQU 0x04
                                    3-   32     ;FSR = 4
                                    3-   33     PCHBUF  EQU 0x0A
                                    3-   33     ;PCHBUF = 10
                                    1-   11     ;--------------------------------------------------------
                                    1-   12     ; external declarations
                                    1-   13     ;--------------------------------------------------------
                                    1-   14     	extern	_delay_40us
                                    1-   15     	extern	_delay_us
                                    1-   16     	extern	_delay_250ms
                                    1-   17     	extern	_delay_ms
                                    1-   18     	extern	_CS1630_Dump_RF_Register
                                    1-   19     	extern	_Enter_sleep
                                    1-   20     	extern	_CS1630_SendPack
                                    1-   21     	extern	_CS1630_wr_buffer
                                    1-   22     	extern	_CS1630_write_byte
                                    1-   23     	extern	_CS1630_read_byte
                                    1-   24     	extern	_CS1630_read_buffer
                                    1-   25     	extern	_CS1630_Bank_Switch
                                    1-   26     	extern	_CS1630_ModeSwitch
                                    1-   27     	extern	_CS1630_CE_Low
                                    1-   28     	extern	_CS1630_CE_High
                                    1-   29     	extern	_CS1630_Flush_Tx
                                    1-   30     	extern	_CS1630_Clear_All_Irq
                                    1-   31     	extern	_CS1630_Init
                                    1-   32     	extern	_CS1630_Soft_Rst
                                    1-   33     	extern	_SPI_ReadByte
                                    1-   34     	extern	_SPI_SendByte
                                    1-   35     	extern	_RF_softSPI_Init
                                    1-   36     	extern	_clear_ram
                                    1-   37     	extern	_multi_16b
                                    1-   38     	extern	_RF_Init
                                    1-   39     	extern	_RF_wr_cmd
                                    1-   40     	extern	_RF_write_byte
                                    1-   41     	extern	_RF_wr_buffer
                                    1-   42     	extern	_RF_Write_Ack_Payload
                                    1-   43     	extern	_RF_spi_wrd
                                    1-   44     	extern	_RF_Soft_Rst
                                    1-   45     	extern	_RF_SendPack
                                    1-   46     	extern	_RF_ReceivePack
                                    1-   47     	extern	_RF_Read_Status
                                    1-   48     	extern	_RF_read_byte
                                    1-   49     	extern	_RF_read_buffer
                                    1-   50     	extern	_RF_Operation
                                    1-   51     	extern	_RF_ModeSwitch
                                    1-   52     	extern	_RF_Get_RSSI
                                    1-   53     	extern	_RF_Get_Chip_ID
                                    1-   54     	extern	_RF_Flush_Tx
                                    1-   55     	extern	_RF_Flush_Rx
                                    1-   56     	extern	_RF_Configure_Reg
                                    1-   57     	extern	_RF_Clear_All_Irq
                                    1-   58     	extern	_RF_Change_Pwr
                                    1-   59     	extern	_RF_Change_CH
                                    1-   60     	extern	_RF_ChangeAddr_Reg
                                    1-   61     	extern	_RF_CE_Low
                                    1-   62     	extern	_RF_CE_High_Pulse
                                    1-   63     	extern	_RF_CE_High
                                    1-   64     	extern	_RF_Bank_Switch
                                    1-   65     	extern	_T0MD
                                    1-   66     	extern	_PCON1
                                    1-   67     	extern	_CMPCR
                                    1-   68     	extern	_BODCON
                                    1-   69     	extern	_PS0CV
                                    1-   70     	extern	_APHCON
                                    1-   71     	extern	_IOSTB
                                    1-   72     	extern	_IOSTA
                                    1-   73     	extern	_PWM5RH
                                    1-   74     	extern	_PWM5DUTY
                                    1-   75     	extern	_P5CR1
                                    1-   76     	extern	_PWM4DUTY
                                    1-   77     	extern	_P4CR1
                                    1-   78     	extern	_PS3CV
                                    1-   79     	extern	_PWM3DUTY
                                    1-   80     	extern	_T3CR2
                                    1-   81     	extern	_T3CR1
                                    1-   82     	extern	_TMR3
                                    1-   83     	extern	_OSCCR
                                    1-   84     	extern	_PWM2DUTY
                                    1-   85     	extern	_P2CR1
                                    1-   86     	extern	_TBHD
                                    1-   87     	extern	_TBHP
                                    1-   88     	extern	_IRCR
                                    1-   89     	extern	_BZ1CR
                                    1-   90     	extern	_PS1CV
                                    1-   91     	extern	_PWM1DUTY
                                    1-   92     	extern	_T1CR2
                                    1-   93     	extern	_T1CR1
                                    1-   94     	extern	_TMR1
                                    1-   95     	extern	_TM34RH
                                    1-   96     	extern	_TMRH
                                    1-   97     	extern	_PCHBUF
                                    1-   98     	extern	_STATUS
                                    1-   99     	extern	_PCL
                                    1-  100     	extern	_TMR0
                                    1-  101     	extern	_INTE2bits
                                    1-  102     	extern	_RFCbits
                                    1-  103     	extern	_INTEDGbits
                                    1-  104     	extern	_AWUCONbits
                                    1-  105     	extern	_INTFbits
                                    1-  106     	extern	_INTEbits
                                    1-  107     	extern	_BPHCONbits
                                    1-  108     	extern	_ABPLCONbits
                                    1-  109     	extern	_BWUCONbits
                                    1-  110     	extern	_PCONbits
                                    1-  111     	extern	_PORTBbits
                                    1-  112     	extern	_PORTAbits
                                    1-  113     	extern	__gptrget1
                                    1-  115     	extern PSAVE
                                    1-  116     	extern SSAVE
                                    1-  117     	extern WSAVE
                                    1-  118     	extern STK12
                                    1-  119     	extern ___STK12
                                    1-  120     	extern STK11
                                    1-  121     	extern ___STK11
                                    1-  122     	extern STK10
                                    1-  123     	extern ___STK10
                                    1-  124     	extern STK09
                                    1-  125     	extern ___STK09
                                    1-  126     	extern STK08
                                    1-  127     	extern ___STK08
                                    1-  128     	extern STK07
                                    1-  129     	extern ___STK07
                                    1-  130     	extern STK06
                                    1-  131     	extern ___STK06
                                    1-  132     	extern STK05
                                    1-  133     	extern ___STK05
                                    1-  134     	extern STK04
                                    1-  135     	extern ___STK04
                                    1-  136     	extern STK03
                                    1-  137     	extern ___STK03
                                    1-  138     	extern STK02
                                    1-  139     	extern ___STK02
                                    1-  140     	extern STK01
                                    1-  141     	extern ___STK01
                                    1-  142     	extern STK00
                                    1-  143     	extern ___STK00
                                    1-  144     ;--------------------------------------------------------
                                    1-  145     ; global declarations
                                    1-  146     ;--------------------------------------------------------
                                    1-  147     	extern	_INTE2
                                    1-  148     	extern	_RFC
                                    1-  149     	extern	_INTEDG
                                    1-  150     	extern	_AWUCON
                                    1-  151     	extern	_INTF
                                    1-  152     	extern	_INTE
                                    1-  153     	extern	_BPHCON
                                    1-  154     	extern	_ABPLCON
                                    1-  155     	extern	_BWUCON
                                    1-  156     	extern	_PCON
                                    1-  157     	extern	_PORTB
                                    1-  158     	extern	_PORTA
                                    1-  159     	extern	_one_key_twice_dowm
                                    1-  160     	extern	_key_status_change
                                    1-  161     	extern	_rolling_code_2
                                    1-  162     	extern	_rolling_code_1
                                    1-  163     	extern	_rolling_code_0
                                    1-  164     	extern	_send_ble_packet
                                    1-  166     ;--------------------------------------------------------
                                    1-  167     ; global definitions
                                    1-  168     ;--------------------------------------------------------
                                    1-  169     .segment "uninit"
     0000                           1-  170     _rolling_code_0:
                                    1-  171     	.res 1
                                    1-  174     .segment "uninit"
     0000                           1-  175     _rolling_code_1:
                                    1-  176     	.res 1
                                    1-  179     .segment "uninit"
     0000                           1-  180     _rolling_code_2:
                                    1-  181     	.res 1
                                    1-  184     ;--------------------------------------------------------
                                    1-  185     ; absolute symbol definitions
                                    1-  186     ;--------------------------------------------------------
                                    1-  187     ;--------------------------------------------------------
                                    1-  188     ; compiler-defined variables
                                    1-  189     ;--------------------------------------------------------
                                    1-  190     .segment "uninit"
     0000                           1-  191     r0x1025:
                                    1-  192     	.res	1
                                    1-  193     .segment "uninit"
     0000                           1-  194     r0x1026:
                                    1-  195     	.res	1
                                    1-  196     .segment "uninit"
     0000                           1-  197     r0x1027:
                                    1-  198     	.res	1
                                    1-  199     .segment "uninit"
     0000                           1-  200     r0x1028:
                                    1-  201     	.res	1
                                    1-  202     .segment "uninit"
     0000                           1-  203     r0x1029:
                                    1-  204     	.res	1
                                    1-  205     .segment "uninit"
     0000                           1-  206     r0x102A:
                                    1-  207     	.res	1
                                    1-  208     .segment "uninit"
     0000                           1-  209     r0x102B:
                                    1-  210     	.res	1
                                    1-  211     .segment "uninit"
     0000                           1-  212     r0x102C:
                                    1-  213     	.res	1
                                    1-  214     ;--------------------------------------------------------
                                    1-  215     ; initialized data
                                    1-  216     ;--------------------------------------------------------
                                    1-  218     .segment "idata"
     0000                           1-  219     _key_status_change:
     0000 0000                      1-  222     	dw	0x00	; 0
                                    1-  225     .segment "idata"
     0000                           1-  226     _one_key_twice_dowm:
     0000 0000                      1-  229     	dw	0x00	; 0
                                    1-  232     .segment "idata"
     0000                           1-  233     _CS1630_Tx_Payload:
     0000 0002                      1-  236     	dw	0x02	; 2
     0001 0001                      1-  237     	dw	0x01	; 1
     0002 0006                      1-  238     	dw	0x06	; 6
     0003 0010                      1-  239     	dw	0x10	; 16
     0004 00FF                      1-  240     	dw	0xff	; 255
     0005 0054                      1-  241     	dw	0x54	; 84	'T'
     0006 0045                      1-  242     	dw	0x45	; 69	'E'
     0007 0000                      1-  243     	dw	0x00	; 0
     0008 0000                      1-  244     	dw	0x00	; 0
     0009 00BF                      1-  245     	dw	0xbf	; 191
     000A 00AA                      1-  246     	dw	0xaa	; 170
     000B 00FF                      1-  247     	dw	0xff	; 255
     000C 00FF                      1-  248     	dw	0xff	; 255
     000D 00FF                      1-  249     	dw	0xff	; 255
     000E 00FF                      1-  250     	dw	0xff	; 255
     000F 00FF                      1-  251     	dw	0xff	; 255
     0010 00FF                      1-  252     	dw	0xff	; 255
     0011 00FF                      1-  253     	dw	0xff	; 255
     0012 00FF                      1-  254     	dw	0xff	; 255
     0013 00FF                      1-  255     	dw	0xff	; 255
     0014 0000 0000 0000 0000 0000  1-  256     	dw	0x00, 0x00, 0x00, 0x00, 0x00, 0x00, 0x00, 0x00, 0x00, 0x00, 0x00, 0x00
          0000 0000 0000 0000 0000 
          0000 0000                
                                    1-  259     .segment "code"
     0000                           1-  260     _channel_index:
     0000 2002                      1-  261     	retia 0x02	; 2
     0001 201A                      1-  262     	retia 0x1a	; 26
     0002 2050                      1-  263     	retia 0x50	; 80	'P'
                                    1-  264     ;--------------------------------------------------------
                                    1-  265     ; initialized absolute data
                                    1-  266     ;--------------------------------------------------------
                                    1-  267     ;--------------------------------------------------------
                                    1-  268     ; overlayable items in internal ram 
                                    1-  269     ;--------------------------------------------------------
                                    1-  270     ;	udata_ovr
                                    1-  271     ;--------------------------------------------------------
                                    1-  272     ; code
                                    1-  273     ;--------------------------------------------------------
                                    1-  274     ; code_app_tx	code
                                    1-  275     ;***
                                    1-  276     ;  pBlock Stats: dbName = C
                                    1-  277     ;***
                                    1-  278     ;has an exit
                                    1-  279     ;functions called:
                                    1-  280     ;   _CS1630_CE_Low
                                    1-  281     ;   _CS1630_Flush_Tx
                                    1-  282     ;   _CS1630_Clear_All_Irq
                                    1-  283     ;   _CS1630_write_byte
                                    1-  284     ;   _delay_ms
                                    1-  285     ;   __gptrget1
                                    1-  286     ;   _CS1630_write_byte
                                    1-  287     ;   _CS1630_SendPack
                                    1-  288     ;   _CS1630_CE_High
                                    1-  289     ;   _delay_40us
                                    1-  290     ;   _CS1630_CE_Low
                                    1-  291     ;   _CS1630_read_byte
                                    1-  292     ;   _CS1630_write_byte
                                    1-  293     ;   __gptrget1
                                    1-  294     ;   _CS1630_write_byte
                                    1-  295     ;   _CS1630_SendPack
                                    1-  296     ;   _CS1630_CE_High
                                    1-  297     ;   _delay_40us
                                    1-  298     ;   _CS1630_CE_Low
                                    1-  299     ;   _CS1630_read_byte
                                    1-  300     ;   _CS1630_write_byte
                                    1-  301     ;   _CS1630_write_byte
                                    1-  302     ;   _delay_ms
                                    1-  303     ;   _CS1630_write_byte
                                    1-  304     ;   _delay_ms
                                    1-  305     ;   _CS1630_CE_Low
                                    1-  306     ;   _CS1630_Flush_Tx
                                    1-  307     ;   _CS1630_Clear_All_Irq
                                    1-  308     ;   _CS1630_write_byte
                                    1-  309     ;   _delay_ms
                                    1-  310     ;   __gptrget1
                                    1-  311     ;   _CS1630_write_byte
                                    1-  312     ;   _CS1630_SendPack
                                    1-  313     ;   _CS1630_CE_High
                                    1-  314     ;   _delay_40us
                                    1-  315     ;   _CS1630_CE_Low
                                    1-  316     ;   _CS1630_read_byte
                                    1-  317     ;   _CS1630_write_byte
                                    1-  318     ;   __gptrget1
                                    1-  319     ;   _CS1630_write_byte
                                    1-  320     ;   _CS1630_SendPack
                                    1-  321     ;   _CS1630_CE_High
                                    1-  322     ;   _delay_40us
                                    1-  323     ;   _CS1630_CE_Low
                                    1-  324     ;   _CS1630_read_byte
                                    1-  325     ;   _CS1630_write_byte
                                    1-  326     ;   _CS1630_write_byte
                                    1-  327     ;   _delay_ms
                                    1-  328     ;   _CS1630_write_byte
                                    1-  329     ;   _delay_ms
                                    1-  330     ;12 compiler assigned registers:
                                    1-  331     ;   r0x1025
                                    1-  332     ;   STK00
                                    1-  333     ;   r0x1026
                                    1-  334     ;   STK01
                                    1-  335     ;   r0x1027
                                    1-  336     ;   r0x1028
                                    1-  337     ;   r0x1029
                                    1-  338     ;   r0x102A
                                    1-  339     ;   STK03
                                    1-  340     ;   STK02
                                    1-  341     ;   r0x102B
                                    1-  342     ;   r0x102C
                                    1-  343     ;; Starting pCode block
                                    1-  344     .segment "code"; module=app_tx, function=_send_ble_packet
                                    1-  346     ;local variable name mapping:
     0000                           1-  355     _send_ble_packet:
                                    1-  356     ; 2 exit points
                                    1-  357     	.line	39, "BSP\app_tx.c"; 	void send_ble_packet(unsigned char code_value, unsigned char send_times, unsigned char Serial_Number)
                                    1-  358     	BANKSEL	r0x1025
     0000 rrrr                      3-  109 m1      .banksel ram_address
     0001 00rr                      1-  359     	MOVAR	r0x1025
     0002 01rr                      1-  360     	MOVR	STK00,W
                                    1-  361     	BANKSEL	r0x1026
     0003 rrrr                      3-  109 m1      .banksel ram_address
     0004 00rr                      1-  362     	MOVAR	r0x1026
     0005 01rr                      1-  363     	MOVR	STK01,W
                                    1-  364     	BANKSEL	r0x1027
     0006 rrrr                      3-  109 m1      .banksel ram_address
     0007 00rr                      1-  365     	MOVAR	r0x1027
                                    1-  366     	.line	41, "BSP\app_tx.c"; 	CLRWDT();
     0008 0002                      1-  367     	clrwdt
                                    1-  368     	.line	49, "BSP\app_tx.c"; 	AWUCON = 0xfc;
     0009 21FC                      1-  369     	MOVIA	0xfc
     000A 00rr                      1-  370     	MOVAR	_AWUCON
                                    1-  371     	.line	50, "BSP\app_tx.c"; 	BWUCON = 0x00;
     000B 02rr                      1-  372     	CLRR	_BWUCON
                                    1-  373     	.line	51, "BSP\app_tx.c"; 	IOSTA = C_PA2_Input | C_PA3_Input | C_PA4_Input | C_PA5_Input | C_PA6_Input | C_PA7_Input;  // 配置PA2、3、4、5、6、7为输入
     000C 21FC                      1-  374     	MOVIA	0xfc
     000D 000r                      1-  375     	IOST	_IOSTA
                                    1-  376     	.line	52, "BSP\app_tx.c"; 	APHCON = 0b00100011; // 设置2、3、4、6、7上拉
     000E 2123                      1-  377     	MOVIA	0x23
     000F 000r                      1-  378     	IOST	_APHCON
                                    1-  379     	.line	54, "BSP\app_tx.c"; 	INTE = C_INT_PABKey;
     0010 2102                      1-  380     	MOVIA	0x02
     0011 00rr                      1-  381     	MOVAR	_INTE
                                    1-  382     	.line	55, "BSP\app_tx.c"; 	INTF = 0x00;
     0012 02rr                      1-  383     	CLRR	_INTF
                                    1-  384     	.line	58, "BSP\app_tx.c"; 	CS1630_Tx_Payload[7] = Serial_Number; // 序号，用于区分不同数据包
                                    1-  385     	BANKSEL	r0x1027
     0013 rrrr                      3-  109 m1      .banksel ram_address
     0014 01rr                      1-  386     	MOVR	r0x1027,W
                                    1-  387     	BANKSEL	_CS1630_Tx_Payload
     0015 rrrr                      3-  109 m1      .banksel ram_address
     0016 00rr                      1-  388     	MOVAR	(_CS1630_Tx_Payload + 7)
                                    1-  389     	.line	59, "BSP\app_tx.c"; 	CS1630_Tx_Payload[8] = code_value; // 码值，用于指示功能
                                    1-  390     	BANKSEL	r0x1025
     0017 rrrr                      3-  109 m1      .banksel ram_address
     0018 01rr                      1-  391     	MOVR	r0x1025,W
                                    1-  392     	BANKSEL	_CS1630_Tx_Payload
     0019 rrrr                      3-  109 m1      .banksel ram_address
     001A 00rr                      1-  393     	MOVAR	(_CS1630_Tx_Payload + 8)
                                    1-  394     	.line	60, "BSP\app_tx.c"; 	CS1630_Tx_Payload[11] = rolling_code_0; // 码值，用于指示功能
                                    1-  395     	BANKSEL	_rolling_code_0
     001B rrrr                      3-  109 m1      .banksel ram_address
     001C 01rr                      1-  396     	MOVR	_rolling_code_0,W
                                    1-  397     	BANKSEL	_CS1630_Tx_Payload
     001D rrrr                      3-  109 m1      .banksel ram_address
     001E 00rr                      1-  398     	MOVAR	(_CS1630_Tx_Payload + 11)
                                    1-  399     	.line	61, "BSP\app_tx.c"; 	CS1630_Tx_Payload[12] = rolling_code_1; // 码值，用于指示功能
                                    1-  400     	BANKSEL	_rolling_code_1
     001F rrrr                      3-  109 m1      .banksel ram_address
     0020 01rr                      1-  401     	MOVR	_rolling_code_1,W
                                    1-  402     	BANKSEL	_CS1630_Tx_Payload
     0021 rrrr                      3-  109 m1      .banksel ram_address
     0022 00rr                      1-  403     	MOVAR	(_CS1630_Tx_Payload + 12)
                                    1-  404     	.line	62, "BSP\app_tx.c"; 	CS1630_Tx_Payload[13] = rolling_code_2; // 码值，用于指示功能
                                    1-  405     	BANKSEL	_rolling_code_2
     0023 rrrr                      3-  109 m1      .banksel ram_address
     0024 01rr                      1-  406     	MOVR	_rolling_code_2,W
                                    1-  407     	BANKSEL	_CS1630_Tx_Payload
     0025 rrrr                      3-  109 m1      .banksel ram_address
     0026 00rr                      1-  408     	MOVAR	(_CS1630_Tx_Payload + 13)
                                    1-  409     	.line	64, "BSP\app_tx.c"; 	CS1630_CE_Low();
                                    1-  410     	MCALL	_CS1630_CE_Low
     0027 2rrr                      3-   65 m1      LCALL rom_address
                                    1-  411     	.line	65, "BSP\app_tx.c"; 	CS1630_Flush_Tx();
                                    1-  412     	MCALL	_CS1630_Flush_Tx
     0028 2rrr                      3-   65 m1      LCALL rom_address
                                    1-  413     	.line	66, "BSP\app_tx.c"; 	CS1630_Clear_All_Irq();
                                    1-  414     	MCALL	_CS1630_Clear_All_Irq
     0029 2rrr                      3-   65 m1      LCALL rom_address
                                    1-  415     	.line	69, "BSP\app_tx.c"; 	CS1630_write_byte(CS1630_BANK0_CONFIG, 0x0f);
     002A 210F                      1-  416     	MOVIA	0x0f
     002B 00rr                      1-  417     	MOVAR	STK00
     002C 2100                      1-  418     	MOVIA	0x00
                                    1-  419     	MCALL	_CS1630_write_byte
     002D 2rrr                      3-   65 m1      LCALL rom_address
                                    1-  420     	.line	70, "BSP\app_tx.c"; 	delay_ms(5);
     002E 2105                      1-  421     	MOVIA	0x05
                                    1-  422     	MCALL	_delay_ms
     002F 2rrr                      3-   65 m1      LCALL rom_address
                                    1-  423     	.line	72, "BSP\app_tx.c"; 	CLRWDT();
     0030 0002                      1-  424     	clrwdt
                                    1-  425     	.line	73, "BSP\app_tx.c"; 	PB4 = 1;
                                    1-  426     	BANKSEL	_PORTB
     0031 rrrr                      3-  109 m1      .banksel ram_address
     0032 1Arr                      1-  427     	BSR	_PORTB,4
                                    1-  428     	.line	75, "BSP\app_tx.c"; 	for(idx = 0; idx < 3; idx++)
                                    1-  429     	BANKSEL	r0x1025
     0033 rrrr                      3-  109 m1      .banksel ram_address
     0034 02rr                      1-  430     	CLRR	r0x1025
     0035                           1-  431     _02028_DS_:
                                    1-  432     	.line	77, "BSP\app_tx.c"; 	CLRWDT();
     0035 0002                      1-  433     	clrwdt
                                    1-  434     	.line	78, "BSP\app_tx.c"; 	CS1630_write_byte(CS1630_BANK0_RF_CH, channel_index[idx]); // 设置射频频道
                                    1-  435     	BANKSEL	r0x1025
     0036 rrrr                      3-  109 m1      .banksel ram_address
     0037 01rr                      1-  436     	MOVR	r0x1025,W
     0038 25rr                      1-  437     	ADDIA	(_channel_index + 0)
                                    1-  438     	BANKSEL	r0x1027
     0039 rrrr                      3-  109 m1      .banksel ram_address
     003A 00rr                      1-  439     	MOVAR	r0x1027
     003B 21rr                      1-  440     	MOVIA	((_channel_index + 0) >> 8) & 0xff
     003C 2600                      1-  441     	ADCIA	0x00
                                    1-  442     	BANKSEL	r0x1028
     003D rrrr                      3-  109 m1      .banksel ram_address
     003E 00rr                      1-  443     	MOVAR	r0x1028
                                    1-  444     	BANKSEL	r0x1027
     003F rrrr                      3-  109 m1      .banksel ram_address
     0040 01rr                      1-  445     	MOVR	r0x1027,W
     0041 00rr                      1-  446     	MOVAR	STK01
                                    1-  447     	BANKSEL	r0x1028
     0042 rrrr                      3-  109 m1      .banksel ram_address
     0043 01rr                      1-  448     	MOVR	r0x1028,W
     0044 00rr                      1-  449     	MOVAR	STK00
     0045 2180                      1-  450     	MOVIA	0x80
                                    1-  451     	MCALL	__gptrget1
     0046 2rrr                      3-   65 m1      LCALL rom_address
                                    1-  452     	BANKSEL	r0x1029
     0047 rrrr                      3-  109 m1      .banksel ram_address
     0048 00rr                      1-  453     	MOVAR	r0x1029
     0049 01rr                      1-  454     	MOVR	r0x1029,W
     004A 00rr                      1-  455     	MOVAR	STK00
     004B 2105                      1-  456     	MOVIA	0x05
                                    1-  457     	MCALL	_CS1630_write_byte
     004C 2rrr                      3-   65 m1      LCALL rom_address
                                    1-  458     	.line	79, "BSP\app_tx.c"; 	for(mini_circle = 0; mini_circle < 3; mini_circle++)
                                    1-  459     	BANKSEL	r0x1027
     004D rrrr                      3-  109 m1      .banksel ram_address
     004E 02rr                      1-  460     	CLRR	r0x1027
     004F                           1-  461     _02026_DS_:
                                    1-  462     	.line	81, "BSP\app_tx.c"; 	CS1630_SendPack(RF_W_TX_PAYLOAD, CS1630_Tx_Payload, 0x14); // 发送数据包
     004F 21rr                      1-  463     	MOVIA	(_CS1630_Tx_Payload + 0)
                                    1-  464     	BANKSEL	r0x1028
     0050 rrrr                      3-  109 m1      .banksel ram_address
     0051 00rr                      1-  465     	MOVAR	r0x1028
                                    1-  466     	BANKSEL	r0x1029
     0052 rrrr                      3-  109 m1      .banksel ram_address
     0053 02rr                      1-  467     	CLRR	r0x1029
                                    1-  468     	BANKSEL	r0x102A
     0054 rrrr                      3-  109 m1      .banksel ram_address
     0055 02rr                      1-  469     	CLRR	r0x102A
     0056 2114                      1-  470     	MOVIA	0x14
     0057 00rr                      1-  471     	MOVAR	STK03
                                    1-  472     	BANKSEL	r0x1028
     0058 rrrr                      3-  109 m1      .banksel ram_address
     0059 01rr                      1-  473     	MOVR	r0x1028,W
     005A 00rr                      1-  474     	MOVAR	STK02
                                    1-  475     	BANKSEL	r0x1029
     005B rrrr                      3-  109 m1      .banksel ram_address
     005C 01rr                      1-  476     	MOVR	r0x1029,W
     005D 00rr                      1-  477     	MOVAR	STK01
                                    1-  478     	BANKSEL	r0x102A
     005E rrrr                      3-  109 m1      .banksel ram_address
     005F 01rr                      1-  479     	MOVR	r0x102A,W
     0060 00rr                      1-  480     	MOVAR	STK00
     0061 21A0                      1-  481     	MOVIA	0xa0
                                    1-  482     	MCALL	_CS1630_SendPack
     0062 2rrr                      3-   65 m1      LCALL rom_address
                                    1-  483     	.line	82, "BSP\app_tx.c"; 	CS1630_CE_High(); // 产生CE脉冲，开始发送
                                    1-  484     	MCALL	_CS1630_CE_High
     0063 2rrr                      3-   65 m1      LCALL rom_address
                                    1-  485     	.line	83, "BSP\app_tx.c"; 	delay_40us(); // 等待脉冲稳定
                                    1-  486     	MCALL	_delay_40us
     0064 2rrr                      3-   65 m1      LCALL rom_address
                                    1-  487     	.line	84, "BSP\app_tx.c"; 	CS1630_CE_Low(); // 结束脉冲
                                    1-  488     	MCALL	_CS1630_CE_Low
     0065 2rrr                      3-   65 m1      LCALL rom_address
     0066                           1-  489     _02009_DS_:
                                    1-  490     	.line	88, "BSP\app_tx.c"; 	status = CS1630_read_byte(CS1630_BANK0_STATUS); // 读取状态寄存器
     0066 2107                      1-  491     	MOVIA	0x07
                                    1-  492     	MCALL	_CS1630_read_byte
     0067 2rrr                      3-   65 m1      LCALL rom_address
                                    1-  493     	BANKSEL	r0x1028
     0068 rrrr                      3-  109 m1      .banksel ram_address
     0069 00rr                      1-  494     	MOVAR	r0x1028
                                    1-  495     	.line	89, "BSP\app_tx.c"; 	if ((TX_DS & status) || (MAX_RT & status)) // 检查发送完成或重传达到最大次数
     006A 0Err                      1-  496     	BTRSC	r0x1028,5
                                    1-  497     	MGOTO	_02005_DS_
     006B 3rrr                      3-   62 m1      LGOTO rom_address
     006C 0Arr                      1-  498     	BTRSS	r0x1028,4
                                    1-  499     	MGOTO	_02009_DS_
     006D 3rrr                      3-   62 m1      LGOTO rom_address
     006E                           1-  500     _02005_DS_:
                                    1-  501     	.line	91, "BSP\app_tx.c"; 	CS1630_write_byte(CS1630_BANK0_STATUS, status); // 清除状态
                                    1-  502     	BANKSEL	r0x1028
     006E rrrr                      3-  109 m1      .banksel ram_address
     006F 01rr                      1-  503     	MOVR	r0x1028,W
     0070 00rr                      1-  504     	MOVAR	STK00
     0071 2107                      1-  505     	MOVIA	0x07
                                    1-  506     	MCALL	_CS1630_write_byte
     0072 2rrr                      3-   65 m1      LCALL rom_address
                                    1-  507     	.line	79, "BSP\app_tx.c"; 	for(mini_circle = 0; mini_circle < 3; mini_circle++)
                                    1-  508     	BANKSEL	r0x1027
     0073 rrrr                      3-  109 m1      .banksel ram_address
     0074 05rr                      1-  509     	INCR	r0x1027,F
                                    1-  510     ;;unsigned compare: left < lit(0x3=3), size=1
     0075 2103                      1-  511     	MOVIA	0x03
     0076 04rr                      1-  512     	SUBAR	r0x1027,W
     0077 0803                      1-  513     	BTRSS	STATUS,0
                                    1-  514     	MGOTO	_02026_DS_
     0078 3rrr                      3-   62 m1      LGOTO rom_address
                                    1-  515     	.line	75, "BSP\app_tx.c"; 	for(idx = 0; idx < 3; idx++)
                                    1-  516     	BANKSEL	r0x1025
     0079 rrrr                      3-  109 m1      .banksel ram_address
     007A 05rr                      1-  517     	INCR	r0x1025,F
                                    1-  518     ;;unsigned compare: left < lit(0x3=3), size=1
     007B 2103                      1-  519     	MOVIA	0x03
     007C 04rr                      1-  520     	SUBAR	r0x1025,W
     007D 0803                      1-  521     	BTRSS	STATUS,0
                                    1-  522     	MGOTO	_02028_DS_
     007E 3rrr                      3-   62 m1      LGOTO rom_address
                                    1-  523     	.line	97, "BSP\app_tx.c"; 	PB4 = 0;
                                    1-  524     	BANKSEL	_PORTB
     007F rrrr                      3-  109 m1      .banksel ram_address
     0080 1Err                      1-  525     	BCR	_PORTB,4
                                    1-  526     	.line	98, "BSP\app_tx.c"; 	key_status_change = 0;
                                    1-  527     	BANKSEL	_key_status_change
     0081 rrrr                      3-  109 m1      .banksel ram_address
     0082 02rr                      1-  528     	CLRR	_key_status_change
                                    1-  529     	.line	100, "BSP\app_tx.c"; 	for(great_circle = 0; great_circle < send_times; great_circle++)
                                    1-  530     	BANKSEL	r0x1025
     0083 rrrr                      3-  109 m1      .banksel ram_address
     0084 02rr                      1-  531     	CLRR	r0x1025
                                    1-  532     	BANKSEL	r0x1027
     0085 rrrr                      3-  109 m1      .banksel ram_address
     0086 02rr                      1-  533     	CLRR	r0x1027
     0087                           1-  534     _02035_DS_:
                                    1-  535     	BANKSEL	r0x1026
     0087 rrrr                      3-  109 m1      .banksel ram_address
     0088 01rr                      1-  536     	MOVR	r0x1026,W
                                    1-  537     	BANKSEL	r0x1027
     0089 rrrr                      3-  109 m1      .banksel ram_address
     008A 04rr                      1-  538     	SUBAR	r0x1027,W
     008B 0C03                      1-  539     	BTRSC	STATUS,0
                                    1-  540     	MGOTO	_02025_DS_
     008C 3rrr                      3-   62 m1      LGOTO rom_address
                                    1-  541     	.line	102, "BSP\app_tx.c"; 	CLRWDT();
     008D 0002                      1-  542     	clrwdt
                                    1-  543     	.line	104, "BSP\app_tx.c"; 	for(idx = 0; idx < 3; idx++)
                                    1-  544     	BANKSEL	r0x1028
     008E rrrr                      3-  109 m1      .banksel ram_address
     008F 02rr                      1-  545     	CLRR	r0x1028
     0090                           1-  546     _02032_DS_:
                                    1-  547     	.line	106, "BSP\app_tx.c"; 	CLRWDT();
     0090 0002                      1-  548     	clrwdt
                                    1-  549     	.line	107, "BSP\app_tx.c"; 	CS1630_write_byte(CS1630_BANK0_RF_CH, channel_index[idx]); // 设置射频频道
                                    1-  550     	BANKSEL	r0x1028
     0091 rrrr                      3-  109 m1      .banksel ram_address
     0092 01rr                      1-  551     	MOVR	r0x1028,W
     0093 25rr                      1-  552     	ADDIA	(_channel_index + 0)
                                    1-  553     	BANKSEL	r0x1029
     0094 rrrr                      3-  109 m1      .banksel ram_address
     0095 00rr                      1-  554     	MOVAR	r0x1029
     0096 21rr                      1-  555     	MOVIA	((_channel_index + 0) >> 8) & 0xff
     0097 2600                      1-  556     	ADCIA	0x00
                                    1-  557     	BANKSEL	r0x102A
     0098 rrrr                      3-  109 m1      .banksel ram_address
     0099 00rr                      1-  558     	MOVAR	r0x102A
                                    1-  559     	BANKSEL	r0x1029
     009A rrrr                      3-  109 m1      .banksel ram_address
     009B 01rr                      1-  560     	MOVR	r0x1029,W
     009C 00rr                      1-  561     	MOVAR	STK01
                                    1-  562     	BANKSEL	r0x102A
     009D rrrr                      3-  109 m1      .banksel ram_address
     009E 01rr                      1-  563     	MOVR	r0x102A,W
     009F 00rr                      1-  564     	MOVAR	STK00
     00A0 2180                      1-  565     	MOVIA	0x80
                                    1-  566     	MCALL	__gptrget1
     00A1 2rrr                      3-   65 m1      LCALL rom_address
                                    1-  567     	BANKSEL	r0x102B
     00A2 rrrr                      3-  109 m1      .banksel ram_address
     00A3 00rr                      1-  568     	MOVAR	r0x102B
     00A4 01rr                      1-  569     	MOVR	r0x102B,W
     00A5 00rr                      1-  570     	MOVAR	STK00
     00A6 2105                      1-  571     	MOVIA	0x05
                                    1-  572     	MCALL	_CS1630_write_byte
     00A7 2rrr                      3-   65 m1      LCALL rom_address
                                    1-  573     	.line	108, "BSP\app_tx.c"; 	for(mini_circle = 0; mini_circle < 3; mini_circle++)
                                    1-  574     	BANKSEL	r0x1029
     00A8 rrrr                      3-  109 m1      .banksel ram_address
     00A9 02rr                      1-  575     	CLRR	r0x1029
     00AA                           1-  576     _02030_DS_:
                                    1-  577     	.line	110, "BSP\app_tx.c"; 	CS1630_SendPack(RF_W_TX_PAYLOAD, CS1630_Tx_Payload, 0x14); // 发送数据包
     00AA 21rr                      1-  578     	MOVIA	(_CS1630_Tx_Payload + 0)
                                    1-  579     	BANKSEL	r0x102A
     00AB rrrr                      3-  109 m1      .banksel ram_address
     00AC 00rr                      1-  580     	MOVAR	r0x102A
                                    1-  581     	BANKSEL	r0x102B
     00AD rrrr                      3-  109 m1      .banksel ram_address
     00AE 02rr                      1-  582     	CLRR	r0x102B
                                    1-  583     	BANKSEL	r0x102C
     00AF rrrr                      3-  109 m1      .banksel ram_address
     00B0 02rr                      1-  584     	CLRR	r0x102C
     00B1 2114                      1-  585     	MOVIA	0x14
     00B2 00rr                      1-  586     	MOVAR	STK03
                                    1-  587     	BANKSEL	r0x102A
     00B3 rrrr                      3-  109 m1      .banksel ram_address
     00B4 01rr                      1-  588     	MOVR	r0x102A,W
     00B5 00rr                      1-  589     	MOVAR	STK02
                                    1-  590     	BANKSEL	r0x102B
     00B6 rrrr                      3-  109 m1      .banksel ram_address
     00B7 01rr                      1-  591     	MOVR	r0x102B,W
     00B8 00rr                      1-  592     	MOVAR	STK01
                                    1-  593     	BANKSEL	r0x102C
     00B9 rrrr                      3-  109 m1      .banksel ram_address
     00BA 01rr                      1-  594     	MOVR	r0x102C,W
     00BB 00rr                      1-  595     	MOVAR	STK00
     00BC 21A0                      1-  596     	MOVIA	0xa0
                                    1-  597     	MCALL	_CS1630_SendPack
     00BD 2rrr                      3-   65 m1      LCALL rom_address
                                    1-  598     	.line	111, "BSP\app_tx.c"; 	CS1630_CE_High(); // 产生CE脉冲，开始发送
                                    1-  599     	MCALL	_CS1630_CE_High
     00BE 2rrr                      3-   65 m1      LCALL rom_address
                                    1-  600     	.line	112, "BSP\app_tx.c"; 	delay_40us(); // 等待脉冲稳定
                                    1-  601     	MCALL	_delay_40us
     00BF 2rrr                      3-   65 m1      LCALL rom_address
                                    1-  602     	.line	113, "BSP\app_tx.c"; 	CS1630_CE_Low(); // 结束脉冲
                                    1-  603     	MCALL	_CS1630_CE_Low
     00C0 2rrr                      3-   65 m1      LCALL rom_address
     00C1                           1-  604     _02017_DS_:
                                    1-  605     	.line	117, "BSP\app_tx.c"; 	status = CS1630_read_byte(CS1630_BANK0_STATUS); // 读取状态寄存器
     00C1 2107                      1-  606     	MOVIA	0x07
                                    1-  607     	MCALL	_CS1630_read_byte
     00C2 2rrr                      3-   65 m1      LCALL rom_address
                                    1-  608     	BANKSEL	r0x102A
     00C3 rrrr                      3-  109 m1      .banksel ram_address
     00C4 00rr                      1-  609     	MOVAR	r0x102A
                                    1-  610     	.line	118, "BSP\app_tx.c"; 	if ((TX_DS & status) || (MAX_RT & status)) // 检查发送完成或重传达到最大次数
     00C5 0Err                      1-  611     	BTRSC	r0x102A,5
                                    1-  612     	MGOTO	_02013_DS_
     00C6 3rrr                      3-   62 m1      LGOTO rom_address
     00C7 0Arr                      1-  613     	BTRSS	r0x102A,4
                                    1-  614     	MGOTO	_02017_DS_
     00C8 3rrr                      3-   62 m1      LGOTO rom_address
     00C9                           1-  615     _02013_DS_:
                                    1-  616     	.line	120, "BSP\app_tx.c"; 	CS1630_write_byte(CS1630_BANK0_STATUS, status); // 清除状态
                                    1-  617     	BANKSEL	r0x102A
     00C9 rrrr                      3-  109 m1      .banksel ram_address
     00CA 01rr                      1-  618     	MOVR	r0x102A,W
     00CB 00rr                      1-  619     	MOVAR	STK00
     00CC 2107                      1-  620     	MOVIA	0x07
                                    1-  621     	MCALL	_CS1630_write_byte
     00CD 2rrr                      3-   65 m1      LCALL rom_address
                                    1-  622     	.line	108, "BSP\app_tx.c"; 	for(mini_circle = 0; mini_circle < 3; mini_circle++)
                                    1-  623     	BANKSEL	r0x1029
     00CE rrrr                      3-  109 m1      .banksel ram_address
     00CF 05rr                      1-  624     	INCR	r0x1029,F
                                    1-  625     ;;unsigned compare: left < lit(0x3=3), size=1
     00D0 2103                      1-  626     	MOVIA	0x03
     00D1 04rr                      1-  627     	SUBAR	r0x1029,W
     00D2 0803                      1-  628     	BTRSS	STATUS,0
                                    1-  629     	MGOTO	_02030_DS_
     00D3 3rrr                      3-   62 m1      LGOTO rom_address
                                    1-  630     	.line	104, "BSP\app_tx.c"; 	for(idx = 0; idx < 3; idx++)
                                    1-  631     	BANKSEL	r0x1028
     00D4 rrrr                      3-  109 m1      .banksel ram_address
     00D5 05rr                      1-  632     	INCR	r0x1028,F
                                    1-  633     ;;unsigned compare: left < lit(0x3=3), size=1
     00D6 2103                      1-  634     	MOVIA	0x03
     00D7 04rr                      1-  635     	SUBAR	r0x1028,W
     00D8 0803                      1-  636     	BTRSS	STATUS,0
                                    1-  637     	MGOTO	_02032_DS_
     00D9 3rrr                      3-   62 m1      LGOTO rom_address
                                    1-  638     	.line	127, "BSP\app_tx.c"; 	if(key_status_change == 1)
                                    1-  639     	BANKSEL	_key_status_change
     00DA rrrr                      3-  109 m1      .banksel ram_address
     00DB 01rr                      1-  640     	MOVR	_key_status_change,W
     00DC 2401                      1-  641     	XORIA	0x01
     00DD 0903                      1-  642     	BTRSS	STATUS,2
                                    1-  643     	MGOTO	_02036_DS_
     00DE 3rrr                      3-   62 m1      LGOTO rom_address
                                    1-  644     	.line	129, "BSP\app_tx.c"; 	key_status_change = 0;
     00DF 02rr                      1-  645     	CLRR	_key_status_change
                                    1-  646     	.line	130, "BSP\app_tx.c"; 	enter_interput_times++;
                                    1-  647     	BANKSEL	r0x1025
     00E0 rrrr                      3-  109 m1      .banksel ram_address
     00E1 05rr                      1-  648     	INCR	r0x1025,F
                                    1-  649     	.line	131, "BSP\app_tx.c"; 	if(enter_interput_times == 2)
     00E2 01rr                      1-  650     	MOVR	r0x1025,W
     00E3 2402                      1-  651     	XORIA	0x02
     00E4 0903                      1-  652     	BTRSS	STATUS,2
                                    1-  653     	MGOTO	_02036_DS_
     00E5 3rrr                      3-   62 m1      LGOTO rom_address
                                    1-  654     	.line	133, "BSP\app_tx.c"; 	one_key_twice_dowm = 1;
     00E6 2101                      1-  655     	MOVIA	0x01
                                    1-  656     	BANKSEL	_one_key_twice_dowm
     00E7 rrrr                      3-  109 m1      .banksel ram_address
     00E8 00rr                      1-  657     	MOVAR	_one_key_twice_dowm
                                    1-  658     	.line	135, "BSP\app_tx.c"; 	CS1630_write_byte(CS1630_BANK0_CONFIG, 0x0d);
     00E9 210D                      1-  659     	MOVIA	0x0d
     00EA 00rr                      1-  660     	MOVAR	STK00
     00EB 2100                      1-  661     	MOVIA	0x00
                                    1-  662     	MCALL	_CS1630_write_byte
     00EC 2rrr                      3-   65 m1      LCALL rom_address
                                    1-  663     	.line	136, "BSP\app_tx.c"; 	delay_ms(2);
     00ED 2102                      1-  664     	MOVIA	0x02
                                    1-  665     	MCALL	_delay_ms
     00EE 2rrr                      3-   65 m1      LCALL rom_address
                                    1-  666     	.line	137, "BSP\app_tx.c"; 	return;
                                    1-  667     	MGOTO	_02037_DS_
     00EF 3rrr                      3-   62 m1      LGOTO rom_address
     00F0                           1-  668     _02036_DS_:
                                    1-  669     	.line	100, "BSP\app_tx.c"; 	for(great_circle = 0; great_circle < send_times; great_circle++)
                                    1-  670     	BANKSEL	r0x1027
     00F0 rrrr                      3-  109 m1      .banksel ram_address
     00F1 05rr                      1-  671     	INCR	r0x1027,F
                                    1-  672     	MGOTO	_02035_DS_
     00F2 3rrr                      3-   62 m1      LGOTO rom_address
     00F3                           1-  673     _02025_DS_:
                                    1-  674     	.line	143, "BSP\app_tx.c"; 	CS1630_write_byte(CS1630_BANK0_CONFIG, 0x0d);
     00F3 210D                      1-  675     	MOVIA	0x0d
     00F4 00rr                      1-  676     	MOVAR	STK00
     00F5 2100                      1-  677     	MOVIA	0x00
                                    1-  678     	MCALL	_CS1630_write_byte
     00F6 2rrr                      3-   65 m1      LCALL rom_address
                                    1-  679     	.line	144, "BSP\app_tx.c"; 	delay_ms(2);
     00F7 2102                      1-  680     	MOVIA	0x02
                                    1-  681     	MCALL	_delay_ms
     00F8 2rrr                      3-   65 m1      LCALL rom_address
     00F9                           1-  682     _02037_DS_:
                                    1-  683     	.line	145, "BSP\app_tx.c"; 	}
                                    1-  684     	RETURN	
     00F9 0010                      3-   39 m1      ret
                                    1-  685     ; exit point of _send_ble_packet
                                    1-  688     ;	code size estimation:
                                    1-  689     ;	  185+   60 =   245 instructions (  610 byte)
                                    1-  691     	end

SYMBOL TABLE            TYPE     VALUE
__pin_count__           Constant 0000000E
__processor__           Constant 00800544
C                       Constant 00000000
DC                      Constant 00000001
ENABLE_RAM_BANK         Constant 00000001
F                       Constant 00000001
FSR                     Constant 00000004
INDF                    Constant 00000000
PCHBUF                  Constant 0000000A
PCL                     Constant 00000002
STATUS                  Constant 00000003
USEFGOTO                Constant 00000000
W                       Constant 00000000
Z                       Constant 00000002


SOURCE FILE TABLE
001 OBJ/BSP\app_tx.s
002 ny8a054e.inc
003 common.inc
004 BSP\app_tx.c

PROCESSOR    = NY8A054E (8 bits)
PROGRAM ROM  = 0x00000000 - 0x000007FF
DATA ROM     = 0x00000000 - 0x000007FF
RESERVED MEM = 0x00000800 - 0x00000810
SRAM / SFR   = 0x00000000 - 0x00000000
