
                    Nyquest Technology Co., Ltd.

NYASM 2.50

    ADDR  OPCODE/VALUE              LINE   TAG  SOURCE                   STATEMENT    

                                    1-    1     ;--------------------------------------------------------
                                    1-    2     ; File Created by SDCC : free open source ISO C Compiler 
                                    1-    3     ; Version 4.2.2 #0 (MSVC)
                                    1-    4     ;--------------------------------------------------------
                                    1-    5     ; NY8A port
                                    1-    6     ;--------------------------------------------------------
                                    1-    7     	.file	"BSP\bsp_usart.c"
                                    1-    8     	list	p=NY8A054E,c=on
                                    1-    9     	#include "ny8a054e.inc"
                                    2-    1     #include "common.inc"
                                    3-    1     ;; header file for 8 bit series assembly -*- mode:asm; coding:utf-8; -*-
                                    3-    2     ;; author    Ting
                                    3-    3     ;; date      2020-12-24
                                    3-    4     ;;
                                    3-    5     ;; # constant definition
                                    3-    6     ;;
                                    3-    7     ;; ## instruction result store destination
                                    3-    8     ;;  - W: the result is stored in the ACC.
                                    3-    9     ;;  - F: the result is stored back in register.
                                    3-   10     ;; ## flag name in STATUS register
                                    3-   11     ;;  - C, DC, Z
                                    3-   12     ;;
                                    3-   13     ;; # macro define
                                    3-   14     ;;
                                    3-   15     ;; ## RETURN, used by C compiler, end of function
                                    3-   16     ;; ## PAGESEL, empty macro, maybe used by C compiler (bug?)
                                    3-   17     ;; ## BANKSEL, replace by .banksel pseudo command, empty if disable bank.
                                    3-   18     ;; ## MGOTO, replace by LGOTO (ic<=2K word) or FGOTO (ic>2K word)
                                    3-   19     ;; ## MCALL, same as above
                                    3-   20     ;;
                                    3-   21     W       EQU 0
                                    3-   21     ;W = 0
                                    3-   22     F       EQU 1
                                    3-   22     ;F = 1
                                    3-   23     C		EQU	0
                                    3-   23     ;C = 0
                                    3-   24     DC		EQU	1
                                    3-   24     ;DC = 1
                                    3-   25     Z		EQU	2
                                    3-   25     ;Z = 2
                                    3-   28     ;; common register for all series
                                    3-   29     INDF    EQU 0x00
                                    3-   29     ;INDF = 0
                                    3-   30     PCL     EQU 0x02
                                    3-   30     ;PCL = 2
                                    3-   31     STATUS  EQU 0x03
                                    3-   31     ;STATUS = 3
                                    3-   32     FSR     EQU 0x04
                                    3-   32     ;FSR = 4
                                    3-   33     PCHBUF  EQU 0x0A
                                    3-   33     ;PCHBUF = 10
                                    1-   11     ;--------------------------------------------------------
                                    1-   12     ; external declarations
                                    1-   13     ;--------------------------------------------------------
                                    1-   14     	extern	_delay_40us
                                    1-   15     	extern	_delay_us
                                    1-   16     	extern	_delay_250ms
                                    1-   17     	extern	_delay_ms
                                    1-   18     	extern	_clear_ram
                                    1-   19     	extern	_multi_16b
                                    1-   20     	extern	_multi_8b
                                    1-   21     	extern	_T0MD
                                    1-   22     	extern	_PCON1
                                    1-   23     	extern	_CMPCR
                                    1-   24     	extern	_BODCON
                                    1-   25     	extern	_PS0CV
                                    1-   26     	extern	_APHCON
                                    1-   27     	extern	_IOSTB
                                    1-   28     	extern	_IOSTA
                                    1-   29     	extern	_PWM5RH
                                    1-   30     	extern	_PWM5DUTY
                                    1-   31     	extern	_P5CR1
                                    1-   32     	extern	_PWM4DUTY
                                    1-   33     	extern	_P4CR1
                                    1-   34     	extern	_PS3CV
                                    1-   35     	extern	_PWM3DUTY
                                    1-   36     	extern	_T3CR2
                                    1-   37     	extern	_T3CR1
                                    1-   38     	extern	_TMR3
                                    1-   39     	extern	_OSCCR
                                    1-   40     	extern	_PWM2DUTY
                                    1-   41     	extern	_P2CR1
                                    1-   42     	extern	_TBHD
                                    1-   43     	extern	_TBHP
                                    1-   44     	extern	_IRCR
                                    1-   45     	extern	_BZ1CR
                                    1-   46     	extern	_PS1CV
                                    1-   47     	extern	_PWM1DUTY
                                    1-   48     	extern	_T1CR2
                                    1-   49     	extern	_T1CR1
                                    1-   50     	extern	_TMR1
                                    1-   51     	extern	_TM34RH
                                    1-   52     	extern	_TMRH
                                    1-   53     	extern	_PCHBUF
                                    1-   54     	extern	_STATUS
                                    1-   55     	extern	_PCL
                                    1-   56     	extern	_TMR0
                                    1-   57     	extern	_INTE2bits
                                    1-   58     	extern	_RFCbits
                                    1-   59     	extern	_INTEDGbits
                                    1-   60     	extern	_AWUCONbits
                                    1-   61     	extern	_INTFbits
                                    1-   62     	extern	_INTEbits
                                    1-   63     	extern	_BPHCONbits
                                    1-   64     	extern	_ABPLCONbits
                                    1-   65     	extern	_BWUCONbits
                                    1-   66     	extern	_PCONbits
                                    1-   67     	extern	_PORTBbits
                                    1-   68     	extern	_PORTAbits
                                    1-   69     	extern	__gptrget1
                                    1-   71     	extern PSAVE
                                    1-   72     	extern SSAVE
                                    1-   73     	extern WSAVE
                                    1-   74     	extern STK12
                                    1-   75     	extern ___STK12
                                    1-   76     	extern STK11
                                    1-   77     	extern ___STK11
                                    1-   78     	extern STK10
                                    1-   79     	extern ___STK10
                                    1-   80     	extern STK09
                                    1-   81     	extern ___STK09
                                    1-   82     	extern STK08
                                    1-   83     	extern ___STK08
                                    1-   84     	extern STK07
                                    1-   85     	extern ___STK07
                                    1-   86     	extern STK06
                                    1-   87     	extern ___STK06
                                    1-   88     	extern STK05
                                    1-   89     	extern ___STK05
                                    1-   90     	extern STK04
                                    1-   91     	extern ___STK04
                                    1-   92     	extern STK03
                                    1-   93     	extern ___STK03
                                    1-   94     	extern STK02
                                    1-   95     	extern ___STK02
                                    1-   96     	extern STK01
                                    1-   97     	extern ___STK01
                                    1-   98     	extern STK00
                                    1-   99     	extern ___STK00
                                    1-  100     ;--------------------------------------------------------
                                    1-  101     ; global declarations
                                    1-  102     ;--------------------------------------------------------
                                    1-  103     	extern	_INTE2
                                    1-  104     	extern	_RFC
                                    1-  105     	extern	_INTEDG
                                    1-  106     	extern	_AWUCON
                                    1-  107     	extern	_INTF
                                    1-  108     	extern	_INTE
                                    1-  109     	extern	_BPHCON
                                    1-  110     	extern	_ABPLCON
                                    1-  111     	extern	_BWUCON
                                    1-  112     	extern	_PCON
                                    1-  113     	extern	_PORTB
                                    1-  114     	extern	_PORTA
                                    1-  115     	extern	_usart_init
                                    1-  116     	extern	_usart_send_byte
                                    1-  117     	extern	_usart_send_string
                                    1-  119     ;--------------------------------------------------------
                                    1-  120     ; global definitions
                                    1-  121     ;--------------------------------------------------------
                                    1-  122     ;--------------------------------------------------------
                                    1-  123     ; absolute symbol definitions
                                    1-  124     ;--------------------------------------------------------
                                    1-  125     ;--------------------------------------------------------
                                    1-  126     ; compiler-defined variables
                                    1-  127     ;--------------------------------------------------------
                                    1-  128     .segment "uninit"
     0000                           1-  129     r0x1000:
                                    1-  130     	.res	1
                                    1-  131     .segment "uninit"
     0000                           1-  132     r0x1001:
                                    1-  133     	.res	1
                                    1-  134     .segment "uninit"
     0000                           1-  135     r0x1004:
                                    1-  136     	.res	1
                                    1-  137     .segment "uninit"
     0000                           1-  138     r0x1003:
                                    1-  139     	.res	1
                                    1-  140     .segment "uninit"
     0000                           1-  141     r0x1002:
                                    1-  142     	.res	1
                                    1-  143     .segment "uninit"
     0000                           1-  144     r0x1005:
                                    1-  145     	.res	1
                                    1-  146     ;--------------------------------------------------------
                                    1-  147     ; initialized data
                                    1-  148     ;--------------------------------------------------------
                                    1-  149     ;--------------------------------------------------------
                                    1-  150     ; initialized absolute data
                                    1-  151     ;--------------------------------------------------------
                                    1-  152     ;--------------------------------------------------------
                                    1-  153     ; overlayable items in internal ram 
                                    1-  154     ;--------------------------------------------------------
                                    1-  155     ;	udata_ovr
                                    1-  156     ;--------------------------------------------------------
                                    1-  157     ; code
                                    1-  158     ;--------------------------------------------------------
                                    1-  159     ; code_bsp_usart	code
                                    1-  160     ;***
                                    1-  161     ;  pBlock Stats: dbName = C
                                    1-  162     ;***
                                    1-  163     ;has an exit
                                    1-  164     ;functions called:
                                    1-  165     ;   __gptrget1
                                    1-  166     ;   _usart_send_byte
                                    1-  167     ;   __gptrget1
                                    1-  168     ;   _usart_send_byte
                                    1-  169     ;6 compiler assigned registers:
                                    1-  170     ;   r0x1002
                                    1-  171     ;   STK00
                                    1-  172     ;   r0x1003
                                    1-  173     ;   STK01
                                    1-  174     ;   r0x1004
                                    1-  175     ;   r0x1005
                                    1-  176     ;; Starting pCode block
                                    1-  177     .segment "code"; module=bsp_usart, function=_usart_send_string
     0000                           1-  179     _usart_send_string:
                                    1-  180     ; 2 exit points
                                    1-  181     	.line	37, "BSP\bsp_usart.c"; 	void usart_send_string(uint8_t *str)
                                    1-  182     	BANKSEL	r0x1002
     0000 rrrr                      3-  109 m1      .banksel ram_address
     0001 00rr                      1-  183     	MOVAR	r0x1002
     0002 01rr                      1-  184     	MOVR	STK00,W
                                    1-  185     	BANKSEL	r0x1003
     0003 rrrr                      3-  109 m1      .banksel ram_address
     0004 00rr                      1-  186     	MOVAR	r0x1003
     0005 01rr                      1-  187     	MOVR	STK01,W
                                    1-  188     	BANKSEL	r0x1004
     0006 rrrr                      3-  109 m1      .banksel ram_address
     0007 00rr                      1-  189     	MOVAR	r0x1004
     0008                           1-  190     _02018_DS_:
                                    1-  191     	.line	39, "BSP\bsp_usart.c"; 	while (*str)
                                    1-  192     	BANKSEL	r0x1004
     0008 rrrr                      3-  109 m1      .banksel ram_address
     0009 01rr                      1-  193     	MOVR	r0x1004,W
     000A 00rr                      1-  194     	MOVAR	STK01
                                    1-  195     	BANKSEL	r0x1003
     000B rrrr                      3-  109 m1      .banksel ram_address
     000C 01rr                      1-  196     	MOVR	r0x1003,W
     000D 00rr                      1-  197     	MOVAR	STK00
                                    1-  198     	BANKSEL	r0x1002
     000E rrrr                      3-  109 m1      .banksel ram_address
     000F 01rr                      1-  199     	MOVR	r0x1002,W
                                    1-  200     	MCALL	__gptrget1
     0010 2rrr                      3-   65 m1      LCALL rom_address
                                    1-  201     	BANKSEL	r0x1005
     0011 rrrr                      3-  109 m1      .banksel ram_address
     0012 00rr                      1-  202     	MOVAR	r0x1005
     0013 01rr                      1-  203     	MOVR	r0x1005,W
     0014 0D03                      1-  204     	BTRSC	STATUS,2
                                    1-  205     	MGOTO	_02021_DS_
     0015 3rrr                      3-   62 m1      LGOTO rom_address
                                    1-  206     	.line	41, "BSP\bsp_usart.c"; 	usart_send_byte(*str++);
                                    1-  207     	BANKSEL	r0x1004
     0016 rrrr                      3-  109 m1      .banksel ram_address
     0017 05rr                      1-  208     	INCR	r0x1004,F
     0018 0903                      1-  209     	BTRSS	STATUS,2
                                    1-  210     	MGOTO	_00001_DS_
     0019 3rrr                      3-   62 m1      LGOTO rom_address
                                    1-  211     	BANKSEL	r0x1003
     001A rrrr                      3-  109 m1      .banksel ram_address
     001B 05rr                      1-  212     	INCR	r0x1003,F
     001C                           1-  213     _00001_DS_:
     001C 0903                      1-  214     	BTRSS	STATUS,2
                                    1-  215     	MGOTO	_00002_DS_
     001D 3rrr                      3-   62 m1      LGOTO rom_address
                                    1-  216     	BANKSEL	r0x1002
     001E rrrr                      3-  109 m1      .banksel ram_address
     001F 05rr                      1-  217     	INCR	r0x1002,F
     0020                           1-  218     _00002_DS_:
                                    1-  219     	BANKSEL	r0x1005
     0020 rrrr                      3-  109 m1      .banksel ram_address
     0021 01rr                      1-  220     	MOVR	r0x1005,W
                                    1-  221     	MCALL	_usart_send_byte
     0022 2rrr                      3-   65 m1      LCALL rom_address
                                    1-  222     	MGOTO	_02018_DS_
     0023 3rrr                      3-   62 m1      LGOTO rom_address
     0024                           1-  223     _02021_DS_:
                                    1-  224     	.line	43, "BSP\bsp_usart.c"; 	}
                                    1-  225     	RETURN	
     0024 0010                      3-   39 m1      ret
                                    1-  226     ; exit point of _usart_send_string
                                    1-  228     ;***
                                    1-  229     ;  pBlock Stats: dbName = C
                                    1-  230     ;***
                                    1-  231     ;has an exit
                                    1-  232     ;functions called:
                                    1-  233     ;   _delay_us
                                    1-  234     ;   _delay_us
                                    1-  235     ;   _delay_us
                                    1-  236     ;   _delay_us
                                    1-  237     ;   _delay_us
                                    1-  238     ;   _delay_us
                                    1-  239     ;2 compiler assigned registers:
                                    1-  240     ;   r0x1000
                                    1-  241     ;   r0x1001
                                    1-  242     ;; Starting pCode block
                                    1-  243     .segment "code"; module=bsp_usart, function=_usart_send_byte
                                    1-  245     ;local variable name mapping:
     0000                           1-  248     _usart_send_byte:
                                    1-  249     ; 2 exit points
                                    1-  250     	.line	14, "BSP\bsp_usart.c"; 	void usart_send_byte(uint8_t data)
                                    1-  251     	BANKSEL	r0x1000
     0000 rrrr                      3-  109 m1      .banksel ram_address
     0001 00rr                      1-  252     	MOVAR	r0x1000
                                    1-  253     	.line	17, "BSP\bsp_usart.c"; 	PORTAbits.PA7=0;
     0002 1Frr                      1-  254     	BCR	_PORTAbits,7
                                    1-  255     	.line	18, "BSP\bsp_usart.c"; 	delay_us(17);
     0003 2111                      1-  256     	MOVIA	0x11
                                    1-  257     	MCALL	_delay_us
     0004 2rrr                      3-   65 m1      LCALL rom_address
                                    1-  258     	.line	19, "BSP\bsp_usart.c"; 	for (i = 0; i < 8; i++)
                                    1-  259     	BANKSEL	r0x1001
     0005 rrrr                      3-  109 m1      .banksel ram_address
     0006 02rr                      1-  260     	CLRR	r0x1001
     0007                           1-  261     _02013_DS_:
                                    1-  262     	.line	22, "BSP\bsp_usart.c"; 	if (data & 0x01)
                                    1-  263     	BANKSEL	r0x1000
     0007 rrrr                      3-  109 m1      .banksel ram_address
     0008 08rr                      1-  264     	BTRSS	r0x1000,0
                                    1-  265     	MGOTO	_02010_DS_
     0009 3rrr                      3-   62 m1      LGOTO rom_address
                                    1-  266     	.line	24, "BSP\bsp_usart.c"; 	PORTAbits.PA7=1;
     000A 1Brr                      1-  267     	BSR	_PORTAbits,7
                                    1-  268     	MGOTO	_02011_DS_
     000B 3rrr                      3-   62 m1      LGOTO rom_address
     000C                           1-  269     _02010_DS_:
                                    1-  270     	.line	28, "BSP\bsp_usart.c"; 	PORTAbits.PA7=0;
     000C 1Frr                      1-  271     	BCR	_PORTAbits,7
     000D                           1-  272     _02011_DS_:
                                    1-  273     	.line	30, "BSP\bsp_usart.c"; 	data >>= 1;
     000D 1C03                      1-  274     	BCR	STATUS,0
                                    1-  275     	BANKSEL	r0x1000
     000E rrrr                      3-  109 m1      .banksel ram_address
     000F 13rr                      1-  276     	RRR	r0x1000,F
                                    1-  277     	.line	31, "BSP\bsp_usart.c"; 	delay_us(17);
     0010 2111                      1-  278     	MOVIA	0x11
                                    1-  279     	MCALL	_delay_us
     0011 2rrr                      3-   65 m1      LCALL rom_address
                                    1-  280     	.line	19, "BSP\bsp_usart.c"; 	for (i = 0; i < 8; i++)
                                    1-  281     	BANKSEL	r0x1001
     0012 rrrr                      3-  109 m1      .banksel ram_address
     0013 05rr                      1-  282     	INCR	r0x1001,F
                                    1-  283     ;;unsigned compare: left < lit(0x8=8), size=1
     0014 2108                      1-  284     	MOVIA	0x08
     0015 04rr                      1-  285     	SUBAR	r0x1001,W
     0016 0803                      1-  286     	BTRSS	STATUS,0
                                    1-  287     	MGOTO	_02013_DS_
     0017 3rrr                      3-   62 m1      LGOTO rom_address
                                    1-  288     	.line	33, "BSP\bsp_usart.c"; 	PORTAbits.PA7=1;
     0018 1Brr                      1-  289     	BSR	_PORTAbits,7
                                    1-  290     	.line	34, "BSP\bsp_usart.c"; 	delay_us(17);
     0019 2111                      1-  291     	MOVIA	0x11
                                    1-  292     	MCALL	_delay_us
     001A 2rrr                      3-   65 m1      LCALL rom_address
                                    1-  293     	.line	35, "BSP\bsp_usart.c"; 	}
                                    1-  294     	RETURN	
     001B 0010                      3-   39 m1      ret
                                    1-  295     ; exit point of _usart_send_byte
                                    1-  297     ;***
                                    1-  298     ;  pBlock Stats: dbName = C
                                    1-  299     ;***
                                    1-  300     ;has an exit
                                    1-  301     ;; Starting pCode block
                                    1-  302     .segment "code"; module=bsp_usart, function=_usart_init
     0000                           1-  304     _usart_init:
                                    1-  305     ; 2 exit points
                                    1-  306     	.line	10, "BSP\bsp_usart.c"; 	IOSTA = C_PA7_Output;
     0000 0200                      1-  307     	CLRA	
     0001 000r                      1-  308     	IOST	_IOSTA
                                    1-  309     	.line	11, "BSP\bsp_usart.c"; 	PORTAbits.PA7=1;
     0002 1Brr                      1-  310     	BSR	_PORTAbits,7
                                    1-  311     	.line	12, "BSP\bsp_usart.c"; 	}
                                    1-  312     	RETURN	
     0003 0010                      3-   39 m1      ret
                                    1-  313     ; exit point of _usart_init
                                    1-  316     ;	code size estimation:
                                    1-  317     ;	   53+   16 =    69 instructions (  170 byte)
                                    1-  319     	end

SYMBOL TABLE            TYPE     VALUE
__pin_count__           Constant 0000000E
__processor__           Constant 00800544
C                       Constant 00000000
DC                      Constant 00000001
ENABLE_RAM_BANK         Constant 00000001
F                       Constant 00000001
FSR                     Constant 00000004
INDF                    Constant 00000000
PCHBUF                  Constant 0000000A
PCL                     Constant 00000002
STATUS                  Constant 00000003
USEFGOTO                Constant 00000000
W                       Constant 00000000
Z                       Constant 00000002


SOURCE FILE TABLE
001 OBJ/BSP\bsp_usart.s
002 ny8a054e.inc
003 common.inc
004 BSP\bsp_usart.c

PROCESSOR    = NY8A054E (8 bits)
PROGRAM ROM  = 0x00000000 - 0x000007FF
DATA ROM     = 0x00000000 - 0x000007FF
SRAM / SFR   = 0x00000000 - 0x00000000
