
                    Nyquest Technology Co., Ltd.

NYASM 2.50

    ADDR  OPCODE/VALUE              LINE   TAG  SOURCE                   STATEMENT    

                                    1-    1     ;--------------------------------------------------------
                                    1-    2     ; File Created by SDCC : free open source ISO C Compiler 
                                    1-    3     ; Version 4.2.2 #0 (MSVC)
                                    1-    4     ;--------------------------------------------------------
                                    1-    5     ; NY8A port
                                    1-    6     ;--------------------------------------------------------
                                    1-    7     	.file	"BSP\key.c"
                                    1-    8     	list	p=NY8A054E,c=on
                                    1-    9     	#include "ny8a054e.inc"
                                    2-    1     #include "common.inc"
                                    3-    1     ;; header file for 8 bit series assembly -*- mode:asm; coding:utf-8; -*-
                                    3-    2     ;; author    Ting
                                    3-    3     ;; date      2020-12-24
                                    3-    4     ;;
                                    3-    5     ;; # constant definition
                                    3-    6     ;;
                                    3-    7     ;; ## instruction result store destination
                                    3-    8     ;;  - W: the result is stored in the ACC.
                                    3-    9     ;;  - F: the result is stored back in register.
                                    3-   10     ;; ## flag name in STATUS register
                                    3-   11     ;;  - C, DC, Z
                                    3-   12     ;;
                                    3-   13     ;; # macro define
                                    3-   14     ;;
                                    3-   15     ;; ## RETURN, used by C compiler, end of function
                                    3-   16     ;; ## PAGESEL, empty macro, maybe used by C compiler (bug?)
                                    3-   17     ;; ## BANKSEL, replace by .banksel pseudo command, empty if disable bank.
                                    3-   18     ;; ## MGOTO, replace by LGOTO (ic<=2K word) or FGOTO (ic>2K word)
                                    3-   19     ;; ## MCALL, same as above
                                    3-   20     ;;
                                    3-   21     W       EQU 0
                                    3-   21     ;W = 0
                                    3-   22     F       EQU 1
                                    3-   22     ;F = 1
                                    3-   23     C		EQU	0
                                    3-   23     ;C = 0
                                    3-   24     DC		EQU	1
                                    3-   24     ;DC = 1
                                    3-   25     Z		EQU	2
                                    3-   25     ;Z = 2
                                    3-   28     ;; common register for all series
                                    3-   29     INDF    EQU 0x00
                                    3-   29     ;INDF = 0
                                    3-   30     PCL     EQU 0x02
                                    3-   30     ;PCL = 2
                                    3-   31     STATUS  EQU 0x03
                                    3-   31     ;STATUS = 3
                                    3-   32     FSR     EQU 0x04
                                    3-   32     ;FSR = 4
                                    3-   33     PCHBUF  EQU 0x0A
                                    3-   33     ;PCHBUF = 10
                                    1-   11     ;--------------------------------------------------------
                                    1-   12     ; external declarations
                                    1-   13     ;--------------------------------------------------------
                                    1-   14     	extern	_usart_send_string
                                    1-   15     	extern	_usart_send_byte
                                    1-   16     	extern	_usart_init
                                    1-   17     	extern	_send_ble_packet
                                    1-   18     	extern	_delay_40us
                                    1-   19     	extern	_delay_us
                                    1-   20     	extern	_delay_250ms
                                    1-   21     	extern	_delay_ms
                                    1-   22     	extern	_clear_ram
                                    1-   23     	extern	_multi_16b
                                    1-   24     	extern	_multi_8b
                                    1-   25     	extern	_T0MD
                                    1-   26     	extern	_PCON1
                                    1-   27     	extern	_CMPCR
                                    1-   28     	extern	_BODCON
                                    1-   29     	extern	_PS0CV
                                    1-   30     	extern	_APHCON
                                    1-   31     	extern	_IOSTB
                                    1-   32     	extern	_IOSTA
                                    1-   33     	extern	_PWM5RH
                                    1-   34     	extern	_PWM5DUTY
                                    1-   35     	extern	_P5CR1
                                    1-   36     	extern	_PWM4DUTY
                                    1-   37     	extern	_P4CR1
                                    1-   38     	extern	_PS3CV
                                    1-   39     	extern	_PWM3DUTY
                                    1-   40     	extern	_T3CR2
                                    1-   41     	extern	_T3CR1
                                    1-   42     	extern	_TMR3
                                    1-   43     	extern	_OSCCR
                                    1-   44     	extern	_PWM2DUTY
                                    1-   45     	extern	_P2CR1
                                    1-   46     	extern	_TBHD
                                    1-   47     	extern	_TBHP
                                    1-   48     	extern	_IRCR
                                    1-   49     	extern	_BZ1CR
                                    1-   50     	extern	_PS1CV
                                    1-   51     	extern	_PWM1DUTY
                                    1-   52     	extern	_T1CR2
                                    1-   53     	extern	_T1CR1
                                    1-   54     	extern	_TMR1
                                    1-   55     	extern	_TM34RH
                                    1-   56     	extern	_TMRH
                                    1-   57     	extern	_PCHBUF
                                    1-   58     	extern	_STATUS
                                    1-   59     	extern	_PCL
                                    1-   60     	extern	_TMR0
                                    1-   61     	extern	_INTE2bits
                                    1-   62     	extern	_RFCbits
                                    1-   63     	extern	_INTEDGbits
                                    1-   64     	extern	_AWUCONbits
                                    1-   65     	extern	_INTFbits
                                    1-   66     	extern	_INTEbits
                                    1-   67     	extern	_BPHCONbits
                                    1-   68     	extern	_ABPLCONbits
                                    1-   69     	extern	_BWUCONbits
                                    1-   70     	extern	_PCONbits
                                    1-   71     	extern	_PORTBbits
                                    1-   72     	extern	_PORTAbits
                                    1-   74     	extern PSAVE
                                    1-   75     	extern SSAVE
                                    1-   76     	extern WSAVE
                                    1-   77     	extern STK12
                                    1-   78     	extern ___STK12
                                    1-   79     	extern STK11
                                    1-   80     	extern ___STK11
                                    1-   81     	extern STK10
                                    1-   82     	extern ___STK10
                                    1-   83     	extern STK09
                                    1-   84     	extern ___STK09
                                    1-   85     	extern STK08
                                    1-   86     	extern ___STK08
                                    1-   87     	extern STK07
                                    1-   88     	extern ___STK07
                                    1-   89     	extern STK06
                                    1-   90     	extern ___STK06
                                    1-   91     	extern STK05
                                    1-   92     	extern ___STK05
                                    1-   93     	extern STK04
                                    1-   94     	extern ___STK04
                                    1-   95     	extern STK03
                                    1-   96     	extern ___STK03
                                    1-   97     	extern STK02
                                    1-   98     	extern ___STK02
                                    1-   99     	extern STK01
                                    1-  100     	extern ___STK01
                                    1-  101     	extern STK00
                                    1-  102     	extern ___STK00
                                    1-  103     ;--------------------------------------------------------
                                    1-  104     ; global declarations
                                    1-  105     ;--------------------------------------------------------
                                    1-  106     	extern	_Check_Keydown
                                    1-  107     	extern	_toggle_key
                                    1-  108     	extern	_key_init
                                    1-  109     	extern	_set_PB_low
                                    1-  110     	extern	_set_PA_low
                                    1-  111     	extern	_INTE2
                                    1-  112     	extern	_RFC
                                    1-  113     	extern	_INTEDG
                                    1-  114     	extern	_AWUCON
                                    1-  115     	extern	_INTF
                                    1-  116     	extern	_INTE
                                    1-  117     	extern	_BPHCON
                                    1-  118     	extern	_ABPLCON
                                    1-  119     	extern	_BWUCON
                                    1-  120     	extern	_PCON
                                    1-  121     	extern	_PORTB
                                    1-  122     	extern	_PORTA
                                    1-  124     ;--------------------------------------------------------
                                    1-  125     ; global definitions
                                    1-  126     ;--------------------------------------------------------
                                    1-  127     ;--------------------------------------------------------
                                    1-  128     ; absolute symbol definitions
                                    1-  129     ;--------------------------------------------------------
                                    1-  130     ;--------------------------------------------------------
                                    1-  131     ; compiler-defined variables
                                    1-  132     ;--------------------------------------------------------
                                    1-  133     .segment "uninit"
     0000                           1-  134     r0x1000:
                                    1-  135     	.res	1
                                    1-  136     .segment "uninit"
     0000                           1-  137     r0x1001:
                                    1-  138     	.res	1
                                    1-  139     ;--------------------------------------------------------
                                    1-  140     ; initialized data
                                    1-  141     ;--------------------------------------------------------
                                    1-  143     .segment "idata"
     0000                           1-  144     _Serial_Number:
     0000 0000                      1-  147     	dw	0x00	; 0
                                    1-  149     ;--------------------------------------------------------
                                    1-  150     ; initialized absolute data
                                    1-  151     ;--------------------------------------------------------
                                    1-  152     ;--------------------------------------------------------
                                    1-  153     ; overlayable items in internal ram 
                                    1-  154     ;--------------------------------------------------------
                                    1-  155     ;	udata_ovr
                                    1-  156     ;--------------------------------------------------------
                                    1-  157     ; code
                                    1-  158     ;--------------------------------------------------------
                                    1-  159     ; code_key	code
                                    1-  160     ;***
                                    1-  161     ;  pBlock Stats: dbName = C
                                    1-  162     ;***
                                    1-  163     ;has an exit
                                    1-  164     ;functions called:
                                    1-  165     ;   _delay_ms
                                    1-  166     ;   _toggle_key
                                    1-  167     ;   _delay_ms
                                    1-  168     ;   _toggle_key
                                    1-  169     ;2 compiler assigned registers:
                                    1-  170     ;   r0x1000
                                    1-  171     ;   r0x1001
                                    1-  172     ;; Starting pCode block
                                    1-  173     .segment "code"; module=key, function=_Check_Keydown
                                    1-  175     ;local variable name mapping:
     0000                           1-  178     _Check_Keydown:
                                    1-  179     ; 2 exit points
                                    1-  180     	.line	59, "BSP\key.c"; 	KeyStatus = PORTA;
     0000 01rr                      1-  181     	MOVR	_PORTA,W
                                    1-  182     	BANKSEL	r0x1000
     0001 rrrr                      3-  109 m1      .banksel ram_address
     0002 00rr                      1-  183     	MOVAR	r0x1000
                                    1-  184     	.line	60, "BSP\key.c"; 	KeyStatus = KeyStatus & 0xfc;
     0003 21FC                      1-  185     	MOVIA	0xfc
     0004 10rr                      1-  186     	ANDAR	r0x1000,F
                                    1-  187     	.line	62, "BSP\key.c"; 	if(KeyStatus != 0xfc)
     0005 01rr                      1-  188     	MOVR	r0x1000,W
     0006 24FC                      1-  189     	XORIA	0xfc
     0007 0903                      1-  190     	BTRSS	STATUS,2
                                    1-  191     	MGOTO	_02104_DS_
     0008 3rrr                      3-   62 m1      LGOTO rom_address
                                    1-  192     	MGOTO	_02041_DS_
     0009 3rrr                      3-   62 m1      LGOTO rom_address
     000A                           1-  193     _02104_DS_:
                                    1-  194     	.line	64, "BSP\key.c"; 	delay_ms(4);
     000A 2104                      1-  195     	MOVIA	0x04
                                    1-  196     	MCALL	_delay_ms
     000B 2rrr                      3-   65 m1      LCALL rom_address
                                    1-  197     	.line	65, "BSP\key.c"; 	KeyStatus = PORTA;
     000C 01rr                      1-  198     	MOVR	_PORTA,W
                                    1-  199     	BANKSEL	r0x1000
     000D rrrr                      3-  109 m1      .banksel ram_address
     000E 00rr                      1-  200     	MOVAR	r0x1000
                                    1-  201     	.line	66, "BSP\key.c"; 	KeyStatus = KeyStatus & 0xfc;
     000F 21FC                      1-  202     	MOVIA	0xfc
     0010 10rr                      1-  203     	ANDAR	r0x1000,F
                                    1-  204     	.line	67, "BSP\key.c"; 	if(KeyStatus != 0xfc)
     0011 01rr                      1-  205     	MOVR	r0x1000,W
     0012 24FC                      1-  206     	XORIA	0xfc
     0013 0903                      1-  207     	BTRSS	STATUS,2
                                    1-  208     	MGOTO	_02105_DS_
     0014 3rrr                      3-   62 m1      LGOTO rom_address
                                    1-  209     	MGOTO	_02038_DS_
     0015 3rrr                      3-   62 m1      LGOTO rom_address
     0016                           1-  210     _02105_DS_:
                                    1-  211     	.line	69, "BSP\key.c"; 	if(!PORTAbits.PA6)
     0016 0Frr                      1-  212     	BTRSC	_PORTAbits,6
                                    1-  213     	MGOTO	_02022_DS_
     0017 3rrr                      3-   62 m1      LGOTO rom_address
                                    1-  214     	.line	72, "BSP\key.c"; 	return KeyValue;
     0018 2111                      1-  215     	MOVIA	0x11
                                    1-  216     	MGOTO	_02042_DS_
     0019 3rrr                      3-   62 m1      LGOTO rom_address
     001A                           1-  217     _02022_DS_:
                                    1-  218     	.line	74, "BSP\key.c"; 	if(!PORTAbits.PA7)
     001A 0Frr                      1-  219     	BTRSC	_PORTAbits,7
                                    1-  220     	MGOTO	_02024_DS_
     001B 3rrr                      3-   62 m1      LGOTO rom_address
                                    1-  221     	.line	77, "BSP\key.c"; 	return KeyValue;
     001C 2112                      1-  222     	MOVIA	0x12
                                    1-  223     	MGOTO	_02042_DS_
     001D 3rrr                      3-   62 m1      LGOTO rom_address
     001E                           1-  224     _02024_DS_:
                                    1-  225     	.line	80, "BSP\key.c"; 	KeyStatus = KeyStatus & 0x3c;
     001E 213C                      1-  226     	MOVIA	0x3c
                                    1-  227     	BANKSEL	r0x1000
     001F rrrr                      3-  109 m1      .banksel ram_address
     0020 10rr                      1-  228     	ANDAR	r0x1000,F
                                    1-  229     	.line	82, "BSP\key.c"; 	switch(KeyStatus)
     0021 01rr                      1-  230     	MOVR	r0x1000,W
     0022 241C                      1-  231     	XORIA	0x1c
     0023 0903                      1-  232     	BTRSS	STATUS,2
                                    1-  233     	MGOTO	_02106_DS_
     0024 3rrr                      3-   62 m1      LGOTO rom_address
                                    1-  234     	MGOTO	_02028_DS_
     0025 3rrr                      3-   62 m1      LGOTO rom_address
     0026                           1-  235     _02106_DS_:
                                    1-  236     	BANKSEL	r0x1000
     0026 rrrr                      3-  109 m1      .banksel ram_address
     0027 01rr                      1-  237     	MOVR	r0x1000,W
     0028 242C                      1-  238     	XORIA	0x2c
     0029 0903                      1-  239     	BTRSS	STATUS,2
                                    1-  240     	MGOTO	_02107_DS_
     002A 3rrr                      3-   62 m1      LGOTO rom_address
                                    1-  241     	MGOTO	_02027_DS_
     002B 3rrr                      3-   62 m1      LGOTO rom_address
     002C                           1-  242     _02107_DS_:
                                    1-  243     	BANKSEL	r0x1000
     002C rrrr                      3-  109 m1      .banksel ram_address
     002D 01rr                      1-  244     	MOVR	r0x1000,W
     002E 2434                      1-  245     	XORIA	0x34
     002F 0903                      1-  246     	BTRSS	STATUS,2
                                    1-  247     	MGOTO	_02108_DS_
     0030 3rrr                      3-   62 m1      LGOTO rom_address
                                    1-  248     	MGOTO	_02026_DS_
     0031 3rrr                      3-   62 m1      LGOTO rom_address
     0032                           1-  249     _02108_DS_:
                                    1-  250     	BANKSEL	r0x1000
     0032 rrrr                      3-  109 m1      .banksel ram_address
     0033 01rr                      1-  251     	MOVR	r0x1000,W
     0034 2438                      1-  252     	XORIA	0x38
     0035 0903                      1-  253     	BTRSS	STATUS,2
                                    1-  254     	MGOTO	_02029_DS_
     0036 3rrr                      3-   62 m1      LGOTO rom_address
                                    1-  255     	.line	84, "BSP\key.c"; 	case(0X38): KeyValue = 0x01;break;
     0037 2101                      1-  256     	MOVIA	0x01
     0038 00rr                      1-  257     	MOVAR	r0x1000
                                    1-  258     	MGOTO	_02030_DS_
     0039 3rrr                      3-   62 m1      LGOTO rom_address
     003A                           1-  259     _02026_DS_:
                                    1-  260     	.line	85, "BSP\key.c"; 	case(0X34): KeyValue = 0x02;break;
     003A 2102                      1-  261     	MOVIA	0x02
                                    1-  262     	BANKSEL	r0x1000
     003B rrrr                      3-  109 m1      .banksel ram_address
     003C 00rr                      1-  263     	MOVAR	r0x1000
                                    1-  264     	MGOTO	_02030_DS_
     003D 3rrr                      3-   62 m1      LGOTO rom_address
     003E                           1-  265     _02027_DS_:
                                    1-  266     	.line	86, "BSP\key.c"; 	case(0X2C): KeyValue = 0x03;break;
     003E 2103                      1-  267     	MOVIA	0x03
                                    1-  268     	BANKSEL	r0x1000
     003F rrrr                      3-  109 m1      .banksel ram_address
     0040 00rr                      1-  269     	MOVAR	r0x1000
                                    1-  270     	MGOTO	_02030_DS_
     0041 3rrr                      3-   62 m1      LGOTO rom_address
     0042                           1-  271     _02028_DS_:
                                    1-  272     	.line	87, "BSP\key.c"; 	case(0X1C): KeyValue = 0x04;break;
     0042 2104                      1-  273     	MOVIA	0x04
                                    1-  274     	BANKSEL	r0x1000
     0043 rrrr                      3-  109 m1      .banksel ram_address
     0044 00rr                      1-  275     	MOVAR	r0x1000
                                    1-  276     	MGOTO	_02030_DS_
     0045 3rrr                      3-   62 m1      LGOTO rom_address
     0046                           1-  277     _02029_DS_:
                                    1-  278     	.line	88, "BSP\key.c"; 	default:KeyValue = 0x00;break;
                                    1-  279     	BANKSEL	r0x1000
     0046 rrrr                      3-  109 m1      .banksel ram_address
     0047 02rr                      1-  280     	CLRR	r0x1000
     0048                           1-  281     _02030_DS_:
                                    1-  282     	.line	91, "BSP\key.c"; 	toggle_key();
                                    1-  283     	MCALL	_toggle_key
     0048 2rrr                      3-   65 m1      LCALL rom_address
                                    1-  284     	.line	93, "BSP\key.c"; 	KeyStatus = PORTB;
     0049 01rr                      1-  285     	MOVR	_PORTB,W
                                    1-  286     	BANKSEL	r0x1001
     004A rrrr                      3-  109 m1      .banksel ram_address
     004B 00rr                      1-  287     	MOVAR	r0x1001
                                    1-  288     	.line	94, "BSP\key.c"; 	KeyStatus = KeyStatus & 0x0f;
     004C 210F                      1-  289     	MOVIA	0x0f
     004D 10rr                      1-  290     	ANDAR	r0x1001,F
                                    1-  291     	.line	96, "BSP\key.c"; 	switch(KeyStatus)
     004E 01rr                      1-  292     	MOVR	r0x1001,W
     004F 2407                      1-  293     	XORIA	0x07
     0050 0903                      1-  294     	BTRSS	STATUS,2
                                    1-  295     	MGOTO	_02109_DS_
     0051 3rrr                      3-   62 m1      LGOTO rom_address
                                    1-  296     	MGOTO	_02036_DS_
     0052 3rrr                      3-   62 m1      LGOTO rom_address
     0053                           1-  297     _02109_DS_:
                                    1-  298     	BANKSEL	r0x1001
     0053 rrrr                      3-  109 m1      .banksel ram_address
     0054 01rr                      1-  299     	MOVR	r0x1001,W
     0055 240B                      1-  300     	XORIA	0x0b
     0056 0903                      1-  301     	BTRSS	STATUS,2
                                    1-  302     	MGOTO	_02110_DS_
     0057 3rrr                      3-   62 m1      LGOTO rom_address
                                    1-  303     	MGOTO	_02032_DS_
     0058 3rrr                      3-   62 m1      LGOTO rom_address
     0059                           1-  304     _02110_DS_:
                                    1-  305     	BANKSEL	r0x1001
     0059 rrrr                      3-  109 m1      .banksel ram_address
     005A 01rr                      1-  306     	MOVR	r0x1001,W
     005B 240D                      1-  307     	XORIA	0x0d
     005C 0903                      1-  308     	BTRSS	STATUS,2
                                    1-  309     	MGOTO	_02111_DS_
     005D 3rrr                      3-   62 m1      LGOTO rom_address
                                    1-  310     	MGOTO	_02033_DS_
     005E 3rrr                      3-   62 m1      LGOTO rom_address
     005F                           1-  311     _02111_DS_:
                                    1-  312     	BANKSEL	r0x1001
     005F rrrr                      3-  109 m1      .banksel ram_address
     0060 01rr                      1-  313     	MOVR	r0x1001,W
     0061 240E                      1-  314     	XORIA	0x0e
     0062 0903                      1-  315     	BTRSS	STATUS,2
                                    1-  316     	MGOTO	_02112_DS_
     0063 3rrr                      3-   62 m1      LGOTO rom_address
                                    1-  317     	MGOTO	_02034_DS_
     0064 3rrr                      3-   62 m1      LGOTO rom_address
     0065                           1-  318     _02112_DS_:
                                    1-  319     	MGOTO	_02035_DS_
     0065 3rrr                      3-   62 m1      LGOTO rom_address
     0066                           1-  320     _02032_DS_:
                                    1-  321     	.line	99, "BSP\key.c"; 	case(0x0B): KeyValue = KeyValue+0x04;break;
     0066 2104                      1-  322     	MOVIA	0x04
                                    1-  323     	BANKSEL	r0x1000
     0067 rrrr                      3-  109 m1      .banksel ram_address
     0068 03rr                      1-  324     	ADDAR	r0x1000,F
                                    1-  325     	MGOTO	_02036_DS_
     0069 3rrr                      3-   62 m1      LGOTO rom_address
     006A                           1-  326     _02033_DS_:
                                    1-  327     	.line	100, "BSP\key.c"; 	case(0x0D): KeyValue = KeyValue+0x08;break;
     006A 2108                      1-  328     	MOVIA	0x08
                                    1-  329     	BANKSEL	r0x1000
     006B rrrr                      3-  109 m1      .banksel ram_address
     006C 03rr                      1-  330     	ADDAR	r0x1000,F
                                    1-  331     	MGOTO	_02036_DS_
     006D 3rrr                      3-   62 m1      LGOTO rom_address
     006E                           1-  332     _02034_DS_:
                                    1-  333     	.line	101, "BSP\key.c"; 	case(0x0E): KeyValue = KeyValue+0x0c;break;
     006E 210C                      1-  334     	MOVIA	0x0c
                                    1-  335     	BANKSEL	r0x1000
     006F rrrr                      3-  109 m1      .banksel ram_address
     0070 03rr                      1-  336     	ADDAR	r0x1000,F
                                    1-  337     	MGOTO	_02036_DS_
     0071 3rrr                      3-   62 m1      LGOTO rom_address
     0072                           1-  338     _02035_DS_:
                                    1-  339     	.line	102, "BSP\key.c"; 	default:KeyValue = 0x00;break;
                                    1-  340     	BANKSEL	r0x1000
     0072 rrrr                      3-  109 m1      .banksel ram_address
     0073 02rr                      1-  341     	CLRR	r0x1000
     0074                           1-  342     _02036_DS_:
                                    1-  343     	.line	104, "BSP\key.c"; 	CLRWDT();
     0074 0002                      1-  344     	clrwdt
                                    1-  345     	.line	105, "BSP\key.c"; 	return KeyValue;
                                    1-  346     	BANKSEL	r0x1000
     0075 rrrr                      3-  109 m1      .banksel ram_address
     0076 01rr                      1-  347     	MOVR	r0x1000,W
                                    1-  348     	MGOTO	_02042_DS_
     0077 3rrr                      3-   62 m1      LGOTO rom_address
     0078                           1-  349     _02038_DS_:
                                    1-  350     	.line	109, "BSP\key.c"; 	return 0;
     0078 2100                      1-  351     	MOVIA	0x00
                                    1-  352     	MGOTO	_02042_DS_
     0079 3rrr                      3-   62 m1      LGOTO rom_address
     007A                           1-  353     _02041_DS_:
                                    1-  354     	.line	112, "BSP\key.c"; 	return 0;
     007A 2100                      1-  355     	MOVIA	0x00
     007B                           1-  356     _02042_DS_:
                                    1-  357     	.line	113, "BSP\key.c"; 	}
                                    1-  358     	RETURN	
     007B 0010                      3-   39 m1      ret
                                    1-  359     ; exit point of _Check_Keydown
                                    1-  361     ;***
                                    1-  362     ;  pBlock Stats: dbName = C
                                    1-  363     ;***
                                    1-  364     ;has an exit
                                    1-  365     ;functions called:
                                    1-  366     ;   _set_PA_low
                                    1-  367     ;   _set_PA_low
                                    1-  368     ;; Starting pCode block
                                    1-  369     .segment "code"; module=key, function=_toggle_key
     0000                           1-  371     _toggle_key:
                                    1-  372     ; 2 exit points
                                    1-  373     	.line	45, "BSP\key.c"; 	APHCON = 0b00111111; // 2、3、4上拉取消
     0000 213F                      1-  374     	MOVIA	0x3f
     0001 000r                      1-  375     	IOST	_APHCON
                                    1-  376     	.line	46, "BSP\key.c"; 	PCON = 0xe8; // 5上拉取消
     0002 21E8                      1-  377     	MOVIA	0xe8
     0003 00rr                      1-  378     	MOVAR	_PCON
                                    1-  379     	.line	47, "BSP\key.c"; 	IOSTA = 0b11000000; // 配置PA2、3、4、5为输出低电平
     0004 21C0                      1-  380     	MOVIA	0xc0
     0005 000r                      1-  381     	IOST	_IOSTA
                                    1-  382     	.line	48, "BSP\key.c"; 	set_PA_low();
                                    1-  383     	MCALL	_set_PA_low
     0006 2rrr                      3-   65 m1      LCALL rom_address
                                    1-  384     	.line	50, "BSP\key.c"; 	IOSTB = 0b00001111; // 配置PB0、1、2、3为输入
     0007 210F                      1-  385     	MOVIA	0x0f
     0008 000r                      1-  386     	IOST	_IOSTB
                                    1-  387     	.line	51, "BSP\key.c"; 	BPHCON = 0xF0; // 0、1、2、3上拉
     0009 21F0                      1-  388     	MOVIA	0xf0
     000A 00rr                      1-  389     	MOVAR	_BPHCON
                                    1-  390     	.line	52, "BSP\key.c"; 	}
                                    1-  391     	RETURN	
     000B 0010                      3-   39 m1      ret
                                    1-  392     ; exit point of _toggle_key
                                    1-  394     ;***
                                    1-  395     ;  pBlock Stats: dbName = C
                                    1-  396     ;***
                                    1-  397     ;has an exit
                                    1-  398     ;functions called:
                                    1-  399     ;   _delay_ms
                                    1-  400     ;   _set_PB_low
                                    1-  401     ;   _delay_ms
                                    1-  402     ;   _set_PB_low
                                    1-  403     ;; Starting pCode block
                                    1-  404     .segment "code"; module=key, function=_key_init
     0000                           1-  406     _key_init:
                                    1-  407     ; 2 exit points
                                    1-  408     	.line	30, "BSP\key.c"; 	delay_ms(1);
     0000 2101                      1-  409     	MOVIA	0x01
                                    1-  410     	MCALL	_delay_ms
     0001 2rrr                      3-   65 m1      LCALL rom_address
                                    1-  411     	.line	32, "BSP\key.c"; 	IOSTA = C_PA2_Input | C_PA3_Input | C_PA4_Input | C_PA5_Input | C_PA6_Input | C_PA7_Input;  // 配置PA2、3、4、5、6、7为输入
     0002 21FC                      1-  412     	MOVIA	0xfc
     0003 000r                      1-  413     	IOST	_IOSTA
                                    1-  414     	.line	34, "BSP\key.c"; 	APHCON = 0b00100011; // 设置2、3、4、6、7上拉
     0004 2123                      1-  415     	MOVIA	0x23
     0005 000r                      1-  416     	IOST	_APHCON
                                    1-  417     	.line	36, "BSP\key.c"; 	PCON = 0xc8; // 设置5上拉
     0006 21C8                      1-  418     	MOVIA	0xc8
     0007 00rr                      1-  419     	MOVAR	_PCON
                                    1-  420     	.line	39, "BSP\key.c"; 	IOSTB = C_PB0_Output | C_PB1_Output | C_PB2_Output | C_PB3_Output | C_PB4_Output; // 配置PB为输出低电平
     0008 0200                      1-  421     	CLRA	
     0009 000r                      1-  422     	IOST	_IOSTB
                                    1-  423     	.line	40, "BSP\key.c"; 	set_PB_low();
                                    1-  424     	MCALL	_set_PB_low
     000A 2rrr                      3-   65 m1      LCALL rom_address
                                    1-  425     	.line	41, "BSP\key.c"; 	PORTBbits.PB4 = 0;
     000B 1Err                      1-  426     	BCR	_PORTBbits,4
                                    1-  427     	.line	42, "BSP\key.c"; 	}
                                    1-  428     	RETURN	
     000C 0010                      3-   39 m1      ret
                                    1-  429     ; exit point of _key_init
                                    1-  431     ;***
                                    1-  432     ;  pBlock Stats: dbName = C
                                    1-  433     ;***
                                    1-  434     ;has an exit
                                    1-  435     ;; Starting pCode block
                                    1-  436     .segment "code"; module=key, function=_set_PB_low
     0000                           1-  438     _set_PB_low:
                                    1-  439     ; 2 exit points
                                    1-  440     	.line	22, "BSP\key.c"; 	PORTBbits.PB0 = 0;
     0000 1Crr                      1-  441     	BCR	_PORTBbits,0
                                    1-  442     	.line	23, "BSP\key.c"; 	PORTBbits.PB1 = 0;
     0001 1Crr                      1-  443     	BCR	_PORTBbits,1
                                    1-  444     	.line	24, "BSP\key.c"; 	PORTBbits.PB2 = 0;
     0002 1Drr                      1-  445     	BCR	_PORTBbits,2
                                    1-  446     	.line	25, "BSP\key.c"; 	PORTBbits.PB3 = 0;
     0003 1Drr                      1-  447     	BCR	_PORTBbits,3
                                    1-  448     	.line	26, "BSP\key.c"; 	}
                                    1-  449     	RETURN	
     0004 0010                      3-   39 m1      ret
                                    1-  450     ; exit point of _set_PB_low
                                    1-  452     ;***
                                    1-  453     ;  pBlock Stats: dbName = C
                                    1-  454     ;***
                                    1-  455     ;has an exit
                                    1-  456     ;; Starting pCode block
                                    1-  457     .segment "code"; module=key, function=_set_PA_low
     0000                           1-  459     _set_PA_low:
                                    1-  460     ; 2 exit points
                                    1-  461     	.line	14, "BSP\key.c"; 	PORTAbits.PA2 = 0;
     0000 1Drr                      1-  462     	BCR	_PORTAbits,2
                                    1-  463     	.line	15, "BSP\key.c"; 	PORTAbits.PA3 = 0;
     0001 1Drr                      1-  464     	BCR	_PORTAbits,3
                                    1-  465     	.line	16, "BSP\key.c"; 	PORTAbits.PA4 = 0;
     0002 1Err                      1-  466     	BCR	_PORTAbits,4
                                    1-  467     	.line	17, "BSP\key.c"; 	PORTAbits.PA5 = 0;
     0003 1Err                      1-  468     	BCR	_PORTAbits,5
                                    1-  469     	.line	18, "BSP\key.c"; 	}
                                    1-  470     	RETURN	
     0004 0010                      3-   39 m1      ret
                                    1-  471     ; exit point of _set_PA_low
                                    1-  474     ;	code size estimation:
                                    1-  475     ;	  139+   19 =   158 instructions (  354 byte)
                                    1-  477     	end

SYMBOL TABLE            TYPE     VALUE
__pin_count__           Constant 0000000E
__processor__           Constant 00800544
C                       Constant 00000000
DC                      Constant 00000001
ENABLE_RAM_BANK         Constant 00000001
F                       Constant 00000001
FSR                     Constant 00000004
INDF                    Constant 00000000
PCHBUF                  Constant 0000000A
PCL                     Constant 00000002
STATUS                  Constant 00000003
USEFGOTO                Constant 00000000
W                       Constant 00000000
Z                       Constant 00000002


SOURCE FILE TABLE
001 OBJ/BSP\key.s
002 ny8a054e.inc
003 common.inc
004 BSP\key.c

PROCESSOR    = NY8A054E (8 bits)
PROGRAM ROM  = 0x00000000 - 0x000007FF
DATA ROM     = 0x00000000 - 0x000007FF
SRAM / SFR   = 0x00000000 - 0x00000000
