
                    Nyquest Technology Co., Ltd.

NYASM 2.42

    ADDR  OPCODE/VALUE              LINE   TAG  SOURCE                   STATEMENT    

                                    1-    1     ;--------------------------------------------------------
                                    1-    2     ; File Created by SDCC : free open source ISO C Compiler 
                                    1-    3     ; Version 4.2.2 #0 (MSVC)
                                    1-    4     ;--------------------------------------------------------
                                    1-    5     ; NY8A port
                                    1-    6     ;--------------------------------------------------------
                                    1-    7     	.file	"main.c"
                                    1-    8     	list	p=NY8A054E,c=on
                                    1-    9     	#include "ny8a054e.inc"
                                    2-    1     #include "common.inc"
                                    3-    1     ;; header file for 8 bit series assembly -*- mode:asm; coding:utf-8; -*-
                                    3-    2     ;; author    Ting
                                    3-    3     ;; date      2020-12-24
                                    3-    4     ;;
                                    3-    5     ;; # constant definition
                                    3-    6     ;;
                                    3-    7     ;; ## instruction result store destination
                                    3-    8     ;;  - W: the result is stored in the ACC.
                                    3-    9     ;;  - F: the result is stored back in register.
                                    3-   10     ;; ## flag name in STATUS register
                                    3-   11     ;;  - C, DC, Z
                                    3-   12     ;;
                                    3-   13     ;; # macro define
                                    3-   14     ;;
                                    3-   15     ;; ## RETURN, used by C compiler, end of function
                                    3-   16     ;; ## PAGESEL, empty macro, maybe used by C compiler (bug?)
                                    3-   17     ;; ## BANKSEL, replace by .banksel pseudo command, empty if disable bank.
                                    3-   18     ;; ## MGOTO, replace by LGOTO (ic<=2K word) or FGOTO (ic>2K word)
                                    3-   19     ;; ## MCALL, same as above
                                    3-   20     ;;
                                    3-   21     W       EQU 0
                                    3-   21     ;W = 0
                                    3-   22     F       EQU 1
                                    3-   22     ;F = 1
                                    3-   23     C		EQU	0
                                    3-   23     ;C = 0
                                    3-   24     DC		EQU	1
                                    3-   24     ;DC = 1
                                    3-   25     Z		EQU	2
                                    3-   25     ;Z = 2
                                    3-   28     ;; common register for all series
                                    3-   29     INDF    EQU 0x00
                                    3-   29     ;INDF = 0
                                    3-   30     PCL     EQU 0x02
                                    3-   30     ;PCL = 2
                                    3-   31     STATUS  EQU 0x03
                                    3-   31     ;STATUS = 3
                                    3-   32     FSR     EQU 0x04
                                    3-   32     ;FSR = 4
                                    3-   33     PCHBUF  EQU 0x0A
                                    3-   33     ;PCHBUF = 10
                                    1-   11     ;--------------------------------------------------------
                                    1-   12     ; external declarations
                                    1-   13     ;--------------------------------------------------------
                                    1-   14     	extern	_send_ble_packet
                                    1-   15     	extern	_Check_Keydown
                                    1-   16     	extern	_set_PB_low
                                    1-   17     	extern	_set_PA_low
                                    1-   18     	extern	_key_init
                                    1-   19     	extern	_delay_40us
                                    1-   20     	extern	_delay_us
                                    1-   21     	extern	_delay_250ms
                                    1-   22     	extern	_delay_ms
                                    1-   23     	extern	_CS1630_Dump_RF_Register
                                    1-   24     	extern	_Enter_sleep
                                    1-   25     	extern	_CS1630_SendPack
                                    1-   26     	extern	_CS1630_wr_buffer
                                    1-   27     	extern	_CS1630_write_byte
                                    1-   28     	extern	_CS1630_read_byte
                                    1-   29     	extern	_CS1630_read_buffer
                                    1-   30     	extern	_CS1630_Bank_Switch
                                    1-   31     	extern	_CS1630_ModeSwitch
                                    1-   32     	extern	_CS1630_CE_Low
                                    1-   33     	extern	_CS1630_CE_High
                                    1-   34     	extern	_CS1630_Flush_Tx
                                    1-   35     	extern	_CS1630_Clear_All_Irq
                                    1-   36     	extern	_CS1630_Init
                                    1-   37     	extern	_CS1630_Soft_Rst
                                    1-   38     	extern	_SPI_ReadByte
                                    1-   39     	extern	_SPI_SendByte
                                    1-   40     	extern	_RF_softSPI_Init
                                    1-   41     	extern	_RF_Init
                                    1-   42     	extern	_RF_wr_cmd
                                    1-   43     	extern	_RF_write_byte
                                    1-   44     	extern	_RF_wr_buffer
                                    1-   45     	extern	_RF_Write_Ack_Payload
                                    1-   46     	extern	_RF_spi_wrd
                                    1-   47     	extern	_RF_Soft_Rst
                                    1-   48     	extern	_RF_SendPack
                                    1-   49     	extern	_RF_ReceivePack
                                    1-   50     	extern	_RF_Read_Status
                                    1-   51     	extern	_RF_read_byte
                                    1-   52     	extern	_RF_read_buffer
                                    1-   53     	extern	_RF_Operation
                                    1-   54     	extern	_RF_ModeSwitch
                                    1-   55     	extern	_RF_Get_RSSI
                                    1-   56     	extern	_RF_Get_Chip_ID
                                    1-   57     	extern	_RF_Flush_Tx
                                    1-   58     	extern	_RF_Flush_Rx
                                    1-   59     	extern	_RF_Configure_Reg
                                    1-   60     	extern	_RF_Clear_All_Irq
                                    1-   61     	extern	_RF_Change_Pwr
                                    1-   62     	extern	_RF_Change_CH
                                    1-   63     	extern	_RF_ChangeAddr_Reg
                                    1-   64     	extern	_RF_CE_Low
                                    1-   65     	extern	_RF_CE_High_Pulse
                                    1-   66     	extern	_RF_CE_High
                                    1-   67     	extern	_RF_Bank_Switch
                                    1-   68     	extern	_clear_ram
                                    1-   69     	extern	_multi_16b
                                    1-   70     	extern	_T0MD
                                    1-   71     	extern	_PCON1
                                    1-   72     	extern	_CMPCR
                                    1-   73     	extern	_BODCON
                                    1-   74     	extern	_PS0CV
                                    1-   75     	extern	_APHCON
                                    1-   76     	extern	_IOSTB
                                    1-   77     	extern	_IOSTA
                                    1-   78     	extern	_PWM5RH
                                    1-   79     	extern	_PWM5DUTY
                                    1-   80     	extern	_P5CR1
                                    1-   81     	extern	_PWM4DUTY
                                    1-   82     	extern	_P4CR1
                                    1-   83     	extern	_PS3CV
                                    1-   84     	extern	_PWM3DUTY
                                    1-   85     	extern	_T3CR2
                                    1-   86     	extern	_T3CR1
                                    1-   87     	extern	_TMR3
                                    1-   88     	extern	_OSCCR
                                    1-   89     	extern	_PWM2DUTY
                                    1-   90     	extern	_P2CR1
                                    1-   91     	extern	_TBHD
                                    1-   92     	extern	_TBHP
                                    1-   93     	extern	_IRCR
                                    1-   94     	extern	_BZ1CR
                                    1-   95     	extern	_PS1CV
                                    1-   96     	extern	_PWM1DUTY
                                    1-   97     	extern	_T1CR2
                                    1-   98     	extern	_T1CR1
                                    1-   99     	extern	_TMR1
                                    1-  100     	extern	_TM34RH
                                    1-  101     	extern	_TMRH
                                    1-  102     	extern	_PCHBUF
                                    1-  103     	extern	_STATUS
                                    1-  104     	extern	_PCL
                                    1-  105     	extern	_TMR0
                                    1-  106     	extern	_key_long_int_status
                                    1-  107     	extern	_SLEEP_STATUS
                                    1-  108     	extern	_INTE2bits
                                    1-  109     	extern	_RFCbits
                                    1-  110     	extern	_INTEDGbits
                                    1-  111     	extern	_AWUCONbits
                                    1-  112     	extern	_INTFbits
                                    1-  113     	extern	_INTEbits
                                    1-  114     	extern	_BPHCONbits
                                    1-  115     	extern	_ABPLCONbits
                                    1-  116     	extern	_BWUCONbits
                                    1-  117     	extern	_PCONbits
                                    1-  118     	extern	_PORTBbits
                                    1-  119     	extern	_PORTAbits
                                    1-  120     	extern	__nyc_ny8_startup
                                    1-  121     ;--------------------------------------------------------
                                    1-  122     ; global declarations
                                    1-  123     ;--------------------------------------------------------
                                    1-  124     	extern	_main
                                    1-  125     	extern	_CS1630_init_main
                                    1-  126     	extern	_close_WDT
                                    1-  127     	extern	_open_WDT
                                    1-  128     	extern	_wake_up_init
                                    1-  129     	extern	_isr
                                    1-  130     	extern	_INTE2
                                    1-  131     	extern	_RFC
                                    1-  132     	extern	_INTEDG
                                    1-  133     	extern	_AWUCON
                                    1-  134     	extern	_INTF
                                    1-  135     	extern	_INTE
                                    1-  136     	extern	_BPHCON
                                    1-  137     	extern	_ABPLCON
                                    1-  138     	extern	_BWUCON
                                    1-  139     	extern	_PCON
                                    1-  140     	extern	_PORTB
                                    1-  141     	extern	_PORTA
                                    1-  142     	extern	_Serial_Number
                                    1-  143     	extern	_old_key_value
                                    1-  144     	extern	_sleep_time_count_2
                                    1-  145     	extern	_slepp_time_count_1
                                    1-  147     	extern PSAVE
                                    1-  148     	extern SSAVE
                                    1-  149     	extern WSAVE
                                    1-  150     	extern STK12
                                    1-  151     	extern ___STK12
                                    1-  152     	extern STK11
                                    1-  153     	extern ___STK11
                                    1-  154     	extern STK10
                                    1-  155     	extern ___STK10
                                    1-  156     	extern STK09
                                    1-  157     	extern ___STK09
                                    1-  158     	extern STK08
                                    1-  159     	extern ___STK08
                                    1-  160     	extern STK07
                                    1-  161     	extern ___STK07
                                    1-  162     	extern STK06
                                    1-  163     	extern ___STK06
                                    1-  164     	extern STK05
                                    1-  165     	extern ___STK05
                                    1-  166     	extern STK04
                                    1-  167     	extern ___STK04
                                    1-  168     	extern STK03
                                    1-  169     	extern ___STK03
                                    1-  170     	extern STK02
                                    1-  171     	extern ___STK02
                                    1-  172     	extern STK01
                                    1-  173     	extern ___STK01
                                    1-  174     	extern STK00
                                    1-  175     	extern ___STK00
                                    1-  177     .segment "share_bank"
     0000                           1-  178     PSAVE:
                                    1-  179     	.res 1
                                    1-  180     .segment "share_bank"
     0000                           1-  181     SSAVE:
                                    1-  182     	.res 1
                                    1-  183     .segment "share_bank"
     0000                           1-  184     WSAVE:
                                    1-  185     	.res 1
                                    1-  186     .segment "share_bank"
     0000                           1-  187     ___STK12:
     0000                           1-  188     STK12:
                                    1-  189     	.res 1
                                    1-  190     .segment "share_bank"
     0000                           1-  191     ___STK11:
     0000                           1-  192     STK11:
                                    1-  193     	.res 1
                                    1-  194     .segment "share_bank"
     0000                           1-  195     ___STK10:
     0000                           1-  196     STK10:
                                    1-  197     	.res 1
                                    1-  198     .segment "share_bank"
     0000                           1-  199     ___STK09:
     0000                           1-  200     STK09:
                                    1-  201     	.res 1
                                    1-  202     .segment "share_bank"
     0000                           1-  203     ___STK08:
     0000                           1-  204     STK08:
                                    1-  205     	.res 1
                                    1-  206     .segment "share_bank"
     0000                           1-  207     ___STK07:
     0000                           1-  208     STK07:
                                    1-  209     	.res 1
                                    1-  210     .segment "share_bank"
     0000                           1-  211     ___STK06:
     0000                           1-  212     STK06:
                                    1-  213     	.res 1
                                    1-  214     .segment "share_bank"
     0000                           1-  215     ___STK05:
     0000                           1-  216     STK05:
                                    1-  217     	.res 1
                                    1-  218     .segment "share_bank"
     0000                           1-  219     ___STK04:
     0000                           1-  220     STK04:
                                    1-  221     	.res 1
                                    1-  222     .segment "share_bank"
     0000                           1-  223     ___STK03:
     0000                           1-  224     STK03:
                                    1-  225     	.res 1
                                    1-  226     .segment "share_bank"
     0000                           1-  227     ___STK02:
     0000                           1-  228     STK02:
                                    1-  229     	.res 1
                                    1-  230     .segment "share_bank"
     0000                           1-  231     ___STK01:
     0000                           1-  232     STK01:
                                    1-  233     	.res 1
                                    1-  234     .segment "share_bank"
     0000                           1-  235     ___STK00:
     0000                           1-  236     STK00:
                                    1-  237     	.res 1
                                    1-  239     ;--------------------------------------------------------
                                    1-  240     ; global definitions
                                    1-  241     ;--------------------------------------------------------
                                    1-  242     ;--------------------------------------------------------
                                    1-  243     ; absolute symbol definitions
                                    1-  244     ;--------------------------------------------------------
                                    1-  245     ;--------------------------------------------------------
                                    1-  246     ; compiler-defined variables
                                    1-  247     ;--------------------------------------------------------
                                    1-  248     .segment "uninit"
     0000                           1-  249     r0x1008:
                                    1-  250     	.res	1
                                    1-  251     .segment "uninit"
     0000                           1-  252     r0x1009:
                                    1-  253     	.res	1
                                    1-  254     .segment "uninit"
     0000                           1-  255     r0x100A:
                                    1-  256     	.res	1
                                    1-  257     .segment "uninit"
     0000                           1-  258     r0x100B:
                                    1-  259     	.res	1
                                    1-  260     .segment "uninit"
     0000                           1-  261     ___sdcc_saved_fsr:
                                    1-  262     	.res	1
                                    1-  264     .segment "uninit"
     0000                           1-  265     ___sdcc_saved_stk00:
                                    1-  266     	.res	1
                                    1-  268     .segment "uninit"
     0000                           1-  269     ___sdcc_saved_stk01:
                                    1-  270     	.res	1
                                    1-  272     ;--------------------------------------------------------
                                    1-  273     ; initialized data
                                    1-  274     ;--------------------------------------------------------
                                    1-  276     .segment "idata"
     0000                           1-  277     _slepp_time_count_1:
     0000 0000                      1-  280     	dw	0x00	; 0
                                    1-  283     .segment "idata"
     0000                           1-  284     _sleep_time_count_2:
     0000 0000                      1-  287     	dw	0x00	; 0
                                    1-  290     .segment "idata"
     0000                           1-  291     _old_key_value:
     0000 00FF                      1-  294     	dw	0xff	; 255
                                    1-  297     .segment "idata"
     0000                           1-  298     _Serial_Number:
     0000 0000                      1-  301     	dw	0x00	; 0
                                    1-  303     ;--------------------------------------------------------
                                    1-  304     ; initialized absolute data
                                    1-  305     ;--------------------------------------------------------
                                    1-  306     ;--------------------------------------------------------
                                    1-  307     ; overlayable items in internal ram 
                                    1-  308     ;--------------------------------------------------------
                                    1-  309     ;	udata_ovr
                                    1-  310     ;--------------------------------------------------------
                                    1-  311     ; reset vector 
                                    1-  312     ;--------------------------------------------------------
                                    1-  313     ORG	0x0000
     0000 3rrr                      1-  314     	LGOTO	__nyc_ny8_startup
                                    1-  315     ;--------------------------------------------------------
                                    1-  316     ; interrupt and initialization code
                                    1-  317     ;--------------------------------------------------------
                                    1-  318     ORG 0x0008
                                    1-  319     	MGOTO	__sdcc_interrupt
     0008 3rrr                      3-   62 m1      LGOTO rom_address
                                    1-  321     .segment "code"
     0000                           1-  322     __sdcc_interrupt:
                                    1-  323     ;***
                                    1-  324     ;  pBlock Stats: dbName = I
                                    1-  325     ;***
                                    1-  326     ;2 compiler assigned registers:
                                    1-  327     ;   STK00
                                    1-  328     ;   STK01
                                    1-  329     ;; Starting pCode block
     0000                           1-  330     _isr:
                                    1-  331     ; 0 exit points
                                    1-  332     	.line	19, "main.c"; 	void isr(void) __interrupt(0)
     0000 00rr                      1-  333     	MOVAR	WSAVE
     0001 1503                      1-  334     	SWAPR	STATUS,W
     0002 0283                      1-  335     	CLRR	STATUS
     0003 00rr                      1-  336     	MOVAR	SSAVE
     0004 010A                      1-  337     	MOVR	PCHBUF,W
     0005 028A                      1-  338     	CLRR	PCHBUF
     0006 00rr                      1-  339     	MOVAR	PSAVE
     0007 0104                      1-  340     	MOVR	FSR,W
                                    1-  341     	BANKSEL	___sdcc_saved_fsr
     0008 rrrr                      3-  109 m1      .banksel ram_address
     0009 00rr                      1-  342     	MOVAR	___sdcc_saved_fsr
     000A 01rr                      1-  343     	MOVR	STK00,W
                                    1-  344     	BANKSEL	___sdcc_saved_stk00
     000B rrrr                      3-  109 m1      .banksel ram_address
     000C 00rr                      1-  345     	MOVAR	___sdcc_saved_stk00
     000D 01rr                      1-  346     	MOVR	STK01,W
                                    1-  347     	BANKSEL	___sdcc_saved_stk01
     000E rrrr                      3-  109 m1      .banksel ram_address
     000F 00rr                      1-  348     	MOVAR	___sdcc_saved_stk01
                                    1-  349     	.line	21, "main.c"; 	if(INTFbits.PABIF)
     0010 08rr                      1-  350     	BTRSS	_INTFbits,1
                                    1-  351     	MGOTO	_02007_DS_
     0011 3rrr                      3-   62 m1      LGOTO rom_address
                                    1-  352     	.line	23, "main.c"; 	key_long_int_status = 1;
     0012 2101                      1-  353     	MOVIA	0x01
                                    1-  354     	BANKSEL	_key_long_int_status
     0013 rrrr                      3-  109 m1      .banksel ram_address
     0014 00rr                      1-  355     	MOVAR	_key_long_int_status
                                    1-  356     	.line	24, "main.c"; 	INTFbits.PABIF = 0;					// 清除PABIF（PortB输入变化中断标志位）
     0015 21FD                      1-  357     	MOVIA	0xfd
     0016 00rr                      1-  358     	MOVAR	(_INTFbits + 0)
     0017                           1-  359     _02007_DS_:
                                    1-  360     	.line	26, "main.c"; 	}
                                    1-  361     	BANKSEL	___sdcc_saved_stk01
     0017 rrrr                      3-  109 m1      .banksel ram_address
     0018 01rr                      1-  362     	MOVR	___sdcc_saved_stk01,W
     0019 00rr                      1-  363     	MOVAR	STK01
                                    1-  364     	BANKSEL	___sdcc_saved_stk00
     001A rrrr                      3-  109 m1      .banksel ram_address
     001B 01rr                      1-  365     	MOVR	___sdcc_saved_stk00,W
     001C 00rr                      1-  366     	MOVAR	STK00
                                    1-  367     	BANKSEL	___sdcc_saved_fsr
     001D rrrr                      3-  109 m1      .banksel ram_address
     001E 01rr                      1-  368     	MOVR	___sdcc_saved_fsr,W
     001F 0084                      1-  369     	MOVAR	FSR
     0020 01rr                      1-  370     	MOVR	PSAVE,W
     0021 008A                      1-  371     	MOVAR	PCHBUF
     0022 0283                      1-  372     	CLRR	STATUS
     0023 15rr                      1-  373     	SWAPR	SSAVE,W
     0024 0083                      1-  374     	MOVAR	STATUS
     0025 15rr                      1-  375     	SWAPR	WSAVE,F
     0026 15rr                      1-  376     	SWAPR	WSAVE,W
     0027                           1-  377     END_OF_INTERRUPT:
     0027 0011                      1-  378     	RETIE	
                                    1-  380     ;--------------------------------------------------------
                                    1-  381     ; code
                                    1-  382     ;--------------------------------------------------------
                                    1-  383     ; code_main	code
                                    1-  384     ;***
                                    1-  385     ;  pBlock Stats: dbName = M
                                    1-  386     ;***
                                    1-  387     ;has an exit
                                    1-  388     ;functions called:
                                    1-  389     ;   _CS1630_init_main
                                    1-  390     ;   _wake_up_init
                                    1-  391     ;   _open_WDT
                                    1-  392     ;   _key_init
                                    1-  393     ;   _Check_Keydown
                                    1-  394     ;   _send_ble_packet
                                    1-  395     ;   _send_ble_packet
                                    1-  396     ;   _delay_ms
                                    1-  397     ;   _send_ble_packet
                                    1-  398     ;   _wake_up_init
                                    1-  399     ;   _close_WDT
                                    1-  400     ;   _CS1630_init_main
                                    1-  401     ;   _wake_up_init
                                    1-  402     ;   _open_WDT
                                    1-  403     ;   _key_init
                                    1-  404     ;   _Check_Keydown
                                    1-  405     ;   _send_ble_packet
                                    1-  406     ;   _send_ble_packet
                                    1-  407     ;   _delay_ms
                                    1-  408     ;   _send_ble_packet
                                    1-  409     ;   _wake_up_init
                                    1-  410     ;   _close_WDT
                                    1-  411     ;6 compiler assigned registers:
                                    1-  412     ;   r0x1008
                                    1-  413     ;   r0x1009
                                    1-  414     ;   r0x100A
                                    1-  415     ;   r0x100B
                                    1-  416     ;   STK01
                                    1-  417     ;   STK00
                                    1-  418     ;; Starting pCode block
                                    1-  419     .segment "code"; module=main, function=_main
                                    1-  421     ;local variable name mapping:
     0000                           1-  425     _main:
                                    1-  426     ; 2 exit points
                                    1-  427     	.line	66, "main.c"; 	DISI();
     0000 0013                      1-  428     	DISI
                                    1-  429     	.line	67, "main.c"; 	CS1630_init_main();
                                    1-  430     	MCALL	_CS1630_init_main
     0001 2rrr                      3-   65 m1      LCALL rom_address
                                    1-  431     	.line	68, "main.c"; 	wake_up_init();
                                    1-  432     	MCALL	_wake_up_init
     0002 2rrr                      3-   65 m1      LCALL rom_address
                                    1-  433     	.line	69, "main.c"; 	open_WDT();
                                    1-  434     	MCALL	_open_WDT
     0003 2rrr                      3-   65 m1      LCALL rom_address
                                    1-  435     	.line	70, "main.c"; 	ENI();
     0004 0004                      1-  436     	ENI
                                    1-  437     	.line	74, "main.c"; 	unsigned char Code_Value = 0;
                                    1-  438     	BANKSEL	r0x1008
     0005 rrrr                      3-  109 m1      .banksel ram_address
     0006 02rr                      1-  439     	CLRR	r0x1008
                                    1-  440     	.line	75, "main.c"; 	unsigned char old_key_status = 0;
                                    1-  441     	BANKSEL	r0x1009
     0007 rrrr                      3-  109 m1      .banksel ram_address
     0008 02rr                      1-  442     	CLRR	r0x1009
                                    1-  443     	.line	76, "main.c"; 	key_long_int_status = 0;
                                    1-  444     	BANKSEL	_key_long_int_status
     0009 rrrr                      3-  109 m1      .banksel ram_address
     000A 02rr                      1-  445     	CLRR	_key_long_int_status
     000B                           1-  446     _02051_DS_:
                                    1-  447     	.line	79, "main.c"; 	CLRWDT();
     000B 0002                      1-  448     	clrwdt
                                    1-  449     	.line	80, "main.c"; 	DISI();
     000C 0013                      1-  450     	DISI
                                    1-  451     	.line	81, "main.c"; 	key_init();
                                    1-  452     	MCALL	_key_init
     000D 2rrr                      3-   65 m1      LCALL rom_address
                                    1-  453     	.line	82, "main.c"; 	key_value = Check_Keydown();
                                    1-  454     	MCALL	_Check_Keydown
     000E 2rrr                      3-   65 m1      LCALL rom_address
                                    1-  455     	BANKSEL	r0x100A
     000F rrrr                      3-  109 m1      .banksel ram_address
     0010 00rr                      1-  456     	MOVAR	r0x100A
                                    1-  457     	.line	83, "main.c"; 	ENI();
     0011 0004                      1-  458     	ENI
                                    1-  459     	.line	85, "main.c"; 	if(key_value != 0)
                                    1-  460     	BANKSEL	r0x100A
     0012 rrrr                      3-  109 m1      .banksel ram_address
     0013 01rr                      1-  461     	MOVR	r0x100A,W
     0014 0D03                      1-  462     	BTRSC	STATUS,2
                                    1-  463     	MGOTO	_02029_DS_
     0015 3rrr                      3-   62 m1      LGOTO rom_address
                                    1-  464     	.line	87, "main.c"; 	slepp_time_count_1 = 0;
                                    1-  465     	BANKSEL	_slepp_time_count_1
     0016 rrrr                      3-  109 m1      .banksel ram_address
     0017 02rr                      1-  466     	CLRR	_slepp_time_count_1
                                    1-  467     	.line	88, "main.c"; 	sleep_time_count_2 = 0;
                                    1-  468     	BANKSEL	_sleep_time_count_2
     0018 rrrr                      3-  109 m1      .banksel ram_address
     0019 02rr                      1-  469     	CLRR	_sleep_time_count_2
                                    1-  470     	.line	89, "main.c"; 	Code_Value = key_value - 1;
                                    1-  471     	BANKSEL	r0x100A
     001A rrrr                      3-  109 m1      .banksel ram_address
     001B 06rr                      1-  472     	DECR	r0x100A,W
                                    1-  473     	BANKSEL	r0x1008
     001C rrrr                      3-  109 m1      .banksel ram_address
     001D 00rr                      1-  474     	MOVAR	r0x1008
     001E                           1-  475     _02029_DS_:
                                    1-  476     	.line	92, "main.c"; 	if((key_value != 0)&& (old_key_status == 0)) // 当键值不为0，同时上一次按键扫描结果为空时，流水号增加
                                    1-  477     	BANKSEL	r0x100A
     001E rrrr                      3-  109 m1      .banksel ram_address
     001F 01rr                      1-  478     	MOVR	r0x100A,W
     0020 0D03                      1-  479     	BTRSC	STATUS,2
                                    1-  480     	MGOTO	_02040_DS_
     0021 3rrr                      3-   62 m1      LGOTO rom_address
                                    1-  481     	BANKSEL	r0x1009
     0022 rrrr                      3-  109 m1      .banksel ram_address
     0023 01rr                      1-  482     	MOVR	r0x1009,W
     0024 0903                      1-  483     	BTRSS	STATUS,2
                                    1-  484     	MGOTO	_02040_DS_
     0025 3rrr                      3-   62 m1      LGOTO rom_address
                                    1-  485     	.line	94, "main.c"; 	Serial_Number++;
                                    1-  486     	BANKSEL	_Serial_Number
     0026 rrrr                      3-  109 m1      .banksel ram_address
     0027 01rr                      1-  487     	MOVR	_Serial_Number,W
                                    1-  488     	BANKSEL	r0x100B
     0028 rrrr                      3-  109 m1      .banksel ram_address
     0029 00rr                      1-  489     	MOVAR	r0x100B
     002A 05rr                      1-  490     	INCR	r0x100B,W
                                    1-  491     	BANKSEL	_Serial_Number
     002B rrrr                      3-  109 m1      .banksel ram_address
     002C 00rr                      1-  492     	MOVAR	_Serial_Number
                                    1-  493     	.line	96, "main.c"; 	send_ble_packet(Code_Value, 5, Serial_Number);
     002D 01rr                      1-  494     	MOVR	_Serial_Number,W
     002E 00rr                      1-  495     	MOVAR	STK01
     002F 2105                      1-  496     	MOVIA	0x05
     0030 00rr                      1-  497     	MOVAR	STK00
                                    1-  498     	BANKSEL	r0x1008
     0031 rrrr                      3-  109 m1      .banksel ram_address
     0032 01rr                      1-  499     	MOVR	r0x1008,W
                                    1-  500     	MCALL	_send_ble_packet
     0033 2rrr                      3-   65 m1      LCALL rom_address
                                    1-  501     	MGOTO	_02041_DS_
     0034 3rrr                      3-   62 m1      LGOTO rom_address
     0035                           1-  502     _02040_DS_:
                                    1-  503     	.line	98, "main.c"; 	else if((key_value != 0) && (old_key_status == 1) && (key_value == old_key_value)) // 当键值不为0且与旧键值一致，同时上一次按键扫描结果不为空时，流水号不增加
                                    1-  504     	BANKSEL	r0x100A
     0035 rrrr                      3-  109 m1      .banksel ram_address
     0036 01rr                      1-  505     	MOVR	r0x100A,W
     0037 0D03                      1-  506     	BTRSC	STATUS,2
                                    1-  507     	MGOTO	_02035_DS_
     0038 3rrr                      3-   62 m1      LGOTO rom_address
                                    1-  508     	BANKSEL	r0x1009
     0039 rrrr                      3-  109 m1      .banksel ram_address
     003A 01rr                      1-  509     	MOVR	r0x1009,W
     003B 2401                      1-  510     	XORIA	0x01
     003C 0903                      1-  511     	BTRSS	STATUS,2
                                    1-  512     	MGOTO	_02035_DS_
     003D 3rrr                      3-   62 m1      LGOTO rom_address
                                    1-  513     	BANKSEL	_old_key_value
     003E rrrr                      3-  109 m1      .banksel ram_address
     003F 01rr                      1-  514     	MOVR	_old_key_value,W
                                    1-  515     	BANKSEL	r0x100A
     0040 rrrr                      3-  109 m1      .banksel ram_address
     0041 12rr                      1-  516     	XORAR	r0x100A,W
     0042 0903                      1-  517     	BTRSS	STATUS,2
                                    1-  518     	MGOTO	_02035_DS_
     0043 3rrr                      3-   62 m1      LGOTO rom_address
                                    1-  519     	.line	100, "main.c"; 	send_ble_packet(Code_Value, 0, Serial_Number);
                                    1-  520     	BANKSEL	_Serial_Number
     0044 rrrr                      3-  109 m1      .banksel ram_address
     0045 01rr                      1-  521     	MOVR	_Serial_Number,W
     0046 00rr                      1-  522     	MOVAR	STK01
     0047 2100                      1-  523     	MOVIA	0x00
     0048 00rr                      1-  524     	MOVAR	STK00
                                    1-  525     	BANKSEL	r0x1008
     0049 rrrr                      3-  109 m1      .banksel ram_address
     004A 01rr                      1-  526     	MOVR	r0x1008,W
                                    1-  527     	MCALL	_send_ble_packet
     004B 2rrr                      3-   65 m1      LCALL rom_address
                                    1-  528     	.line	101, "main.c"; 	delay_ms(90);
     004C 215A                      1-  529     	MOVIA	0x5a
                                    1-  530     	MCALL	_delay_ms
     004D 2rrr                      3-   65 m1      LCALL rom_address
                                    1-  531     	MGOTO	_02041_DS_
     004E 3rrr                      3-   62 m1      LGOTO rom_address
     004F                           1-  532     _02035_DS_:
                                    1-  533     	.line	103, "main.c"; 	else if((key_value != 0) && (old_key_status == 1) && (key_value != old_key_value)) // 当键值不为0且与旧键值不一致，同时上一次按键扫描结果不为空时，流水号增加
                                    1-  534     	BANKSEL	r0x100A
     004F rrrr                      3-  109 m1      .banksel ram_address
     0050 01rr                      1-  535     	MOVR	r0x100A,W
     0051 0D03                      1-  536     	BTRSC	STATUS,2
                                    1-  537     	MGOTO	_02041_DS_
     0052 3rrr                      3-   62 m1      LGOTO rom_address
                                    1-  538     	BANKSEL	r0x1009
     0053 rrrr                      3-  109 m1      .banksel ram_address
     0054 01rr                      1-  539     	MOVR	r0x1009,W
     0055 2401                      1-  540     	XORIA	0x01
     0056 0903                      1-  541     	BTRSS	STATUS,2
                                    1-  542     	MGOTO	_02041_DS_
     0057 3rrr                      3-   62 m1      LGOTO rom_address
                                    1-  543     	BANKSEL	_old_key_value
     0058 rrrr                      3-  109 m1      .banksel ram_address
     0059 01rr                      1-  544     	MOVR	_old_key_value,W
                                    1-  545     	BANKSEL	r0x100A
     005A rrrr                      3-  109 m1      .banksel ram_address
     005B 12rr                      1-  546     	XORAR	r0x100A,W
     005C 0903                      1-  547     	BTRSS	STATUS,2
                                    1-  548     	MGOTO	_02107_DS_
     005D 3rrr                      3-   62 m1      LGOTO rom_address
                                    1-  549     	MGOTO	_02041_DS_
     005E 3rrr                      3-   62 m1      LGOTO rom_address
     005F                           1-  550     _02107_DS_:
                                    1-  551     	.line	105, "main.c"; 	Serial_Number++;
                                    1-  552     	BANKSEL	_Serial_Number
     005F rrrr                      3-  109 m1      .banksel ram_address
     0060 01rr                      1-  553     	MOVR	_Serial_Number,W
                                    1-  554     	BANKSEL	r0x100B
     0061 rrrr                      3-  109 m1      .banksel ram_address
     0062 00rr                      1-  555     	MOVAR	r0x100B
     0063 05rr                      1-  556     	INCR	r0x100B,W
                                    1-  557     	BANKSEL	_Serial_Number
     0064 rrrr                      3-  109 m1      .banksel ram_address
     0065 00rr                      1-  558     	MOVAR	_Serial_Number
                                    1-  559     	.line	107, "main.c"; 	send_ble_packet(Code_Value, 5, Serial_Number);
     0066 01rr                      1-  560     	MOVR	_Serial_Number,W
     0067 00rr                      1-  561     	MOVAR	STK01
     0068 2105                      1-  562     	MOVIA	0x05
     0069 00rr                      1-  563     	MOVAR	STK00
                                    1-  564     	BANKSEL	r0x1008
     006A rrrr                      3-  109 m1      .banksel ram_address
     006B 01rr                      1-  565     	MOVR	r0x1008,W
                                    1-  566     	MCALL	_send_ble_packet
     006C 2rrr                      3-   65 m1      LCALL rom_address
     006D                           1-  567     _02041_DS_:
                                    1-  568     	.line	109, "main.c"; 	CLRWDT();
     006D 0002                      1-  569     	clrwdt
                                    1-  570     	.line	112, "main.c"; 	if(key_value != 0)
                                    1-  571     	BANKSEL	r0x100A
     006E rrrr                      3-  109 m1      .banksel ram_address
     006F 01rr                      1-  572     	MOVR	r0x100A,W
     0070 0D03                      1-  573     	BTRSC	STATUS,2
                                    1-  574     	MGOTO	_02044_DS_
     0071 3rrr                      3-   62 m1      LGOTO rom_address
                                    1-  575     	.line	114, "main.c"; 	old_key_status = 1;
     0072 2101                      1-  576     	MOVIA	0x01
                                    1-  577     	BANKSEL	r0x1009
     0073 rrrr                      3-  109 m1      .banksel ram_address
     0074 00rr                      1-  578     	MOVAR	r0x1009
                                    1-  579     	.line	115, "main.c"; 	old_key_value = key_value;
                                    1-  580     	BANKSEL	r0x100A
     0075 rrrr                      3-  109 m1      .banksel ram_address
     0076 01rr                      1-  581     	MOVR	r0x100A,W
                                    1-  582     	BANKSEL	_old_key_value
     0077 rrrr                      3-  109 m1      .banksel ram_address
     0078 00rr                      1-  583     	MOVAR	_old_key_value
                                    1-  584     	MGOTO	_02045_DS_
     0079 3rrr                      3-   62 m1      LGOTO rom_address
     007A                           1-  585     _02044_DS_:
                                    1-  586     	.line	119, "main.c"; 	old_key_status = 0;
                                    1-  587     	BANKSEL	r0x1009
     007A rrrr                      3-  109 m1      .banksel ram_address
     007B 02rr                      1-  588     	CLRR	r0x1009
     007C                           1-  589     _02045_DS_:
                                    1-  590     	.line	123, "main.c"; 	slepp_time_count_1 ++;
                                    1-  591     	BANKSEL	_slepp_time_count_1
     007C rrrr                      3-  109 m1      .banksel ram_address
     007D 01rr                      1-  592     	MOVR	_slepp_time_count_1,W
                                    1-  593     	BANKSEL	r0x100A
     007E rrrr                      3-  109 m1      .banksel ram_address
     007F 00rr                      1-  594     	MOVAR	r0x100A
     0080 05rr                      1-  595     	INCR	r0x100A,W
                                    1-  596     	BANKSEL	_slepp_time_count_1
     0081 rrrr                      3-  109 m1      .banksel ram_address
     0082 00rr                      1-  597     	MOVAR	_slepp_time_count_1
                                    1-  598     	.line	124, "main.c"; 	if(slepp_time_count_1 == 255)
     0083 01rr                      1-  599     	MOVR	_slepp_time_count_1,W
     0084 24FF                      1-  600     	XORIA	0xff
     0085 0903                      1-  601     	BTRSS	STATUS,2
                                    1-  602     	MGOTO	_02047_DS_
     0086 3rrr                      3-   62 m1      LGOTO rom_address
                                    1-  603     	.line	126, "main.c"; 	slepp_time_count_1 = 0;
     0087 02rr                      1-  604     	CLRR	_slepp_time_count_1
                                    1-  605     	.line	127, "main.c"; 	sleep_time_count_2 ++;
                                    1-  606     	BANKSEL	_sleep_time_count_2
     0088 rrrr                      3-  109 m1      .banksel ram_address
     0089 01rr                      1-  607     	MOVR	_sleep_time_count_2,W
                                    1-  608     	BANKSEL	r0x100A
     008A rrrr                      3-  109 m1      .banksel ram_address
     008B 00rr                      1-  609     	MOVAR	r0x100A
     008C 05rr                      1-  610     	INCR	r0x100A,W
                                    1-  611     	BANKSEL	_sleep_time_count_2
     008D rrrr                      3-  109 m1      .banksel ram_address
     008E 00rr                      1-  612     	MOVAR	_sleep_time_count_2
     008F                           1-  613     _02047_DS_:
                                    1-  614     	.line	129, "main.c"; 	if(sleep_time_count_2 == 20)
                                    1-  615     	BANKSEL	_sleep_time_count_2
     008F rrrr                      3-  109 m1      .banksel ram_address
     0090 01rr                      1-  616     	MOVR	_sleep_time_count_2,W
     0091 2414                      1-  617     	XORIA	0x14
     0092 0903                      1-  618     	BTRSS	STATUS,2
                                    1-  619     	MGOTO	_02051_DS_
     0093 3rrr                      3-   62 m1      LGOTO rom_address
                                    1-  620     	.line	131, "main.c"; 	sleep_time_count_2 = 0;
     0094 02rr                      1-  621     	CLRR	_sleep_time_count_2
                                    1-  622     	.line	132, "main.c"; 	wake_up_init();
                                    1-  623     	MCALL	_wake_up_init
     0095 2rrr                      3-   65 m1      LCALL rom_address
                                    1-  624     	.line	133, "main.c"; 	close_WDT();
                                    1-  625     	MCALL	_close_WDT
     0096 2rrr                      3-   65 m1      LCALL rom_address
                                    1-  626     	.line	134, "main.c"; 	UPDATE_REG(PORTA);
     0097 01rr                      1-  627     	MOVR	_PORTA,F
                                    1-  628     	.line	135, "main.c"; 	INTF = 0x00;
     0098 02rr                      1-  629     	CLRR	_INTF
                                    1-  630     	.line	136, "main.c"; 	SLEEP();
     0099 0001                      1-  631     	sleep
                                    1-  632     	MGOTO	_02051_DS_
     009A 3rrr                      3-   62 m1      LGOTO rom_address
                                    1-  633     	.line	139, "main.c"; 	}
                                    1-  634     	RETURN	
     009B 0010                      3-   39 m1      ret
                                    1-  635     ; exit point of _main
                                    1-  637     ;***
                                    1-  638     ;  pBlock Stats: dbName = C
                                    1-  639     ;***
                                    1-  640     ;has an exit
                                    1-  641     ;functions called:
                                    1-  642     ;   _CS1630_Init
                                    1-  643     ;   _CS1630_CE_Low
                                    1-  644     ;   _CS1630_ModeSwitch
                                    1-  645     ;   _CS1630_write_byte
                                    1-  646     ;   _CS1630_write_byte
                                    1-  647     ;   _CS1630_write_byte
                                    1-  648     ;   _CS1630_Init
                                    1-  649     ;   _CS1630_CE_Low
                                    1-  650     ;   _CS1630_ModeSwitch
                                    1-  651     ;   _CS1630_write_byte
                                    1-  652     ;   _CS1630_write_byte
                                    1-  653     ;   _CS1630_write_byte
                                    1-  654     ;1 compiler assigned register :
                                    1-  655     ;   STK00
                                    1-  656     ;; Starting pCode block
                                    1-  657     .segment "code"; module=main, function=_CS1630_init_main
     0000                           1-  659     _CS1630_init_main:
                                    1-  660     ; 2 exit points
                                    1-  661     	.line	53, "main.c"; 	CS1630_Init(); // 初始化CS1630模块
                                    1-  662     	MCALL	_CS1630_Init
     0000 2rrr                      3-   65 m1      LCALL rom_address
                                    1-  663     	.line	54, "main.c"; 	CS1630_CE_Low(); // 设置CE引脚为低电平，准备发送数据
                                    1-  664     	MCALL	_CS1630_CE_Low
     0001 2rrr                      3-   65 m1      LCALL rom_address
                                    1-  665     	.line	55, "main.c"; 	CS1630_ModeSwitch(Rf_PTX_Mode); // 切换到发送模式
     0002 2101                      1-  666     	MOVIA	0x01
                                    1-  667     	MCALL	_CS1630_ModeSwitch
     0003 2rrr                      3-   65 m1      LCALL rom_address
                                    1-  668     	.line	58, "main.c"; 	CS1630_write_byte(CS1630_BANK0_FEATURE, 0x04);
     0004 2104                      1-  669     	MOVIA	0x04
     0005 00rr                      1-  670     	MOVAR	STK00
     0006 211D                      1-  671     	MOVIA	0x1d
                                    1-  672     	MCALL	_CS1630_write_byte
     0007 2rrr                      3-   65 m1      LCALL rom_address
                                    1-  673     	.line	59, "main.c"; 	CS1630_write_byte(CS1630_BANK0_CONFIG, 0x0e);
     0008 210E                      1-  674     	MOVIA	0x0e
     0009 00rr                      1-  675     	MOVAR	STK00
     000A 2100                      1-  676     	MOVIA	0x00
                                    1-  677     	MCALL	_CS1630_write_byte
     000B 2rrr                      3-   65 m1      LCALL rom_address
                                    1-  678     	.line	60, "main.c"; 	CS1630_write_byte(CS1630_BANK0_SETUP_VALUE, 0x04); // 配置值
     000C 2104                      1-  679     	MOVIA	0x04
     000D 00rr                      1-  680     	MOVAR	STK00
     000E 211E                      1-  681     	MOVIA	0x1e
                                    1-  682     	MCALL	_CS1630_write_byte
     000F 2rrr                      3-   65 m1      LCALL rom_address
                                    1-  683     	.line	61, "main.c"; 	}
                                    1-  684     	RETURN	
     0010 0010                      3-   39 m1      ret
                                    1-  685     ; exit point of _CS1630_init_main
                                    1-  687     ;***
                                    1-  688     ;  pBlock Stats: dbName = C
                                    1-  689     ;***
                                    1-  690     ;has an exit
                                    1-  691     ;; Starting pCode block
                                    1-  692     .segment "code"; module=main, function=_close_WDT
     0000                           1-  694     _close_WDT:
                                    1-  695     ; 2 exit points
                                    1-  696     	.line	47, "main.c"; 	PCON &= ~C_WDT_En;
     0000 1Frr                      1-  697     	BCR	_PCON,7
                                    1-  698     	.line	48, "main.c"; 	PCON &= ~C_LVR_En;
     0001 1Drr                      1-  699     	BCR	_PCON,3
                                    1-  700     	.line	49, "main.c"; 	}
                                    1-  701     	RETURN	
     0002 0010                      3-   39 m1      ret
                                    1-  702     ; exit point of _close_WDT
                                    1-  704     ;***
                                    1-  705     ;  pBlock Stats: dbName = C
                                    1-  706     ;***
                                    1-  707     ;has an exit
                                    1-  708     ;; Starting pCode block
                                    1-  709     .segment "code"; module=main, function=_open_WDT
     0000                           1-  711     _open_WDT:
                                    1-  712     ; 2 exit points
                                    1-  713     	.line	41, "main.c"; 	PCON |= C_WDT_En;	//使能看门狗
     0000 1Brr                      1-  714     	BSR	_PCON,7
                                    1-  715     	.line	42, "main.c"; 	PCON |= C_LVR_En;	//低压复位使能
     0001 19rr                      1-  716     	BSR	_PCON,3
                                    1-  717     	.line	43, "main.c"; 	}
                                    1-  718     	RETURN	
     0002 0010                      3-   39 m1      ret
                                    1-  719     ; exit point of _open_WDT
                                    1-  721     ;***
                                    1-  722     ;  pBlock Stats: dbName = C
                                    1-  723     ;***
                                    1-  724     ;has an exit
                                    1-  725     ;; Starting pCode block
                                    1-  726     .segment "code"; module=main, function=_wake_up_init
     0000                           1-  728     _wake_up_init:
                                    1-  729     ; 2 exit points
                                    1-  730     	.line	30, "main.c"; 	AWUCON = 0xfc;
     0000 21FC                      1-  731     	MOVIA	0xfc
     0001 00rr                      1-  732     	MOVAR	_AWUCON
                                    1-  733     	.line	31, "main.c"; 	BWUCON = 0x00;
     0002 02rr                      1-  734     	CLRR	_BWUCON
                                    1-  735     	.line	32, "main.c"; 	IOSTA = C_PA2_Input | C_PA3_Input | C_PA4_Input | C_PA5_Input | C_PA6_Input | C_PA7_Input;  // 配置PA2、3、4、5、6、7为输入
     0003 21FC                      1-  736     	MOVIA	0xfc
     0004 000r                      1-  737     	IOST	_IOSTA
                                    1-  738     	.line	33, "main.c"; 	APHCON = 0b00100011; // 设置2、3、4、6、7上拉
     0005 2123                      1-  739     	MOVIA	0x23
     0006 000r                      1-  740     	IOST	_APHCON
                                    1-  741     	.line	35, "main.c"; 	INTE = C_INT_PABKey;
     0007 2102                      1-  742     	MOVIA	0x02
     0008 00rr                      1-  743     	MOVAR	_INTE
                                    1-  744     	.line	36, "main.c"; 	INTF = 0x00;
     0009 02rr                      1-  745     	CLRR	_INTF
                                    1-  746     	.line	37, "main.c"; 	}
                                    1-  747     	RETURN	
     000A 0010                      3-   39 m1      ret
                                    1-  748     ; exit point of _wake_up_init
                                    1-  751     ;	code size estimation:
                                    1-  752     ;	  174+   48 =   222 instructions (  540 byte)
                                    1-  754     	end

SYMBOL TABLE            TYPE     VALUE
__pin_count__           Constant 0000000E
__processor__           Constant 00800544
C                       Constant 00000000
DC                      Constant 00000001
ENABLE_RAM_BANK         Constant 00000001
F                       Constant 00000001
FSR                     Constant 00000004
INDF                    Constant 00000000
PCHBUF                  Constant 0000000A
PCL                     Constant 00000002
STATUS                  Constant 00000003
USEFGOTO                Constant 00000000
W                       Constant 00000000
Z                       Constant 00000002


SOURCE FILE TABLE
001 OBJ/main.s
002 ny8a054e.inc
003 common.inc
004 main.c

PROCESSOR    = NY8A054E (8 bits)
PROGRAM ROM  = 0x00000000 - 0x000007FF
DATA ROM     = 0x00000000 - 0x000007FF
RESERVED MEM = 0x00000800 - 0x00000810
SRAM / SFR   = 0x00000000 - 0x00000000
