00000000 c7fe                LGOTO    0x1; __nyc_ny8_startup=0x1
__nyc_ny8_startup:
00000001 d43c                LCALL    0x3c3; ___cinit_load__=0x3c3
00000002 c6ff                LGOTO    0x100; _main=0x100
_CS1630_Clear_All_Irq:
crt0.o:crt0_end:
00000003 de8f                MOVIA    0x70
00000004 ff06                MOVAR    0x79
00000005 def8                MOVIA    0x7
00000006 d310                LCALL    0x4ef; _CS1630_write_byte=0x4ef
00000007 ffef                RET
00000008 c3b4                LGOTO    0x44b; _isr=0x44b
_set_PB_low:
00000009 e3f9                BCR      PORTB, PB0
0000000a e379                BCR      PORTB, PB1
0000000b e2f9                BCR      PORTB, PB2
0000000c e279                BCR      PORTB, PB3
0000000d ffef                RET
_get_rolling_code_0:
0000000e dfff                RETIA    0x0
_get_rolling_code_1:
0000000f dfff                RETIA    0x0
_get_rolling_code_2:
00000010 dfff                RETIA    0x0
_get_rolling_code_3:
00000011 dfff                RETIA    0x0
_send_ble_packet:
00000012 e0fc                BCR      STATUS, BK0
00000013 ff56                MOVAR    0x29
00000014 fe86                MOVR     0x79, ToAcc
00000015 e0fc                BCR      STATUS, BK0
00000016 ff55                MOVAR    0x2a
00000017 fe85                MOVR     0x7a, ToAcc
00000018 e0fc                BCR      STATUS, BK0
00000019 ff54                MOVAR    0x2b
0000001a fffd                CLRWDT
0000001b de03                MOVIA    0xfc
0000001c ff6a                MOVAR    AWUCON
0000001d fd76                CLRR     BWUCON
0000001e de03                MOVIA    0xfc
0000001f fffa                IOST     IOSTA
00000020 dedc                MOVIA    0x23
00000021 fff6                IOST     APHCON
00000022 defd                MOVIA    0x2
00000023 ff71                MOVAR    INTE
00000024 fd70                CLRR     INTF
00000025 e0fc                BCR      STATUS, BK0
00000026 fed4                MOVR     0x2b, ToAcc
00000027 e4fc                BSR      STATUS, BK0
00000028 ff58                MOVAR    0x27
00000029 e0fc                BCR      STATUS, BK0
0000002a fed6                MOVR     0x29, ToAcc
0000002b e4fc                BSR      STATUS, BK0
0000002c ff57                MOVAR    0x28
0000002d d293                LCALL    0x56c; _CS1630_CE_Low=0x56c
0000002e d27f                LCALL    0x580; _CS1630_Flush_Tx=0x580
0000002f d7fc                LCALL    0x3; _CS1630_Clear_All_Irq=0x3
00000030 def0                MOVIA    0xf
00000031 ff06                MOVAR    0x79
00000032 deff                MOVIA    0x0
00000033 d310                LCALL    0x4ef; _CS1630_write_byte=0x4ef
00000034 defa                MOVIA    0x5
00000035 d351                LCALL    0x4ae; _delay_ms=0x4ae
00000036 fffd                CLRWDT
00000037 e0fc                BCR      STATUS, BK0
00000038 e5f9                BSR      PORTB, PB4
00000039 e0fc                BCR      STATUS, BK0
0000003a fd56                CLRR     0x29
app_tx.o:_02028_DS_:
0000003b fffd                CLRWDT
0000003c e0fc                BCR      STATUS, BK0
0000003d fed6                MOVR     0x29, ToAcc
0000003e da73                ADDIA    0x8c
0000003f e0fc                BCR      STATUS, BK0
00000040 ff54                MOVAR    0x2b
00000041 defa                MOVIA    0x5
00000042 d9ff                ADCIA    0x0
00000043 e0fc                BCR      STATUS, BK0
00000044 ff53                MOVAR    0x2c
00000045 e0fc                BCR      STATUS, BK0
00000046 fed4                MOVR     0x2b, ToAcc
00000047 ff05                MOVAR    0x7a
00000048 e0fc                BCR      STATUS, BK0
00000049 fed3                MOVR     0x2c, ToAcc
0000004a ff06                MOVAR    0x79
0000004b de7f                MOVIA    0x80
0000004c d323                LCALL    0x4dc; __gptrget=0x4dc
0000004d e0fc                BCR      STATUS, BK0
0000004e ff52                MOVAR    0x2d
0000004f fed2                MOVR     0x2d, ToAcc
00000050 ff06                MOVAR    0x79
00000051 defa                MOVIA    0x5
00000052 d310                LCALL    0x4ef; _CS1630_write_byte=0x4ef
00000053 e0fc                BCR      STATUS, BK0
00000054 fd54                CLRR     0x2b
app_tx.o:_02026_DS_:
00000055 de5f                MOVIA    0xa0
00000056 e0fc                BCR      STATUS, BK0
00000057 ff53                MOVAR    0x2c
00000058 e0fc                BCR      STATUS, BK0
00000059 fd52                CLRR     0x2d
0000005a e0fc                BCR      STATUS, BK0
0000005b fd51                CLRR     0x2e
0000005c deeb                MOVIA    0x14
0000005d ff03                MOVAR    0x7c
0000005e e0fc                BCR      STATUS, BK0
0000005f fed3                MOVR     0x2c, ToAcc
00000060 ff04                MOVAR    0x7b
00000061 e0fc                BCR      STATUS, BK0
00000062 fed2                MOVR     0x2d, ToAcc
00000063 ff05                MOVAR    0x7a
00000064 e0fc                BCR      STATUS, BK0
00000065 fed1                MOVR     0x2e, ToAcc
00000066 ff06                MOVAR    0x79
00000067 de5f                MOVIA    0xa0
00000068 d38c                LCALL    0x473; _CS1630_SendPack=0x473
00000069 d289                LCALL    0x576; _CS1630_CE_High=0x576
0000006a d270                LCALL    0x58f; _delay_40us=0x58f
0000006b d293                LCALL    0x56c; _CS1630_CE_Low=0x56c
app_tx.o:_02009_DS_:
0000006c def8                MOVIA    0x7
0000006d d2df                LCALL    0x520; _CS1630_read_byte=0x520
0000006e e0fc                BCR      STATUS, BK0
0000006f ff53                MOVAR    0x2c
00000070 f153                BTRSC    0x2c, 0x5
00000071 c78b                LGOTO    0x74; app_tx.o:_02005_DS_=0x74
00000072 f5d3                BTRSS    0x2c, 0x4
00000073 c793                LGOTO    0x6c; app_tx.o:_02009_DS_=0x6c
app_tx.o:_02005_DS_:
00000074 e0fc                BCR      STATUS, BK0
00000075 fed3                MOVR     0x2c, ToAcc
00000076 ff06                MOVAR    0x79
00000077 def8                MOVIA    0x7
00000078 d310                LCALL    0x4ef; _CS1630_write_byte=0x4ef
00000079 e0fc                BCR      STATUS, BK0
0000007a fa54                INCR     0x2b, ToReg
0000007b defc                MOVIA    0x3
0000007c fbd4                SUBAR    0x2b, ToAcc
0000007d f7fc                BTRSS    STATUS, C
0000007e c7aa                LGOTO    0x55; app_tx.o:_02026_DS_=0x55
0000007f e0fc                BCR      STATUS, BK0
00000080 fa56                INCR     0x29, ToReg
00000081 defc                MOVIA    0x3
00000082 fbd6                SUBAR    0x29, ToAcc
00000083 f7fc                BTRSS    STATUS, C
00000084 c7c4                LGOTO    0x3b; app_tx.o:_02028_DS_=0x3b
00000085 e0fc                BCR      STATUS, BK0
00000086 e1f9                BCR      PORTB, PB4
00000087 e0fc                BCR      STATUS, BK0
00000088 fd15                CLRR     0x6a
00000089 e0fc                BCR      STATUS, BK0
0000008a fd56                CLRR     0x29
0000008b e0fc                BCR      STATUS, BK0
0000008c fd54                CLRR     0x2b
app_tx.o:_02035_DS_:
0000008d e0fc                BCR      STATUS, BK0
0000008e fed5                MOVR     0x2a, ToAcc
0000008f e0fc                BCR      STATUS, BK0
00000090 fbd4                SUBAR    0x2b, ToAcc
00000091 f3fc                BTRSC    STATUS, C
00000092 c706                LGOTO    0xf9; app_tx.o:_02025_DS_=0xf9
00000093 fffd                CLRWDT
00000094 e0fc                BCR      STATUS, BK0
00000095 fd53                CLRR     0x2c
app_tx.o:_02032_DS_:
00000096 fffd                CLRWDT
00000097 e0fc                BCR      STATUS, BK0
00000098 fed3                MOVR     0x2c, ToAcc
00000099 da73                ADDIA    0x8c
0000009a e0fc                BCR      STATUS, BK0
0000009b ff52                MOVAR    0x2d
0000009c defa                MOVIA    0x5
0000009d d9ff                ADCIA    0x0
0000009e e0fc                BCR      STATUS, BK0
0000009f ff51                MOVAR    0x2e
000000a0 e0fc                BCR      STATUS, BK0
000000a1 fed2                MOVR     0x2d, ToAcc
000000a2 ff05                MOVAR    0x7a
000000a3 e0fc                BCR      STATUS, BK0
000000a4 fed1                MOVR     0x2e, ToAcc
000000a5 ff06                MOVAR    0x79
000000a6 de7f                MOVIA    0x80
000000a7 d323                LCALL    0x4dc; __gptrget=0x4dc
000000a8 e0fc                BCR      STATUS, BK0
000000a9 ff50                MOVAR    0x2f
000000aa fed0                MOVR     0x2f, ToAcc
000000ab ff06                MOVAR    0x79
000000ac defa                MOVIA    0x5
000000ad d310                LCALL    0x4ef; _CS1630_write_byte=0x4ef
000000ae e0fc                BCR      STATUS, BK0
000000af fd52                CLRR     0x2d
app_tx.o:_02030_DS_:
000000b0 de5f                MOVIA    0xa0
000000b1 e0fc                BCR      STATUS, BK0
000000b2 ff51                MOVAR    0x2e
000000b3 e0fc                BCR      STATUS, BK0
000000b4 fd50                CLRR     0x2f
000000b5 e0fc                BCR      STATUS, BK0
000000b6 fd4f                CLRR     0x30
000000b7 deeb                MOVIA    0x14
000000b8 ff03                MOVAR    0x7c
000000b9 e0fc                BCR      STATUS, BK0
000000ba fed1                MOVR     0x2e, ToAcc
000000bb ff04                MOVAR    0x7b
000000bc e0fc                BCR      STATUS, BK0
000000bd fed0                MOVR     0x2f, ToAcc
000000be ff05                MOVAR    0x7a
000000bf e0fc                BCR      STATUS, BK0
000000c0 fecf                MOVR     0x30, ToAcc
000000c1 ff06                MOVAR    0x79
000000c2 de5f                MOVIA    0xa0
000000c3 d38c                LCALL    0x473; _CS1630_SendPack=0x473
000000c4 d289                LCALL    0x576; _CS1630_CE_High=0x576
000000c5 d270                LCALL    0x58f; _delay_40us=0x58f
000000c6 d293                LCALL    0x56c; _CS1630_CE_Low=0x56c
app_tx.o:_02017_DS_:
000000c7 def8                MOVIA    0x7
000000c8 d2df                LCALL    0x520; _CS1630_read_byte=0x520
000000c9 e0fc                BCR      STATUS, BK0
000000ca ff51                MOVAR    0x2e
000000cb f151                BTRSC    0x2e, 0x5
000000cc c730                LGOTO    0xcf; app_tx.o:_02013_DS_=0xcf
000000cd f5d1                BTRSS    0x2e, 0x4
000000ce c738                LGOTO    0xc7; app_tx.o:_02017_DS_=0xc7
app_tx.o:_02013_DS_:
000000cf e0fc                BCR      STATUS, BK0
000000d0 fed1                MOVR     0x2e, ToAcc
000000d1 ff06                MOVAR    0x79
000000d2 def8                MOVIA    0x7
000000d3 d310                LCALL    0x4ef; _CS1630_write_byte=0x4ef
000000d4 e0fc                BCR      STATUS, BK0
000000d5 fa52                INCR     0x2d, ToReg
000000d6 defc                MOVIA    0x3
000000d7 fbd2                SUBAR    0x2d, ToAcc
000000d8 f7fc                BTRSS    STATUS, C
000000d9 c74f                LGOTO    0xb0; app_tx.o:_02030_DS_=0xb0
000000da e0fc                BCR      STATUS, BK0
000000db fa53                INCR     0x2c, ToReg
000000dc defc                MOVIA    0x3
000000dd fbd3                SUBAR    0x2c, ToAcc
000000de f7fc                BTRSS    STATUS, C
000000df c769                LGOTO    0x96; app_tx.o:_02032_DS_=0x96
000000e0 e0fc                BCR      STATUS, BK0
000000e1 fe95                MOVR     0x6a, ToAcc
000000e2 dbfe                XORIA    0x1
000000e3 f6fc                BTRSS    STATUS, Z
000000e4 c709                LGOTO    0xf6; app_tx.o:_02036_DS_=0xf6
000000e5 fd15                CLRR     0x6a
000000e6 e0fc                BCR      STATUS, BK0
000000e7 fa56                INCR     0x29, ToReg
000000e8 fed6                MOVR     0x29, ToAcc
000000e9 dbfd                XORIA    0x2
000000ea f6fc                BTRSS    STATUS, Z
000000eb c709                LGOTO    0xf6; app_tx.o:_02036_DS_=0xf6
000000ec defe                MOVIA    0x1
000000ed e0fc                BCR      STATUS, BK0
000000ee ff14                MOVAR    0x6b
000000ef def2                MOVIA    0xd
000000f0 ff06                MOVAR    0x79
000000f1 deff                MOVIA    0x0
000000f2 d310                LCALL    0x4ef; _CS1630_write_byte=0x4ef
000000f3 defd                MOVIA    0x2
000000f4 d351                LCALL    0x4ae; _delay_ms=0x4ae
000000f5 c700                LGOTO    0xff; app_tx.o:_02037_DS_=0xff
app_tx.o:_02036_DS_:
000000f6 e0fc                BCR      STATUS, BK0
000000f7 fa54                INCR     0x2b, ToReg
000000f8 c772                LGOTO    0x8d; app_tx.o:_02035_DS_=0x8d
app_tx.o:_02025_DS_:
000000f9 def2                MOVIA    0xd
000000fa ff06                MOVAR    0x79
000000fb deff                MOVIA    0x0
000000fc d310                LCALL    0x4ef; _CS1630_write_byte=0x4ef
000000fd defd                MOVIA    0x2
000000fe d351                LCALL    0x4ae; _delay_ms=0x4ae
app_tx.o:_02037_DS_:
000000ff ffef                RET
_main:
00000100 ffec                DISI
00000101 d33a                LCALL    0x4c5; _CS1630_init_main=0x4c5
00000102 d29e                LCALL    0x561; _wake_up_init=0x561
00000103 d26a                LCALL    0x595; _open_WDT=0x595
00000104 fffb                ENI
00000105 e0fc                BCR      STATUS, BK0
00000106 fd1c                CLRR     0x63
00000107 e0fc                BCR      STATUS, BK0
00000108 fd15                CLRR     0x6a
main.o:_02050_DS_:
00000109 fffd                CLRWDT
0000010a d2c3                LCALL    0x53c; _key_init=0x53c
0000010b d5d7                LCALL    0x228; _Check_Keydown=0x228
0000010c e0fc                BCR      STATUS, BK0
0000010d ff1b                MOVAR    0x64
0000010e fe9b                MOVR     0x64, ToAcc
0000010f f2fc                BTRSC    STATUS, Z
00000110 c6e5                LGOTO    0x11a; main.o:_02029_DS_=0x11a
00000111 e0fc                BCR      STATUS, BK0
00000112 fd13                CLRR     0x6c
00000113 e0fc                BCR      STATUS, BK0
00000114 fd12                CLRR     0x6d
00000115 e0fc                BCR      STATUS, BK0
00000116 f99b                DECR     0x64, ToAcc
00000117 e0fc                BCR      STATUS, BK0
00000118 ff1a                MOVAR    0x65
00000119 c6e2                LGOTO    0x11d; main.o:_02030_DS_=0x11d
main.o:_02029_DS_:
0000011a de00                MOVIA    0xff
0000011b e0fc                BCR      STATUS, BK0
0000011c ff1a                MOVAR    0x65
main.o:_02030_DS_:
0000011d e0fc                BCR      STATUS, BK0
0000011e fe9b                MOVR     0x64, ToAcc
0000011f f2fc                BTRSC    STATUS, Z
00000120 c697                LGOTO    0x168; main.o:_02041_DS_=0x168
00000121 e0fc                BCR      STATUS, BK0
00000122 fe9c                MOVR     0x63, ToAcc
00000123 f6fc                BTRSS    STATUS, Z
00000124 c6cb                LGOTO    0x134; main.o:_02038_DS_=0x134
00000125 e0fc                BCR      STATUS, BK0
00000126 fe90                MOVR     0x6f, ToAcc
00000127 e0fc                BCR      STATUS, BK0
00000128 ff19                MOVAR    0x66
00000129 fa99                INCR     0x66, ToAcc
0000012a e0fc                BCR      STATUS, BK0
0000012b ff10                MOVAR    0x6f
0000012c fe90                MOVR     0x6f, ToAcc
0000012d ff05                MOVAR    0x7a
0000012e def0                MOVIA    0xf
0000012f ff06                MOVAR    0x79
00000130 e0fc                BCR      STATUS, BK0
00000131 fe9a                MOVR     0x65, ToAcc
00000132 d7ed                LCALL    0x12; _send_ble_packet=0x12
00000133 c697                LGOTO    0x168; main.o:_02041_DS_=0x168
main.o:_02038_DS_:
00000134 e0fc                BCR      STATUS, BK0
00000135 fe91                MOVR     0x6e, ToAcc
00000136 e0fc                BCR      STATUS, BK0
00000137 ed9b                XORAR    0x64, ToAcc
00000138 f6fc                BTRSS    STATUS, Z
00000139 c6a5                LGOTO    0x15a; main.o:_02035_DS_=0x15a
0000013a e0fc                BCR      STATUS, BK0
0000013b fe94                MOVR     0x6b, ToAcc
0000013c f6fc                BTRSS    STATUS, Z
0000013d c6b6                LGOTO    0x149; main.o:_02032_DS_=0x149
0000013e e0fc                BCR      STATUS, BK0
0000013f fe90                MOVR     0x6f, ToAcc
00000140 ff05                MOVAR    0x7a
00000141 deff                MOVIA    0x0
00000142 ff06                MOVAR    0x79
00000143 e0fc                BCR      STATUS, BK0
00000144 fe9a                MOVR     0x65, ToAcc
00000145 d7ed                LCALL    0x12; _send_ble_packet=0x12
00000146 dea5                MOVIA    0x5a
00000147 d351                LCALL    0x4ae; _delay_ms=0x4ae
00000148 c697                LGOTO    0x168; main.o:_02041_DS_=0x168
main.o:_02032_DS_:
00000149 e0fc                BCR      STATUS, BK0
0000014a fd14                CLRR     0x6b
0000014b e0fc                BCR      STATUS, BK0
0000014c fe90                MOVR     0x6f, ToAcc
0000014d e0fc                BCR      STATUS, BK0
0000014e ff19                MOVAR    0x66
0000014f fa99                INCR     0x66, ToAcc
00000150 e0fc                BCR      STATUS, BK0
00000151 ff10                MOVAR    0x6f
00000152 fe90                MOVR     0x6f, ToAcc
00000153 ff05                MOVAR    0x7a
00000154 def0                MOVIA    0xf
00000155 ff06                MOVAR    0x79
00000156 e0fc                BCR      STATUS, BK0
00000157 fe9a                MOVR     0x65, ToAcc
00000158 d7ed                LCALL    0x12; _send_ble_packet=0x12
00000159 c697                LGOTO    0x168; main.o:_02041_DS_=0x168
main.o:_02035_DS_:
0000015a e0fc                BCR      STATUS, BK0
0000015b fe90                MOVR     0x6f, ToAcc
0000015c e0fc                BCR      STATUS, BK0
0000015d ff19                MOVAR    0x66
0000015e fa99                INCR     0x66, ToAcc
0000015f e0fc                BCR      STATUS, BK0
00000160 ff10                MOVAR    0x6f
00000161 fe90                MOVR     0x6f, ToAcc
00000162 ff05                MOVAR    0x7a
00000163 def0                MOVIA    0xf
00000164 ff06                MOVAR    0x79
00000165 e0fc                BCR      STATUS, BK0
00000166 fe9a                MOVR     0x65, ToAcc
00000167 d7ed                LCALL    0x12; _send_ble_packet=0x12
main.o:_02041_DS_:
00000168 fffd                CLRWDT
00000169 e0fc                BCR      STATUS, BK0
0000016a fe9b                MOVR     0x64, ToAcc
0000016b f2fc                BTRSC    STATUS, Z
0000016c c68a                LGOTO    0x175; main.o:_02043_DS_=0x175
0000016d defe                MOVIA    0x1
0000016e e0fc                BCR      STATUS, BK0
0000016f ff1c                MOVAR    0x63
00000170 e0fc                BCR      STATUS, BK0
00000171 fe9b                MOVR     0x64, ToAcc
00000172 e0fc                BCR      STATUS, BK0
00000173 ff11                MOVAR    0x6e
00000174 c688                LGOTO    0x177; main.o:_02044_DS_=0x177
main.o:_02043_DS_:
00000175 e0fc                BCR      STATUS, BK0
00000176 fd1c                CLRR     0x63
main.o:_02044_DS_:
00000177 e0fc                BCR      STATUS, BK0
00000178 fe93                MOVR     0x6c, ToAcc
00000179 e0fc                BCR      STATUS, BK0
0000017a ff1b                MOVAR    0x64
0000017b fa9b                INCR     0x64, ToAcc
0000017c e0fc                BCR      STATUS, BK0
0000017d ff13                MOVAR    0x6c
0000017e fe93                MOVR     0x6c, ToAcc
0000017f db00                XORIA    0xff
00000180 f6fc                BTRSS    STATUS, Z
00000181 c675                LGOTO    0x18a; main.o:_02046_DS_=0x18a
00000182 fd13                CLRR     0x6c
00000183 e0fc                BCR      STATUS, BK0
00000184 fe92                MOVR     0x6d, ToAcc
00000185 e0fc                BCR      STATUS, BK0
00000186 ff1b                MOVAR    0x64
00000187 fa9b                INCR     0x64, ToAcc
00000188 e0fc                BCR      STATUS, BK0
00000189 ff12                MOVAR    0x6d
main.o:_02046_DS_:
0000018a e0fc                BCR      STATUS, BK0
0000018b fe92                MOVR     0x6d, ToAcc
0000018c dbeb                XORIA    0x14
0000018d f6fc                BTRSS    STATUS, Z
0000018e c6f6                LGOTO    0x109; main.o:_02050_DS_=0x109
0000018f fd12                CLRR     0x6d
00000190 d29e                LCALL    0x561; _wake_up_init=0x561
00000191 d26d                LCALL    0x592; _close_WDT=0x592
00000192 fe7a                MOVR     PORTA, ToReg
00000193 fd70                CLRR     INTF
00000194 fffe                SLEEP
00000195 d26a                LCALL    0x595; _open_WDT=0x595
00000196 c6f6                LGOTO    0x109; main.o:_02050_DS_=0x109
00000197 ffef                RET
_CS1630_Init:
00000198 d2d1                LCALL    0x52e; _RF_softSPI_Init=0x52e
00000199 d293                LCALL    0x56c; _CS1630_CE_Low=0x56c
0000019a defd                MOVIA    0x2
0000019b ff06                MOVAR    0x79
0000019c deff                MOVIA    0x0
0000019d d310                LCALL    0x4ef; _CS1630_write_byte=0x4ef
0000019e defb                MOVIA    0x4
0000019f d351                LCALL    0x4ae; _delay_ms=0x4ae
000001a0 d4fa                LCALL    0x305; _CS1630_Soft_Rst=0x305
000001a1 d289                LCALL    0x576; _CS1630_CE_High=0x576
000001a2 deef                MOVIA    0x10
000001a3 d2ef                LCALL    0x510; _delay_us=0x510
000001a4 d293                LCALL    0x56c; _CS1630_CE_Low=0x56c
bsp_cs1630.o:_02009_DS_:
000001a5 dee1                MOVIA    0x1e
000001a6 d2df                LCALL    0x520; _CS1630_read_byte=0x520
000001a7 e0fc                BCR      STATUS, BK0
000001a8 ff4b                MOVAR    0x34
000001a9 f7cb                BTRSS    0x34, 0x0
000001aa c65a                LGOTO    0x1a5; bsp_cs1630.o:_02009_DS_=0x1a5
000001ab defe                MOVIA    0x1
000001ac d368                LCALL    0x497; _CS1630_Bank_Switch=0x497
000001ad deee                MOVIA    0x11
000001ae d2df                LCALL    0x520; _CS1630_read_byte=0x520
000001af e0fc                BCR      STATUS, BK0
000001b0 ff4b                MOVAR    0x34
000001b1 dedf                MOVIA    0x20
000001b2 e0fc                BCR      STATUS, BK0
000001b3 ff4a                MOVAR    0x35
000001b4 e0fc                BCR      STATUS, BK0
000001b5 fd49                CLRR     0x36
000001b6 e0fc                BCR      STATUS, BK0
000001b7 fd48                CLRR     0x37
000001b8 defb                MOVIA    0x4
000001b9 ff03                MOVAR    0x7c
000001ba e0fc                BCR      STATUS, BK0
000001bb feca                MOVR     0x35, ToAcc
000001bc ff04                MOVAR    0x7b
000001bd e0fc                BCR      STATUS, BK0
000001be fec9                MOVR     0x36, ToAcc
000001bf ff05                MOVAR    0x7a
000001c0 e0fc                BCR      STATUS, BK0
000001c1 fec8                MOVR     0x37, ToAcc
000001c2 ff06                MOVAR    0x79
000001c3 defe                MOVIA    0x1
000001c4 d4b1                LCALL    0x34e; _CS1630_read_buffer=0x34e
000001c5 def8                MOVIA    0x7
000001c6 e0fc                BCR      STATUS, BK0
000001c7 ff5f                MOVAR    0x20
000001c8 de7f                MOVIA    0x80
000001c9 ff5e                MOVAR    0x21
000001ca fedd                MOVR     0x22, ToAcc
000001cb e0fc                BCR      STATUS, BK0
000001cc ff4a                MOVAR    0x35
000001cd deb7                MOVIA    0x48
000001ce ee4a                IORAR    0x35, ToReg
000001cf feca                MOVR     0x35, ToAcc
000001d0 e0fc                BCR      STATUS, BK0
000001d1 ff5d                MOVAR    0x22
000001d2 dedf                MOVIA    0x20
000001d3 e0fc                BCR      STATUS, BK0
000001d4 ff4a                MOVAR    0x35
000001d5 e0fc                BCR      STATUS, BK0
000001d6 fd49                CLRR     0x36
000001d7 e0fc                BCR      STATUS, BK0
000001d8 fd48                CLRR     0x37
000001d9 defb                MOVIA    0x4
000001da ff03                MOVAR    0x7c
000001db e0fc                BCR      STATUS, BK0
000001dc feca                MOVR     0x35, ToAcc
000001dd ff04                MOVAR    0x7b
000001de e0fc                BCR      STATUS, BK0
000001df fec9                MOVR     0x36, ToAcc
000001e0 ff05                MOVAR    0x7a
000001e1 e0fc                BCR      STATUS, BK0
000001e2 fec8                MOVR     0x37, ToAcc
000001e3 ff06                MOVAR    0x79
000001e4 defe                MOVIA    0x1
000001e5 d476                LCALL    0x389; _CS1630_wr_buffer=0x389
000001e6 e0fc                BCR      STATUS, BK0
000001e7 fecb                MOVR     0x34, ToAcc
000001e8 ff06                MOVAR    0x79
000001e9 deee                MOVIA    0x11
000001ea d310                LCALL    0x4ef; _CS1630_write_byte=0x4ef
000001eb deff                MOVIA    0x0
000001ec d368                LCALL    0x497; _CS1630_Bank_Switch=0x497
000001ed defe                MOVIA    0x1
000001ee ff06                MOVAR    0x79
000001ef dee1                MOVIA    0x1e
000001f0 d310                LCALL    0x4ef; _CS1630_write_byte=0x4ef
000001f1 decb                MOVIA    0x34
000001f2 e0fc                BCR      STATUS, BK0
000001f3 ff5f                MOVAR    0x20
000001f4 d7f1                LCALL    0xe; _get_rolling_code_0=0xe
000001f5 e0fc                BCR      STATUS, BK0
000001f6 ff4b                MOVAR    0x34
000001f7 fa4b                INCR     0x34, ToReg
000001f8 fecb                MOVR     0x34, ToAcc
000001f9 e0fc                BCR      STATUS, BK0
000001fa ff5e                MOVAR    0x21
000001fb d7f0                LCALL    0xf; _get_rolling_code_1=0xf
000001fc e0fc                BCR      STATUS, BK0
000001fd ff4b                MOVAR    0x34
000001fe fa4b                INCR     0x34, ToReg
000001ff fecb                MOVR     0x34, ToAcc
00000200 e0fc                BCR      STATUS, BK0
00000201 ff5d                MOVAR    0x22
00000202 d7ef                LCALL    0x10; _get_rolling_code_2=0x10
00000203 e0fc                BCR      STATUS, BK0
00000204 ff4b                MOVAR    0x34
00000205 fa4b                INCR     0x34, ToReg
00000206 fecb                MOVR     0x34, ToAcc
00000207 e0fc                BCR      STATUS, BK0
00000208 ff5c                MOVAR    0x23
00000209 d7ee                LCALL    0x11; _get_rolling_code_3=0x11
0000020a e0fc                BCR      STATUS, BK0
0000020b ff4b                MOVAR    0x34
0000020c fa4b                INCR     0x34, ToReg
0000020d fecb                MOVR     0x34, ToAcc
0000020e e0fc                BCR      STATUS, BK0
0000020f ff5b                MOVAR    0x24
00000210 dedf                MOVIA    0x20
00000211 e0fc                BCR      STATUS, BK0
00000212 ff4b                MOVAR    0x34
00000213 e0fc                BCR      STATUS, BK0
00000214 fd4a                CLRR     0x35
00000215 e0fc                BCR      STATUS, BK0
00000216 fd49                CLRR     0x36
00000217 defa                MOVIA    0x5
00000218 ff03                MOVAR    0x7c
00000219 e0fc                BCR      STATUS, BK0
0000021a fecb                MOVR     0x34, ToAcc
0000021b ff04                MOVAR    0x7b
0000021c e0fc                BCR      STATUS, BK0
0000021d feca                MOVR     0x35, ToAcc
0000021e ff05                MOVAR    0x7a
0000021f e0fc                BCR      STATUS, BK0
00000220 fec9                MOVR     0x36, ToAcc
00000221 ff06                MOVAR    0x79
00000222 deef                MOVIA    0x10
00000223 d476                LCALL    0x389; _CS1630_wr_buffer=0x389
00000224 d7fc                LCALL    0x3; _CS1630_Clear_All_Irq=0x3
00000225 d27f                LCALL    0x580; _CS1630_Flush_Tx=0x580
00000226 fffd                CLRWDT
00000227 ffef                RET
_Check_Keydown:
00000228 fefa                MOVR     PORTA, ToAcc
00000229 e0fc                BCR      STATUS, BK0
0000022a ff1e                MOVAR    0x61
0000022b de03                MOVIA    0xfc
0000022c ef1e                ANDAR    0x61, ToReg
0000022d fe9e                MOVR     0x61, ToAcc
0000022e db03                XORIA    0xfc
0000022f f6fc                BTRSS    STATUS, Z
00000230 c5cd                LGOTO    0x232; key.o:_02104_DS_=0x232
00000231 c55d                LGOTO    0x2a2; key.o:_02041_DS_=0x2a2
key.o:_02104_DS_:
00000232 defb                MOVIA    0x4
00000233 d351                LCALL    0x4ae; _delay_ms=0x4ae
00000234 fefa                MOVR     PORTA, ToAcc
00000235 e0fc                BCR      STATUS, BK0
00000236 ff1e                MOVAR    0x61
00000237 de03                MOVIA    0xfc
00000238 ef1e                ANDAR    0x61, ToReg
00000239 fe9e                MOVR     0x61, ToAcc
0000023a db03                XORIA    0xfc
0000023b f6fc                BTRSS    STATUS, Z
0000023c c5c1                LGOTO    0x23e; key.o:_02105_DS_=0x23e
0000023d c55f                LGOTO    0x2a0; key.o:_02038_DS_=0x2a0
key.o:_02105_DS_:
0000023e f0fa                BTRSC    PORTA, PA6
0000023f c5bd                LGOTO    0x242; key.o:_02022_DS_=0x242
00000240 deee                MOVIA    0x11
00000241 c55c                LGOTO    0x2a3; key.o:_02042_DS_=0x2a3
key.o:_02022_DS_:
00000242 f07a                BTRSC    PORTA, PA7
00000243 c5b9                LGOTO    0x246; key.o:_02024_DS_=0x246
00000244 deed                MOVIA    0x12
00000245 c55c                LGOTO    0x2a3; key.o:_02042_DS_=0x2a3
key.o:_02024_DS_:
00000246 dec3                MOVIA    0x3c
00000247 e0fc                BCR      STATUS, BK0
00000248 ef1e                ANDAR    0x61, ToReg
00000249 fe9e                MOVR     0x61, ToAcc
0000024a dbe3                XORIA    0x1c
0000024b f6fc                BTRSS    STATUS, Z
0000024c c5b1                LGOTO    0x24e; key.o:_02106_DS_=0x24e
0000024d c595                LGOTO    0x26a; key.o:_02028_DS_=0x26a
key.o:_02106_DS_:
0000024e e0fc                BCR      STATUS, BK0
0000024f fe9e                MOVR     0x61, ToAcc
00000250 dbd3                XORIA    0x2c
00000251 f6fc                BTRSS    STATUS, Z
00000252 c5ab                LGOTO    0x254; key.o:_02107_DS_=0x254
00000253 c599                LGOTO    0x266; key.o:_02027_DS_=0x266
key.o:_02107_DS_:
00000254 e0fc                BCR      STATUS, BK0
00000255 fe9e                MOVR     0x61, ToAcc
00000256 dbcb                XORIA    0x34
00000257 f6fc                BTRSS    STATUS, Z
00000258 c5a5                LGOTO    0x25a; key.o:_02108_DS_=0x25a
00000259 c59d                LGOTO    0x262; key.o:_02026_DS_=0x262
key.o:_02108_DS_:
0000025a e0fc                BCR      STATUS, BK0
0000025b fe9e                MOVR     0x61, ToAcc
0000025c dbc7                XORIA    0x38
0000025d f6fc                BTRSS    STATUS, Z
0000025e c591                LGOTO    0x26e; key.o:_02029_DS_=0x26e
0000025f defe                MOVIA    0x1
00000260 ff1e                MOVAR    0x61
00000261 c58f                LGOTO    0x270; key.o:_02030_DS_=0x270
key.o:_02026_DS_:
00000262 defd                MOVIA    0x2
00000263 e0fc                BCR      STATUS, BK0
00000264 ff1e                MOVAR    0x61
00000265 c58f                LGOTO    0x270; key.o:_02030_DS_=0x270
key.o:_02027_DS_:
00000266 defc                MOVIA    0x3
00000267 e0fc                BCR      STATUS, BK0
00000268 ff1e                MOVAR    0x61
00000269 c58f                LGOTO    0x270; key.o:_02030_DS_=0x270
key.o:_02028_DS_:
0000026a defb                MOVIA    0x4
0000026b e0fc                BCR      STATUS, BK0
0000026c ff1e                MOVAR    0x61
0000026d c58f                LGOTO    0x270; key.o:_02030_DS_=0x270
key.o:_02029_DS_:
0000026e e0fc                BCR      STATUS, BK0
0000026f fd1e                CLRR     0x61
key.o:_02030_DS_:
00000270 d2b6                LCALL    0x549; _toggle_key=0x549
00000271 fef9                MOVR     PORTB, ToAcc
00000272 e0fc                BCR      STATUS, BK0
00000273 ff1d                MOVAR    0x62
00000274 def0                MOVIA    0xf
00000275 ef1d                ANDAR    0x62, ToReg
00000276 fe9d                MOVR     0x62, ToAcc
00000277 dbf8                XORIA    0x7
00000278 f6fc                BTRSS    STATUS, Z
00000279 c584                LGOTO    0x27b; key.o:_02109_DS_=0x27b
0000027a c563                LGOTO    0x29c; key.o:_02036_DS_=0x29c
key.o:_02109_DS_:
0000027b e0fc                BCR      STATUS, BK0
0000027c fe9d                MOVR     0x62, ToAcc
0000027d dbf4                XORIA    0xb
0000027e f6fc                BTRSS    STATUS, Z
0000027f c57e                LGOTO    0x281; key.o:_02110_DS_=0x281
00000280 c571                LGOTO    0x28e; key.o:_02032_DS_=0x28e
key.o:_02110_DS_:
00000281 e0fc                BCR      STATUS, BK0
00000282 fe9d                MOVR     0x62, ToAcc
00000283 dbf2                XORIA    0xd
00000284 f6fc                BTRSS    STATUS, Z
00000285 c578                LGOTO    0x287; key.o:_02111_DS_=0x287
00000286 c56d                LGOTO    0x292; key.o:_02033_DS_=0x292
key.o:_02111_DS_:
00000287 e0fc                BCR      STATUS, BK0
00000288 fe9d                MOVR     0x62, ToAcc
00000289 dbf1                XORIA    0xe
0000028a f6fc                BTRSS    STATUS, Z
0000028b c572                LGOTO    0x28d; key.o:_02112_DS_=0x28d
0000028c c569                LGOTO    0x296; key.o:_02034_DS_=0x296
key.o:_02112_DS_:
0000028d c565                LGOTO    0x29a; key.o:_02035_DS_=0x29a
key.o:_02032_DS_:
0000028e defb                MOVIA    0x4
0000028f e0fc                BCR      STATUS, BK0
00000290 fc1e                ADDAR    0x61, ToReg
00000291 c563                LGOTO    0x29c; key.o:_02036_DS_=0x29c
key.o:_02033_DS_:
00000292 def7                MOVIA    0x8
00000293 e0fc                BCR      STATUS, BK0
00000294 fc1e                ADDAR    0x61, ToReg
00000295 c563                LGOTO    0x29c; key.o:_02036_DS_=0x29c
key.o:_02034_DS_:
00000296 def3                MOVIA    0xc
00000297 e0fc                BCR      STATUS, BK0
00000298 fc1e                ADDAR    0x61, ToReg
00000299 c563                LGOTO    0x29c; key.o:_02036_DS_=0x29c
key.o:_02035_DS_:
0000029a e0fc                BCR      STATUS, BK0
0000029b fd1e                CLRR     0x61
key.o:_02036_DS_:
0000029c fffd                CLRWDT
0000029d e0fc                BCR      STATUS, BK0
0000029e fe9e                MOVR     0x61, ToAcc
0000029f c55c                LGOTO    0x2a3; key.o:_02042_DS_=0x2a3
key.o:_02038_DS_:
000002a0 deff                MOVIA    0x0
000002a1 c55c                LGOTO    0x2a3; key.o:_02042_DS_=0x2a3
key.o:_02041_DS_:
000002a2 deff                MOVIA    0x0
key.o:_02042_DS_:
000002a3 ffef                RET
_SPI_SendByte:
000002a4 e0fc                BCR      STATUS, BK0
000002a5 ff26                MOVAR    0x59
000002a6 fdff                CLRA
000002a7 fff9                IOST     IOSTB
000002a8 e0fc                BCR      STATUS, BK0
000002a9 fd25                CLRR     0x5a
000002aa e0fc                BCR      STATUS, BK0
000002ab fd24                CLRR     0x5b
bsp_spi.o:_02035_DS_:
000002ac e0fc                BCR      STATUS, BK0
000002ad f426                BTRSS    0x59, 0x7
000002ae c54c                LGOTO    0x2b3; bsp_spi.o:_02039_DS_=0x2b3
000002af defe                MOVIA    0x1
000002b0 e0fc                BCR      STATUS, BK0
000002b1 ff23                MOVAR    0x5c
000002b2 c54a                LGOTO    0x2b5; bsp_spi.o:_02040_DS_=0x2b5
bsp_spi.o:_02039_DS_:
000002b3 e0fc                BCR      STATUS, BK0
000002b4 fd23                CLRR     0x5c
bsp_spi.o:_02040_DS_:
000002b5 ffff                NOP
000002b6 ffff                NOP
000002b7 ffff                NOP
000002b8 e3fa                BCR      PORTA, PA0
000002b9 ffff                NOP
000002ba ffff                NOP
000002bb ffff                NOP
000002bc e0fc                BCR      STATUS, BK0
000002bd fea3                MOVR     0x5c, ToAcc
000002be f2fc                BTRSC    STATUS, Z
000002bf c537                LGOTO    0x2c8; bsp_spi.o:_02019_DS_=0x2c8
000002c0 ffff                NOP
000002c1 ffff                NOP
000002c2 ffff                NOP
000002c3 e579                BSR      PORTB, PB5
000002c4 ffff                NOP
000002c5 ffff                NOP
000002c6 ffff                NOP
000002c7 c530                LGOTO    0x2cf; bsp_spi.o:_02025_DS_=0x2cf
bsp_spi.o:_02019_DS_:
000002c8 ffff                NOP
000002c9 ffff                NOP
000002ca ffff                NOP
000002cb e179                BCR      PORTB, PB5
000002cc ffff                NOP
000002cd ffff                NOP
000002ce ffff                NOP
bsp_spi.o:_02025_DS_:
000002cf ffff                NOP
000002d0 ffff                NOP
000002d1 ffff                NOP
000002d2 e7fa                BSR      PORTA, PA0
000002d3 ffff                NOP
000002d4 ffff                NOP
000002d5 ffff                NOP
000002d6 ffff                NOP
000002d7 ffff                NOP
000002d8 ffff                NOP
000002d9 e3fc                BCR      STATUS, C
000002da e0fc                BCR      STATUS, BK0
000002db eb26                RLR      0x59, ToReg
000002dc e0fc                BCR      STATUS, BK0
000002dd fa25                INCR     0x5a, ToReg
000002de f6fc                BTRSS    STATUS, Z
000002df c51d                LGOTO    0x2e2; bsp_spi.o:_00001_DS_=0x2e2
000002e0 e0fc                BCR      STATUS, BK0
000002e1 fa24                INCR     0x5b, ToReg
bsp_spi.o:_00001_DS_:
000002e2 e0fc                BCR      STATUS, BK0
000002e3 fea4                MOVR     0x5b, ToAcc
000002e4 da7f                ADDIA    0x80
000002e5 da7f                ADDIA    0x80
000002e6 f6fc                BTRSS    STATUS, Z
000002e7 c514                LGOTO    0x2eb; bsp_spi.o:_02058_DS_=0x2eb
000002e8 def7                MOVIA    0x8
000002e9 e0fc                BCR      STATUS, BK0
000002ea fba5                SUBAR    0x5a, ToAcc
bsp_spi.o:_02058_DS_:
000002eb f7fc                BTRSS    STATUS, C
000002ec c553                LGOTO    0x2ac; bsp_spi.o:_02035_DS_=0x2ac
000002ed ffff                NOP
000002ee ffff                NOP
000002ef ffff                NOP
000002f0 e179                BCR      PORTB, PB5
000002f1 ffff                NOP
000002f2 ffff                NOP
000002f3 ffff                NOP
000002f4 ffff                NOP
000002f5 ffff                NOP
000002f6 ffff                NOP
000002f7 e3fa                BCR      PORTA, PA0
000002f8 ffff                NOP
000002f9 ffff                NOP
000002fa ffff                NOP
000002fb ffff                NOP
000002fc ffff                NOP
000002fd ffff                NOP
000002fe ffff                NOP
000002ff ffff                NOP
00000300 ffff                NOP
00000301 ffff                NOP
00000302 ffff                NOP
00000303 ffff                NOP
00000304 ffef                RET
_CS1630_Soft_Rst:
00000305 defe                MOVIA    0x1
00000306 d368                LCALL    0x497; _CS1630_Bank_Switch=0x497
00000307 deda                MOVIA    0x25
00000308 e0fc                BCR      STATUS, BK0
00000309 ff4e                MOVAR    0x31
0000030a e0fc                BCR      STATUS, BK0
0000030b fd4d                CLRR     0x32
0000030c e0fc                BCR      STATUS, BK0
0000030d fd4c                CLRR     0x33
0000030e defb                MOVIA    0x4
0000030f ff03                MOVAR    0x7c
00000310 e0fc                BCR      STATUS, BK0
00000311 fece                MOVR     0x31, ToAcc
00000312 ff04                MOVAR    0x7b
00000313 e0fc                BCR      STATUS, BK0
00000314 fecd                MOVR     0x32, ToAcc
00000315 ff05                MOVAR    0x7a
00000316 e0fc                BCR      STATUS, BK0
00000317 fecc                MOVR     0x33, ToAcc
00000318 ff06                MOVAR    0x79
00000319 defe                MOVIA    0x1
0000031a d4b1                LCALL    0x34e; _CS1630_read_buffer=0x34e
0000031b e0fc                BCR      STATUS, BK0
0000031c fed7                MOVR     0x28, ToAcc
0000031d e0fc                BCR      STATUS, BK0
0000031e ff4e                MOVAR    0x31
0000031f e44e                BSR      0x31, 0x7
00000320 fece                MOVR     0x31, ToAcc
00000321 e0fc                BCR      STATUS, BK0
00000322 ff57                MOVAR    0x28
00000323 deda                MOVIA    0x25
00000324 e0fc                BCR      STATUS, BK0
00000325 ff4e                MOVAR    0x31
00000326 e0fc                BCR      STATUS, BK0
00000327 fd4d                CLRR     0x32
00000328 e0fc                BCR      STATUS, BK0
00000329 fd4c                CLRR     0x33
0000032a defb                MOVIA    0x4
0000032b ff03                MOVAR    0x7c
0000032c e0fc                BCR      STATUS, BK0
0000032d fece                MOVR     0x31, ToAcc
0000032e ff04                MOVAR    0x7b
0000032f e0fc                BCR      STATUS, BK0
00000330 fecd                MOVR     0x32, ToAcc
00000331 ff05                MOVAR    0x7a
00000332 e0fc                BCR      STATUS, BK0
00000333 fecc                MOVR     0x33, ToAcc
00000334 ff06                MOVAR    0x79
00000335 defe                MOVIA    0x1
00000336 d476                LCALL    0x389; _CS1630_wr_buffer=0x389
00000337 deda                MOVIA    0x25
00000338 e0fc                BCR      STATUS, BK0
00000339 ff4e                MOVAR    0x31
0000033a e0fc                BCR      STATUS, BK0
0000033b fd4d                CLRR     0x32
0000033c e0fc                BCR      STATUS, BK0
0000033d fd4c                CLRR     0x33
0000033e defb                MOVIA    0x4
0000033f ff03                MOVAR    0x7c
00000340 e0fc                BCR      STATUS, BK0
00000341 fece                MOVR     0x31, ToAcc
00000342 ff04                MOVAR    0x7b
00000343 e0fc                BCR      STATUS, BK0
00000344 fecd                MOVR     0x32, ToAcc
00000345 ff05                MOVAR    0x7a
00000346 e0fc                BCR      STATUS, BK0
00000347 fecc                MOVR     0x33, ToAcc
00000348 ff06                MOVAR    0x79
00000349 defe                MOVIA    0x1
0000034a d4b1                LCALL    0x34e; _CS1630_read_buffer=0x34e
0000034b deff                MOVIA    0x0
0000034c d368                LCALL    0x497; _CS1630_Bank_Switch=0x497
0000034d ffef                RET
_CS1630_read_buffer:
0000034e e0fc                BCR      STATUS, BK0
0000034f ff47                MOVAR    0x38
00000350 fe86                MOVR     0x79, ToAcc
00000351 e0fc                BCR      STATUS, BK0
00000352 ff44                MOVAR    0x3b
00000353 fe85                MOVR     0x7a, ToAcc
00000354 e0fc                BCR      STATUS, BK0
00000355 ff45                MOVAR    0x3a
00000356 fe84                MOVR     0x7b, ToAcc
00000357 e0fc                BCR      STATUS, BK0
00000358 ff46                MOVAR    0x39
00000359 fe83                MOVR     0x7c, ToAcc
0000035a e0fc                BCR      STATUS, BK0
0000035b ff43                MOVAR    0x3c
0000035c e37a                BCR      PORTA, PA1
0000035d e0fc                BCR      STATUS, BK0
0000035e fec7                MOVR     0x38, ToAcc
0000035f d55b                LCALL    0x2a4; _SPI_SendByte=0x2a4
bsp_cs1630.o:_02014_DS_:
00000360 e0fc                BCR      STATUS, BK0
00000361 fec3                MOVR     0x3c, ToAcc
00000362 e0fc                BCR      STATUS, BK0
00000363 ff47                MOVAR    0x38
00000364 e0fc                BCR      STATUS, BK0
00000365 f943                DECR     0x3c, ToReg
00000366 e0fc                BCR      STATUS, BK0
00000367 fec7                MOVR     0x38, ToAcc
00000368 f2fc                BTRSC    STATUS, Z
00000369 c47c                LGOTO    0x383; bsp_cs1630.o:_02016_DS_=0x383
0000036a d409                LCALL    0x3f6; _SPI_ReadByte=0x3f6
0000036b e0fc                BCR      STATUS, BK0
0000036c ff47                MOVAR    0x38
0000036d fec7                MOVR     0x38, ToAcc
0000036e ff04                MOVAR    0x7b
0000036f e0fc                BCR      STATUS, BK0
00000370 fec6                MOVR     0x39, ToAcc
00000371 ff05                MOVAR    0x7a
00000372 e0fc                BCR      STATUS, BK0
00000373 fec5                MOVR     0x3a, ToAcc
00000374 ff06                MOVAR    0x79
00000375 e0fc                BCR      STATUS, BK0
00000376 fec4                MOVR     0x3b, ToAcc
00000377 d2aa                LCALL    0x555; __gptrput=0x555
00000378 e0fc                BCR      STATUS, BK0
00000379 fa46                INCR     0x39, ToReg
0000037a f6fc                BTRSS    STATUS, Z
0000037b c481                LGOTO    0x37e; bsp_cs1630.o:_00003_DS_=0x37e
0000037c e0fc                BCR      STATUS, BK0
0000037d fa45                INCR     0x3a, ToReg
bsp_cs1630.o:_00003_DS_:
0000037e f6fc                BTRSS    STATUS, Z
0000037f c47d                LGOTO    0x382; bsp_cs1630.o:_00004_DS_=0x382
00000380 e0fc                BCR      STATUS, BK0
00000381 fa44                INCR     0x3b, ToReg
bsp_cs1630.o:_00004_DS_:
00000382 c49f                LGOTO    0x360; bsp_cs1630.o:_02014_DS_=0x360
bsp_cs1630.o:_02016_DS_:
00000383 defe                MOVIA    0x1
00000384 d2ef                LCALL    0x510; _delay_us=0x510
00000385 e77a                BSR      PORTA, PA1
00000386 defe                MOVIA    0x1
00000387 d2ef                LCALL    0x510; _delay_us=0x510
00000388 ffef                RET
_CS1630_wr_buffer:
00000389 e0fc                BCR      STATUS, BK0
0000038a ff3f                MOVAR    0x40
0000038b fe86                MOVR     0x79, ToAcc
0000038c e0fc                BCR      STATUS, BK0
0000038d ff3c                MOVAR    0x43
0000038e fe85                MOVR     0x7a, ToAcc
0000038f e0fc                BCR      STATUS, BK0
00000390 ff3d                MOVAR    0x42
00000391 fe84                MOVR     0x7b, ToAcc
00000392 e0fc                BCR      STATUS, BK0
00000393 ff3e                MOVAR    0x41
00000394 fe83                MOVR     0x7c, ToAcc
00000395 e0fc                BCR      STATUS, BK0
00000396 ff3b                MOVAR    0x44
00000397 e37a                BCR      PORTA, PA1
00000398 e0fc                BCR      STATUS, BK0
00000399 e53f                BSR      0x40, 0x5
0000039a febf                MOVR     0x40, ToAcc
0000039b d55b                LCALL    0x2a4; _SPI_SendByte=0x2a4
bsp_cs1630.o:_02029_DS_:
0000039c e0fc                BCR      STATUS, BK0
0000039d febb                MOVR     0x44, ToAcc
0000039e e0fc                BCR      STATUS, BK0
0000039f ff3f                MOVAR    0x40
000003a0 e0fc                BCR      STATUS, BK0
000003a1 f93b                DECR     0x44, ToReg
000003a2 e0fc                BCR      STATUS, BK0
000003a3 febf                MOVR     0x40, ToAcc
000003a4 f2fc                BTRSC    STATUS, Z
000003a5 c440                LGOTO    0x3bf; bsp_cs1630.o:_02032_DS_=0x3bf
000003a6 e0fc                BCR      STATUS, BK0
000003a7 febe                MOVR     0x41, ToAcc
000003a8 ff05                MOVAR    0x7a
000003a9 e0fc                BCR      STATUS, BK0
000003aa febd                MOVR     0x42, ToAcc
000003ab ff06                MOVAR    0x79
000003ac e0fc                BCR      STATUS, BK0
000003ad febc                MOVR     0x43, ToAcc
000003ae d323                LCALL    0x4dc; __gptrget=0x4dc
000003af e0fc                BCR      STATUS, BK0
000003b0 ff3f                MOVAR    0x40
000003b1 e0fc                BCR      STATUS, BK0
000003b2 fa3e                INCR     0x41, ToReg
000003b3 f6fc                BTRSS    STATUS, Z
000003b4 c448                LGOTO    0x3b7; bsp_cs1630.o:_00001_DS_=0x3b7
000003b5 e0fc                BCR      STATUS, BK0
000003b6 fa3d                INCR     0x42, ToReg
bsp_cs1630.o:_00001_DS_:
000003b7 f6fc                BTRSS    STATUS, Z
000003b8 c444                LGOTO    0x3bb; bsp_cs1630.o:_00002_DS_=0x3bb
000003b9 e0fc                BCR      STATUS, BK0
000003ba fa3c                INCR     0x43, ToReg
bsp_cs1630.o:_00002_DS_:
000003bb e0fc                BCR      STATUS, BK0
000003bc febf                MOVR     0x40, ToAcc
000003bd d55b                LCALL    0x2a4; _SPI_SendByte=0x2a4
000003be c463                LGOTO    0x39c; bsp_cs1630.o:_02029_DS_=0x39c
bsp_cs1630.o:_02032_DS_:
000003bf e77a                BSR      PORTA, PA1
000003c0 defe                MOVIA    0x1
000003c1 d2ef                LCALL    0x510; _delay_us=0x510
000003c2 ffef                RET
___cinit_load__:
___cinit_run__:
000003c3 e0fc                BCR      STATUS, BK0
000003c4 fd15                CLRR     0x6a
000003c5 fd14                CLRR     0x6b
000003c6 fd13                CLRR     0x6c
000003c7 fd12                CLRR     0x6d
000003c8 fd10                CLRR     0x6f
000003c9 de00                MOVIA    0xff
000003ca ff11                MOVAR    0x6e
000003cb e4fc                BSR      STATUS, BK0
000003cc fd58                CLRR     0x27
000003cd fd57                CLRR     0x28
000003ce fd4b                CLRR     0x34
000003cf fd4a                CLRR     0x35
000003d0 fd49                CLRR     0x36
000003d1 fd48                CLRR     0x37
000003d2 fd47                CLRR     0x38
000003d3 fd46                CLRR     0x39
000003d4 fd45                CLRR     0x3a
000003d5 fd44                CLRR     0x3b
000003d6 fd43                CLRR     0x3c
000003d7 fd42                CLRR     0x3d
000003d8 fd41                CLRR     0x3e
000003d9 fd40                CLRR     0x3f
000003da defe                MOVIA    0x1
000003db ff5e                MOVAR    0x21
000003dc defd                MOVIA    0x2
000003dd ff5f                MOVAR    0x20
000003de def9                MOVIA    0x6
000003df ff5d                MOVAR    0x22
000003e0 deef                MOVIA    0x10
000003e1 ff5c                MOVAR    0x23
000003e2 deba                MOVIA    0x45
000003e3 ff59                MOVAR    0x26
000003e4 deab                MOVIA    0x54
000003e5 ff5a                MOVAR    0x25
000003e6 de55                MOVIA    0xaa
000003e7 ff55                MOVAR    0x2a
000003e8 de40                MOVIA    0xbf
000003e9 ff56                MOVAR    0x29
000003ea de00                MOVIA    0xff
000003eb ff5b                MOVAR    0x24
000003ec ff54                MOVAR    0x2b
000003ed ff53                MOVAR    0x2c
000003ee ff52                MOVAR    0x2d
000003ef ff51                MOVAR    0x2e
000003f0 ff50                MOVAR    0x2f
000003f1 ff4f                MOVAR    0x30
000003f2 ff4e                MOVAR    0x31
000003f3 ff4d                MOVAR    0x32
000003f4 ff4c                MOVAR    0x33
000003f5 ffef                RET
_SPI_ReadByte:
000003f6 e0fc                BCR      STATUS, BK0
000003f7 fd22                CLRR     0x5d
000003f8 dedf                MOVIA    0x20
000003f9 fff9                IOST     IOSTB
000003fa e0fc                BCR      STATUS, BK0
000003fb fd21                CLRR     0x5e
bsp_spi.o:_02070_DS_:
000003fc e3fc                BCR      STATUS, C
000003fd e0fc                BCR      STATUS, BK0
000003fe eba2                RLR      0x5d, ToAcc
000003ff e0fc                BCR      STATUS, BK0
00000400 ff20                MOVAR    0x5f
00000401 ffff                NOP
00000402 ffff                NOP
00000403 ffff                NOP
00000404 e7fa                BSR      PORTA, PA0
00000405 ffff                NOP
00000406 ffff                NOP
00000407 ffff                NOP
00000408 e0fc                BCR      STATUS, BK0
00000409 fd1f                CLRR     0x60
0000040a f179                BTRSC    PORTB, PB5
0000040b fa1f                INCR     0x60, ToReg
0000040c fe9f                MOVR     0x60, ToAcc
0000040d e0fc                BCR      STATUS, BK0
0000040e eea0                IORAR    0x5f, ToAcc
0000040f e0fc                BCR      STATUS, BK0
00000410 ff22                MOVAR    0x5d
00000411 ffff                NOP
00000412 ffff                NOP
00000413 ffff                NOP
00000414 e3fa                BCR      PORTA, PA0
00000415 ffff                NOP
00000416 ffff                NOP
00000417 ffff                NOP
00000418 ffff                NOP
00000419 e0fc                BCR      STATUS, BK0
0000041a fa21                INCR     0x5e, ToReg
0000041b def7                MOVIA    0x8
0000041c fba1                SUBAR    0x5e, ToAcc
0000041d f7fc                BTRSS    STATUS, C
0000041e c403                LGOTO    0x3fc; bsp_spi.o:_02070_DS_=0x3fc
0000041f e0fc                BCR      STATUS, BK0
00000420 fea2                MOVR     0x5d, ToAcc
00000421 ffef                RET
_CS1630_ModeSwitch:
00000422 e0fc                BCR      STATUS, BK0
00000423 ff30                MOVAR    0x4f
00000424 deff                MOVIA    0x0
00000425 d2df                LCALL    0x520; _CS1630_read_byte=0x520
00000426 e0fc                BCR      STATUS, BK0
00000427 ff2f                MOVAR    0x50
00000428 e0fc                BCR      STATUS, BK0
00000429 feb0                MOVR     0x4f, ToAcc
0000042a f2fc                BTRSC    STATUS, Z
0000042b c3cd                LGOTO    0x432; bsp_cs1630.o:_02061_DS_=0x432
0000042c de01                MOVIA    0xfe
0000042d e0fc                BCR      STATUS, BK0
0000042e efaf                ANDAR    0x50, ToAcc
0000042f e0fc                BCR      STATUS, BK0
00000430 ff2e                MOVAR    0x51
00000431 c3c8                LGOTO    0x437; bsp_cs1630.o:_02062_DS_=0x437
bsp_cs1630.o:_02061_DS_:
00000432 defe                MOVIA    0x1
00000433 e0fc                BCR      STATUS, BK0
00000434 eeaf                IORAR    0x50, ToAcc
00000435 e0fc                BCR      STATUS, BK0
00000436 ff2e                MOVAR    0x51
bsp_cs1630.o:_02062_DS_:
00000437 e0fc                BCR      STATUS, BK0
00000438 feae                MOVR     0x51, ToAcc
00000439 ff06                MOVAR    0x79
0000043a deff                MOVIA    0x0
0000043b d310                LCALL    0x4ef; _CS1630_write_byte=0x4ef
0000043c e0fc                BCR      STATUS, BK0
0000043d feb0                MOVR     0x4f, ToAcc
0000043e dbfd                XORIA    0x2
0000043f f6fc                BTRSS    STATUS, Z
00000440 c3b5                LGOTO    0x44a; bsp_cs1630.o:_02065_DS_=0x44a
00000441 def9                MOVIA    0x6
00000442 d2df                LCALL    0x520; _CS1630_read_byte=0x520
00000443 e0fc                BCR      STATUS, BK0
00000444 ff30                MOVAR    0x4f
00000445 e430                BSR      0x4f, 0x7
00000446 feb0                MOVR     0x4f, ToAcc
00000447 ff06                MOVAR    0x79
00000448 def9                MOVIA    0x6
00000449 d310                LCALL    0x4ef; _CS1630_write_byte=0x4ef
bsp_cs1630.o:_02065_DS_:
0000044a ffef                RET
_isr:
main.o:__sdcc_interrupt:
0000044b ff02                MOVAR    0x7d
0000044c eafc                SWAPR    STATUS, ToAcc
0000044d fd7c                CLRR     STATUS
0000044e ff01                MOVAR    0x7e
0000044f fef5                MOVR     PCHBUF, ToAcc
00000450 fd75                CLRR     PCHBUF
00000451 ff00                MOVAR    0x7f
00000452 fefb                MOVR     FSR, ToAcc
00000453 e0fc                BCR      STATUS, BK0
00000454 ff18                MOVAR    0x67
00000455 fe86                MOVR     0x79, ToAcc
00000456 e0fc                BCR      STATUS, BK0
00000457 ff17                MOVAR    0x68
00000458 fe85                MOVR     0x7a, ToAcc
00000459 e0fc                BCR      STATUS, BK0
0000045a ff16                MOVAR    0x69
0000045b f770                BTRSS    INTF, PABIF
0000045c c39d                LGOTO    0x462; main.o:_02007_DS_=0x462
0000045d defe                MOVIA    0x1
0000045e e0fc                BCR      STATUS, BK0
0000045f ff15                MOVAR    0x6a
00000460 de02                MOVIA    0xfd
00000461 ff70                MOVAR    INTF
main.o:_02007_DS_:
00000462 e0fc                BCR      STATUS, BK0
00000463 fe96                MOVR     0x69, ToAcc
00000464 ff05                MOVAR    0x7a
00000465 e0fc                BCR      STATUS, BK0
00000466 fe97                MOVR     0x68, ToAcc
00000467 ff06                MOVAR    0x79
00000468 e0fc                BCR      STATUS, BK0
00000469 fe98                MOVR     0x67, ToAcc
0000046a ff7b                MOVAR    FSR
0000046b fe80                MOVR     0x7f, ToAcc
0000046c ff75                MOVAR    PCHBUF
0000046d fd7c                CLRR     STATUS
0000046e ea81                SWAPR    0x7e, ToAcc
0000046f ff7c                MOVAR    STATUS
00000470 ea02                SWAPR    0x7d, ToReg
00000471 ea82                SWAPR    0x7d, ToAcc
main.o:END_OF_INTERRUPT:
00000472 ffee                RETIE
_CS1630_SendPack:
00000473 e0fc                BCR      STATUS, BK0
00000474 ff36                MOVAR    0x49
00000475 fe86                MOVR     0x79, ToAcc
00000476 e0fc                BCR      STATUS, BK0
00000477 ff33                MOVAR    0x4c
00000478 fe85                MOVR     0x7a, ToAcc
00000479 e0fc                BCR      STATUS, BK0
0000047a ff34                MOVAR    0x4b
0000047b fe84                MOVR     0x7b, ToAcc
0000047c e0fc                BCR      STATUS, BK0
0000047d ff35                MOVAR    0x4a
0000047e fe83                MOVR     0x7c, ToAcc
0000047f e0fc                BCR      STATUS, BK0
00000480 ff32                MOVAR    0x4d
00000481 def8                MOVIA    0x7
00000482 d2df                LCALL    0x520; _CS1630_read_byte=0x520
00000483 e0fc                BCR      STATUS, BK0
00000484 ff31                MOVAR    0x4e
00000485 f3b1                BTRSC    0x4e, 0x0
00000486 c369                LGOTO    0x496; bsp_cs1630.o:_02055_DS_=0x496
00000487 e0fc                BCR      STATUS, BK0
00000488 feb2                MOVR     0x4d, ToAcc
00000489 ff03                MOVAR    0x7c
0000048a e0fc                BCR      STATUS, BK0
0000048b feb5                MOVR     0x4a, ToAcc
0000048c ff04                MOVAR    0x7b
0000048d e0fc                BCR      STATUS, BK0
0000048e feb4                MOVR     0x4b, ToAcc
0000048f ff05                MOVAR    0x7a
00000490 e0fc                BCR      STATUS, BK0
00000491 feb3                MOVR     0x4c, ToAcc
00000492 ff06                MOVAR    0x79
00000493 e0fc                BCR      STATUS, BK0
00000494 feb6                MOVR     0x49, ToAcc
00000495 d476                LCALL    0x389; _CS1630_wr_buffer=0x389
bsp_cs1630.o:_02055_DS_:
00000496 ffef                RET
_CS1630_Bank_Switch:
00000497 e0fc                BCR      STATUS, BK0
00000498 ff38                MOVAR    0x47
00000499 def8                MOVIA    0x7
0000049a d2df                LCALL    0x520; _CS1630_read_byte=0x520
0000049b e0fc                BCR      STATUS, BK0
0000049c ff37                MOVAR    0x48
0000049d e0fc                BCR      STATUS, BK0
0000049e feb8                MOVR     0x47, ToAcc
0000049f f2fc                BTRSC    STATUS, Z
000004a0 c359                LGOTO    0x4a6; bsp_cs1630.o:_02046_DS_=0x4a6
000004a1 deac                MOVIA    0x53
000004a2 ff06                MOVAR    0x79
000004a3 deaf                MOVIA    0x50
000004a4 d2ff                LCALL    0x500; _CS1630_wr_cmd=0x500
000004a5 c352                LGOTO    0x4ad; bsp_cs1630.o:_02048_DS_=0x4ad
bsp_cs1630.o:_02046_DS_:
000004a6 e0fc                BCR      STATUS, BK0
000004a7 f437                BTRSS    0x48, 0x7
000004a8 c352                LGOTO    0x4ad; bsp_cs1630.o:_02048_DS_=0x4ad
000004a9 deac                MOVIA    0x53
000004aa ff06                MOVAR    0x79
000004ab deaf                MOVIA    0x50
000004ac d2ff                LCALL    0x500; _CS1630_wr_cmd=0x500
bsp_cs1630.o:_02048_DS_:
000004ad ffef                RET
_delay_ms:
000004ae e0fc                BCR      STATUS, BK0
000004af ff2b                MOVAR    0x54
000004b0 e0fc                BCR      STATUS, BK0
000004b1 fd2a                CLRR     0x55
bsp_delay.o:_02011_DS_:
000004b2 e0fc                BCR      STATUS, BK0
000004b3 feab                MOVR     0x54, ToAcc
000004b4 e0fc                BCR      STATUS, BK0
000004b5 fbaa                SUBAR    0x55, ToAcc
000004b6 f3fc                BTRSC    STATUS, C
000004b7 c33b                LGOTO    0x4c4; bsp_delay.o:_02013_DS_=0x4c4
000004b8 de01                MOVIA    0xfe
000004b9 e0fc                BCR      STATUS, BK0
000004ba ff29                MOVAR    0x56
bsp_delay.o:_02009_DS_:
000004bb ffff                NOP
000004bc e0fc                BCR      STATUS, BK0
000004bd f929                DECR     0x56, ToReg
000004be fea9                MOVR     0x56, ToAcc
000004bf f6fc                BTRSS    STATUS, Z
000004c0 c344                LGOTO    0x4bb; bsp_delay.o:_02009_DS_=0x4bb
000004c1 e0fc                BCR      STATUS, BK0
000004c2 fa2a                INCR     0x55, ToReg
000004c3 c34d                LGOTO    0x4b2; bsp_delay.o:_02011_DS_=0x4b2
bsp_delay.o:_02013_DS_:
000004c4 ffef                RET
_CS1630_init_main:
000004c5 d667                LCALL    0x198; _CS1630_Init=0x198
000004c6 d293                LCALL    0x56c; _CS1630_CE_Low=0x56c
000004c7 defe                MOVIA    0x1
000004c8 d3dd                LCALL    0x422; _CS1630_ModeSwitch=0x422
000004c9 defb                MOVIA    0x4
000004ca ff06                MOVAR    0x79
000004cb dee2                MOVIA    0x1d
000004cc d310                LCALL    0x4ef; _CS1630_write_byte=0x4ef
000004cd def0                MOVIA    0xf
000004ce ff06                MOVAR    0x79
000004cf deff                MOVIA    0x0
000004d0 d310                LCALL    0x4ef; _CS1630_write_byte=0x4ef
000004d1 defb                MOVIA    0x4
000004d2 ff06                MOVAR    0x79
000004d3 dee1                MOVIA    0x1e
000004d4 d310                LCALL    0x4ef; _CS1630_write_byte=0x4ef
000004d5 def2                MOVIA    0xd
000004d6 ff06                MOVAR    0x79
000004d7 deff                MOVIA    0x0
000004d8 d310                LCALL    0x4ef; _CS1630_write_byte=0x4ef
000004d9 defd                MOVIA    0x2
000004da d351                LCALL    0x4ae; _delay_ms=0x4ae
000004db ffef                RET
__gptrget:
__gptrget1:
000004dc dbff                XORIA    0x0
000004dd f2fc                BTRSC    STATUS, Z
000004de c31c                LGOTO    0x4e3; _gptrget1.o:__dataptrget1=0x4e3
000004df db7f                XORIA    0x80
000004e0 f2fc                BTRSC    STATUS, Z
000004e1 c315                LGOTO    0x4ea; __codeptrget1=0x4ea
000004e2 dfff                RETIA    0x0
_gptrget1.o:__dataptrget1:
000004e3 fe85                MOVR     0x7a, ToAcc
000004e4 ff7b                MOVAR    FSR
000004e5 e0fc                BCR      STATUS, BK0
000004e6 f005                BTRSC    0x7a, 0x7
000004e7 e4fc                BSR      STATUS, BK0
000004e8 feff                MOVR     INDF, ToAcc
000004e9 ffef                RET
__codeptrget1:
000004ea fe86                MOVR     0x79, ToAcc
000004eb ffb8                SFUN     TBHP
000004ec fe85                MOVR     0x7a, ToAcc
000004ed fdee                TABLEA
000004ee ffef                RET
_CS1630_write_byte:
000004ef e0fc                BCR      STATUS, BK0
000004f0 ff41                MOVAR    0x3e
000004f1 fe86                MOVR     0x79, ToAcc
000004f2 e0fc                BCR      STATUS, BK0
000004f3 ff40                MOVAR    0x3f
000004f4 e37a                BCR      PORTA, PA1
000004f5 e0fc                BCR      STATUS, BK0
000004f6 e541                BSR      0x3e, 0x5
000004f7 fec1                MOVR     0x3e, ToAcc
000004f8 d55b                LCALL    0x2a4; _SPI_SendByte=0x2a4
000004f9 e0fc                BCR      STATUS, BK0
000004fa fec0                MOVR     0x3f, ToAcc
000004fb d55b                LCALL    0x2a4; _SPI_SendByte=0x2a4
000004fc e77a                BSR      PORTA, PA1
000004fd defe                MOVIA    0x1
000004fe d2ef                LCALL    0x510; _delay_us=0x510
000004ff ffef                RET
_CS1630_wr_cmd:
00000500 e0fc                BCR      STATUS, BK0
00000501 ff3a                MOVAR    0x45
00000502 fe86                MOVR     0x79, ToAcc
00000503 e0fc                BCR      STATUS, BK0
00000504 ff39                MOVAR    0x46
00000505 e37a                BCR      PORTA, PA1
00000506 e0fc                BCR      STATUS, BK0
00000507 feba                MOVR     0x45, ToAcc
00000508 d55b                LCALL    0x2a4; _SPI_SendByte=0x2a4
00000509 e0fc                BCR      STATUS, BK0
0000050a feb9                MOVR     0x46, ToAcc
0000050b d55b                LCALL    0x2a4; _SPI_SendByte=0x2a4
0000050c e77a                BSR      PORTA, PA1
0000050d defe                MOVIA    0x1
0000050e d2ef                LCALL    0x510; _delay_us=0x510
0000050f ffef                RET
_delay_us:
00000510 e0fc                BCR      STATUS, BK0
00000511 ff28                MOVAR    0x57
00000512 defe                MOVIA    0x1
00000513 e0fc                BCR      STATUS, BK0
00000514 ff27                MOVAR    0x58
bsp_delay.o:_02024_DS_:
00000515 e0fc                BCR      STATUS, BK0
00000516 fea7                MOVR     0x58, ToAcc
00000517 e0fc                BCR      STATUS, BK0
00000518 fba8                SUBAR    0x57, ToAcc
00000519 f7fc                BTRSS    STATUS, C
0000051a c2e0                LGOTO    0x51f; bsp_delay.o:_02026_DS_=0x51f
0000051b ffff                NOP
0000051c e0fc                BCR      STATUS, BK0
0000051d fa27                INCR     0x58, ToReg
0000051e c2ea                LGOTO    0x515; bsp_delay.o:_02024_DS_=0x515
bsp_delay.o:_02026_DS_:
0000051f ffef                RET
_CS1630_read_byte:
00000520 e0fc                BCR      STATUS, BK0
00000521 ff42                MOVAR    0x3d
00000522 e37a                BCR      PORTA, PA1
00000523 fec2                MOVR     0x3d, ToAcc
00000524 d55b                LCALL    0x2a4; _SPI_SendByte=0x2a4
00000525 d409                LCALL    0x3f6; _SPI_ReadByte=0x3f6
00000526 e0fc                BCR      STATUS, BK0
00000527 ff42                MOVAR    0x3d
00000528 e77a                BSR      PORTA, PA1
00000529 defe                MOVIA    0x1
0000052a d2ef                LCALL    0x510; _delay_us=0x510
0000052b e0fc                BCR      STATUS, BK0
0000052c fec2                MOVR     0x3d, ToAcc
0000052d ffef                RET
_RF_softSPI_Init:
0000052e fdff                CLRA
0000052f fffa                IOST     IOSTA
00000530 fdff                CLRA
00000531 fffa                IOST     IOSTA
00000532 fdff                CLRA
00000533 fff9                IOST     IOSTB
00000534 ffff                NOP
00000535 ffff                NOP
00000536 ffff                NOP
00000537 e37a                BCR      PORTA, PA1
00000538 ffff                NOP
00000539 ffff                NOP
0000053a ffff                NOP
0000053b ffef                RET
_key_init:
0000053c defe                MOVIA    0x1
0000053d d351                LCALL    0x4ae; _delay_ms=0x4ae
0000053e de03                MOVIA    0xfc
0000053f fffa                IOST     IOSTA
00000540 dedc                MOVIA    0x23
00000541 fff6                IOST     APHCON
00000542 de37                MOVIA    0xc8
00000543 ff77                MOVAR    PCON
00000544 fdff                CLRA
00000545 fff9                IOST     IOSTB
00000546 d7f6                LCALL    0x9; _set_PB_low=0x9
00000547 e1f9                BCR      PORTB, PB4
00000548 ffef                RET
_toggle_key:
00000549 dec0                MOVIA    0x3f
0000054a fff6                IOST     APHCON
0000054b de17                MOVIA    0xe8
0000054c ff77                MOVAR    PCON
0000054d de3f                MOVIA    0xc0
0000054e fffa                IOST     IOSTA
0000054f d278                LCALL    0x587; _set_PA_low=0x587
00000550 def0                MOVIA    0xf
00000551 fff9                IOST     IOSTB
00000552 de0f                MOVIA    0xf0
00000553 ff73                MOVAR    BPHCON
00000554 ffef                RET
__gptrput:
__gptrput1:
00000555 dbff                XORIA    0x0
00000556 f2fc                BTRSC    STATUS, Z
00000557 c2a6                LGOTO    0x559; _gptrput1.o:__dataptrput1=0x559
00000558 ffef                RET
_gptrput1.o:__dataptrput1:
00000559 fe85                MOVR     0x7a, ToAcc
0000055a ff7b                MOVAR    FSR
0000055b e0fc                BCR      STATUS, BK0
0000055c f005                BTRSC    0x7a, 0x7
0000055d e4fc                BSR      STATUS, BK0
0000055e fe84                MOVR     0x7b, ToAcc
0000055f ff7f                MOVAR    INDF
00000560 ffef                RET
_wake_up_init:
00000561 de03                MOVIA    0xfc
00000562 ff6a                MOVAR    AWUCON
00000563 fd76                CLRR     BWUCON
00000564 de03                MOVIA    0xfc
00000565 fffa                IOST     IOSTA
00000566 dedc                MOVIA    0x23
00000567 fff6                IOST     APHCON
00000568 defd                MOVIA    0x2
00000569 ff71                MOVAR    INTE
0000056a fd70                CLRR     INTF
0000056b ffef                RET
_CS1630_CE_Low:
0000056c dee1                MOVIA    0x1e
0000056d d2df                LCALL    0x520; _CS1630_read_byte=0x520
0000056e e0fc                BCR      STATUS, BK0
0000056f ff2c                MOVAR    0x53
00000570 e22c                BCR      0x53, 0x3
00000571 feac                MOVR     0x53, ToAcc
00000572 ff06                MOVAR    0x79
00000573 dee1                MOVIA    0x1e
00000574 d310                LCALL    0x4ef; _CS1630_write_byte=0x4ef
00000575 ffef                RET
_CS1630_CE_High:
00000576 dee1                MOVIA    0x1e
00000577 d2df                LCALL    0x520; _CS1630_read_byte=0x520
00000578 e0fc                BCR      STATUS, BK0
00000579 ff2d                MOVAR    0x52
0000057a e62d                BSR      0x52, 0x3
0000057b fead                MOVR     0x52, ToAcc
0000057c ff06                MOVAR    0x79
0000057d dee1                MOVIA    0x1e
0000057e d310                LCALL    0x4ef; _CS1630_write_byte=0x4ef
0000057f ffef                RET
_CS1630_Flush_Tx:
00000580 e37a                BCR      PORTA, PA1
00000581 de1e                MOVIA    0xe1
00000582 d55b                LCALL    0x2a4; _SPI_SendByte=0x2a4
00000583 e77a                BSR      PORTA, PA1
00000584 defe                MOVIA    0x1
00000585 d2ef                LCALL    0x510; _delay_us=0x510
00000586 ffef                RET
_set_PA_low:
00000587 e2fa                BCR      PORTA, PA2
00000588 e27a                BCR      PORTA, PA3
00000589 e1fa                BCR      PORTA, PA4
0000058a e17a                BCR      PORTA, PA5
0000058b ffef                RET
app_tx.o:_channel_index:
0000058c dffd                RETIA    0x2
0000058d dfe5                RETIA    0x1a
0000058e dfaf                RETIA    0x50
_delay_40us:
0000058f def9                MOVIA    0x6
00000590 d2ef                LCALL    0x510; _delay_us=0x510
00000591 ffef                RET
_close_WDT:
00000592 e077                BCR      PCON, WDTEN
00000593 e277                BCR      PCON, LVREN
00000594 ffef                RET
_open_WDT:
00000595 e477                BSR      PCON, WDTEN
00000596 e677                BSR      PCON, LVREN
00000597 ffef                RET
__checksum:
__CHECKSUM_ADDR__:
