
                    Nyquest Technology Co., Ltd.

NYASM 2.50

    ADDR  OPCODE/VALUE              LINE   TAG  SOURCE                   STATEMENT    

                                    1-    1     	list c=on
                                    1-    2     	extern _get_rolling_code_0
                                    1-    3     	extern _get_rolling_code_1
                                    1-    4     	extern _get_rolling_code_2
                                    1-    5     	extern _get_rolling_code_3
                                    1-    7     	org 0x0e
     000E                           1-    8     _get_rolling_code_0:
     000E 2000                      1-    9     		retia	0x00		; address = 0x0e
     000F                           1-   11     _get_rolling_code_1:
     000F 2000                      1-   12     		retia	0x00		; address = 0x0f
     0010                           1-   14     _get_rolling_code_2:
     0010 2000                      1-   15     		retia	0x00		; address = 0x10
     0011                           1-   17     _get_rolling_code_3:
     0011 2000                      1-   18     		retia	0x00		; address = 0x11
                                    1-   20     	end

SYMBOL TABLE            TYPE     VALUE
__pin_count__           Constant 0000000E
__processor__           Constant 00800544
ENABLE_RAM_BANK         Constant 00000001


SOURCE FILE TABLE
001 rom.s

PROCESSOR    = NY8A054E (8 bits)
PROGRAM ROM  = 0x00000000 - 0x000007FF
DATA ROM     = 0x00000000 - 0x000007FF
SRAM / SFR   = 0x00000000 - 0x00000000
